[2018-05-28 21:25:21.980] [exthost1] [info] extension host started
[2018-05-28 21:25:22.018] [exthost1] [info] ExtensionService#_doActivateExtension vscode.emmet {"startup":true,"activationEvent":"*"}
[2018-05-28 21:25:22.018] [exthost1] [info] ExtensionService#loadCommonJSModule /snap/vscode/37/usr/share/code/resources/app/extensions/emmet/out/extension
[2018-05-28 21:25:22.139] [exthost1] [info] ExtensionService#_doActivateExtension vscode.git {"startup":true,"activationEvent":"*"}
[2018-05-28 21:25:22.139] [exthost1] [info] ExtensionService#loadCommonJSModule /snap/vscode/37/usr/share/code/resources/app/extensions/git/out/main
[2018-05-28 21:25:22.409] [exthost1] [info] ExtensionService#_doActivateExtension vscode.merge-conflict {"startup":true,"activationEvent":"*"}
[2018-05-28 21:25:22.409] [exthost1] [info] ExtensionService#loadCommonJSModule /snap/vscode/37/usr/share/code/resources/app/extensions/merge-conflict/out/extension
[2018-05-28 21:25:22.426] [exthost1] [info] ExtensionService#_doActivateExtension Equinusocio.vsc-material-theme {"startup":true,"activationEvent":"*"}
[2018-05-28 21:25:22.426] [exthost1] [info] ExtensionService#loadCommonJSModule /home/humble_d/.vscode/extensions/Equinusocio.vsc-material-theme-2.1.0/extensions/material.theme.config.js
[2018-05-28 21:25:22.437] [exthost1] [info] ExtensionService#_doActivateExtension PKief.material-icon-theme {"startup":true,"activationEvent":"*"}
[2018-05-28 21:25:22.437] [exthost1] [info] ExtensionService#loadCommonJSModule /home/humble_d/.vscode/extensions/PKief.material-icon-theme-3.4.0/out/src/extension
[2018-05-28 21:25:22.493] [exthost1] [info] ExtensionService#_doActivateExtension Shan.code-settings-sync {"startup":true,"activationEvent":"*"}
[2018-05-28 21:25:22.493] [exthost1] [info] ExtensionService#loadCommonJSModule /home/humble_d/.vscode/extensions/Shan.code-settings-sync-2.9.2/out/src/extension
[2018-05-28 21:25:22.809] [exthost1] [info] ExtensionService#_doActivateExtension christian-kohler.path-intellisense {"startup":true,"activationEvent":"*"}
[2018-05-28 21:25:22.809] [exthost1] [info] ExtensionService#loadCommonJSModule /home/humble_d/.vscode/extensions/christian-kohler.path-intellisense-1.4.2/out/src/extension
[2018-05-28 21:25:22.824] [exthost1] [info] ExtensionService#_doActivateExtension dbaeumer.vscode-eslint {"startup":true,"activationEvent":"*"}
[2018-05-28 21:25:22.824] [exthost1] [info] ExtensionService#loadCommonJSModule /home/humble_d/.vscode/extensions/dbaeumer.vscode-eslint-1.4.10/client/out/extension
[2018-05-28 21:25:22.873] [exthost1] [info] ExtensionService#_doActivateExtension sfodje.perltidy {"startup":true,"activationEvent":"*"}
[2018-05-28 21:25:22.873] [exthost1] [info] ExtensionService#loadCommonJSModule /home/humble_d/.vscode/extensions/sfodje.perltidy-1.3.0/out/src/extension
[2018-05-28 21:25:22.880] [exthost1] [info] ExtensionService#_doActivateExtension vscode.npm {"startup":true,"activationEvent":"workspaceContains:package.json"}
[2018-05-28 21:25:22.880] [exthost1] [info] ExtensionService#loadCommonJSModule /snap/vscode/37/usr/share/code/resources/app/extensions/npm/out/main
[2018-05-28 21:25:22.929] [exthost1] [info] ExtensionService#_doActivateExtension vscode.typescript-language-features {"startup":false,"activationEvent":"onLanguage:javascript"}
[2018-05-28 21:25:22.929] [exthost1] [info] ExtensionService#loadCommonJSModule /snap/vscode/37/usr/share/code/resources/app/extensions/typescript-language-features/out/extension
[2018-05-28 21:25:23.674] [exthost1] [info] ExtensionService#_doActivateExtension ms-vscode.node-debug2 {"startup":true,"activationEvent":"workspaceContains:**/node_modules/react-native/package.json"}
[2018-05-28 21:25:23.674] [exthost1] [info] ExtensionService#loadCommonJSModule /snap/vscode/37/usr/share/code/resources/app/extensions/ms-vscode.node-debug2/out/src/extension
[2018-05-28 21:25:23.678] [exthost1] [info] eager extensions activated
[2018-05-28 21:25:23.683] [exthost1] [info] ExtensionService#_doActivateExtension vsmobile.vscode-react-native {"startup":true,"activationEvent":"workspaceContains:**/node_modules/react-native/package.json"}
[2018-05-28 21:25:23.683] [exthost1] [info] ExtensionService#loadCommonJSModule /home/humble_d/.vscode/extensions/vsmobile.vscode-react-native-0.6.10/src/extension/rn-extension
[2018-05-28 21:25:44.350] [exthost1] [info] extension host started
[2018-05-28 21:25:44.382] [exthost1] [info] ExtensionService#_doActivateExtension vscode.emmet {"startup":true,"activationEvent":"*"}
[2018-05-28 21:25:44.382] [exthost1] [info] ExtensionService#loadCommonJSModule /snap/vscode/37/usr/share/code/resources/app/extensions/emmet/out/extension
[2018-05-28 21:25:44.450] [exthost1] [info] ExtensionService#_doActivateExtension vscode.git {"startup":true,"activationEvent":"*"}
[2018-05-28 21:25:44.450] [exthost1] [info] ExtensionService#loadCommonJSModule /snap/vscode/37/usr/share/code/resources/app/extensions/git/out/main
[2018-05-28 21:25:44.592] [exthost1] [info] ExtensionService#_doActivateExtension vscode.merge-conflict {"startup":true,"activationEvent":"*"}
[2018-05-28 21:25:44.592] [exthost1] [info] ExtensionService#loadCommonJSModule /snap/vscode/37/usr/share/code/resources/app/extensions/merge-conflict/out/extension
[2018-05-28 21:25:44.605] [exthost1] [info] ExtensionService#_doActivateExtension Equinusocio.vsc-material-theme {"startup":true,"activationEvent":"*"}
[2018-05-28 21:25:44.605] [exthost1] [info] ExtensionService#loadCommonJSModule /home/humble_d/.vscode/extensions/Equinusocio.vsc-material-theme-2.1.0/extensions/material.theme.config.js
[2018-05-28 21:25:44.612] [exthost1] [info] ExtensionService#_doActivateExtension PKief.material-icon-theme {"startup":true,"activationEvent":"*"}
[2018-05-28 21:25:44.612] [exthost1] [info] ExtensionService#loadCommonJSModule /home/humble_d/.vscode/extensions/PKief.material-icon-theme-3.4.0/out/src/extension
[2018-05-28 21:25:44.644] [exthost1] [info] ExtensionService#_doActivateExtension Shan.code-settings-sync {"startup":true,"activationEvent":"*"}
[2018-05-28 21:25:44.644] [exthost1] [info] ExtensionService#loadCommonJSModule /home/humble_d/.vscode/extensions/Shan.code-settings-sync-2.9.2/out/src/extension
[2018-05-28 21:25:44.903] [exthost1] [info] ExtensionService#_doActivateExtension christian-kohler.path-intellisense {"startup":true,"activationEvent":"*"}
[2018-05-28 21:25:44.903] [exthost1] [info] ExtensionService#loadCommonJSModule /home/humble_d/.vscode/extensions/christian-kohler.path-intellisense-1.4.2/out/src/extension
[2018-05-28 21:25:44.910] [exthost1] [info] ExtensionService#_doActivateExtension dbaeumer.vscode-eslint {"startup":true,"activationEvent":"*"}
[2018-05-28 21:25:44.910] [exthost1] [info] ExtensionService#loadCommonJSModule /home/humble_d/.vscode/extensions/dbaeumer.vscode-eslint-1.4.10/client/out/extension
[2018-05-28 21:25:44.951] [exthost1] [info] ExtensionService#_doActivateExtension sfodje.perltidy {"startup":true,"activationEvent":"*"}
[2018-05-28 21:25:44.951] [exthost1] [info] ExtensionService#loadCommonJSModule /home/humble_d/.vscode/extensions/sfodje.perltidy-1.3.0/out/src/extension
[2018-05-28 21:25:44.957] [exthost1] [info] ExtensionService#_doActivateExtension ms-vscode.cpptools {"startup":true,"activationEvent":"workspaceContains:/.vscode/c_cpp_properties.json"}
[2018-05-28 21:25:44.957] [exthost1] [info] ExtensionService#loadCommonJSModule /home/humble_d/.vscode/extensions/ms-vscode.cpptools-0.17.3/out/src/main
[2018-05-28 21:25:45.497] [exthost1] [info] eager extensions activated
