[2018-05-28 21:25:20.289] [sharedprocess] [info] main {"machineId":"9a9c898b4fc5c6db4f0556946ebf81be89e1ea17d22c85309a73d7d07d400d4c"}
[2018-05-28 21:25:20.408] [sharedprocess] [info] Scanned user extensions: 16
[2018-05-28 21:25:20.544] [sharedprocess] [info] Deleted from disk whizkydee.material-palenight-theme-1.7.3
[2018-05-28 21:25:20.636] [sharedprocess] [info] Scanned system extensions: 69
[2018-05-28 21:25:20.651] [sharedprocess] [info] Deleted from disk Equinusocio.vsc-material-theme-2.0.1
[2018-05-28 21:25:20.651] [sharedprocess] [info] Deleted from disk dbaeumer.vscode-eslint-1.4.9
[2018-05-28 21:25:20.651] [sharedprocess] [info] Deleted from disk ms-vscode.cpptools-0.17.1
[2018-05-28 21:25:21.138] [sharedprocess] [info] Scanned user extensions: 16
[2018-05-28 21:25:21.139] [sharedprocess] [info] Scanned user extensions: 16
[2018-05-28 21:25:21.166] [sharedprocess] [info] Scanned system extensions: 69
[2018-05-28 21:25:24.257] [sharedprocess] [info] Scanned user extensions: 16
[2018-05-28 21:25:43.703] [sharedprocess] [info] Scanned user extensions: 16
[2018-05-28 21:25:43.705] [sharedprocess] [info] Scanned user extensions: 16
[2018-05-28 21:25:43.743] [sharedprocess] [info] Scanned system extensions: 69
[2018-05-28 21:25:43.813] [sharedprocess] [info] Scanned user extensions: 16
[2018-05-28 21:25:46.804] [sharedprocess] [info] Scanned user extensions: 16
[2018-05-28 21:26:00.297] [sharedprocess] [info] Starting to clean up unused language packs.
[2018-05-28 21:27:33.302] [sharedprocess] [info] Scanned user extensions: 16
[2018-05-28 21:30:46.845] [sharedprocess] [info] Scanned user extensions: 16
[2018-05-28 21:34:13.878] [sharedprocess] [info] Scanned user extensions: 16
[2018-05-28 21:35:46.878] [sharedprocess] [info] Scanned user extensions: 16
[2018-05-28 21:40:46.894] [sharedprocess] [info] Scanned user extensions: 16
[2018-05-28 21:45:47.910] [sharedprocess] [info] Scanned user extensions: 16
[2018-05-28 21:50:47.954] [sharedprocess] [info] Scanned user extensions: 16
[2018-05-28 21:55:48.002] [sharedprocess] [info] Scanned user extensions: 16
[2018-05-28 22:08:48.733] [sharedprocess] [info] Scanned user extensions: 16
[2018-05-28 22:13:49.541] [sharedprocess] [info] Scanned user extensions: 16
[2018-05-28 22:18:49.590] [sharedprocess] [info] Scanned user extensions: 16
[2018-05-28 22:23:49.628] [sharedprocess] [info] Scanned user extensions: 16
[2018-05-28 22:28:49.807] [sharedprocess] [info] Scanned user extensions: 16
[2018-05-28 22:33:49.850] [sharedprocess] [info] Scanned user extensions: 16
[2018-05-28 22:38:49.880] [sharedprocess] [info] Scanned user extensions: 16
[2018-05-28 22:43:49.909] [sharedprocess] [info] Scanned user extensions: 16
[2018-05-28 22:48:49.957] [sharedprocess] [info] Scanned user extensions: 16
[2018-05-28 22:53:49.998] [sharedprocess] [info] Scanned user extensions: 16
[2018-05-28 22:58:50.035] [sharedprocess] [info] Scanned user extensions: 16
[2018-05-29 06:20:45.884] [sharedprocess] [info] Scanned user extensions: 16
[2018-05-29 06:25:45.910] [sharedprocess] [info] Scanned user extensions: 16
[2018-05-29 06:30:45.956] [sharedprocess] [info] Scanned user extensions: 16
[2018-05-29 06:35:45.994] [sharedprocess] [info] Scanned user extensions: 16
[2018-05-29 06:40:46.030] [sharedprocess] [info] Scanned user extensions: 16
[2018-05-29 06:45:46.078] [sharedprocess] [info] Scanned user extensions: 16
[2018-05-29 06:50:46.122] [sharedprocess] [info] Scanned user extensions: 16
[2018-05-29 06:55:47.397] [sharedprocess] [info] Scanned user extensions: 16
[2018-05-29 07:00:47.435] [sharedprocess] [info] Scanned user extensions: 16
[2018-05-29 07:05:47.486] [sharedprocess] [info] Scanned user extensions: 16
[2018-05-29 07:10:47.530] [sharedprocess] [info] Scanned user extensions: 16
[2018-05-29 18:58:03.527] [sharedprocess] [info] Scanned user extensions: 16
[2018-05-29 19:03:03.546] [sharedprocess] [info] Scanned user extensions: 16
[2018-05-29 19:08:03.583] [sharedprocess] [info] Scanned user extensions: 16
[2018-05-29 19:13:04.841] [sharedprocess] [info] Scanned user extensions: 16
[2018-05-29 19:18:04.861] [sharedprocess] [info] Scanned user extensions: 16
[2018-05-29 19:23:04.902] [sharedprocess] [info] Scanned user extensions: 16
[2018-05-29 19:28:04.946] [sharedprocess] [info] Scanned user extensions: 16
[2018-05-30 06:10:54.118] [sharedprocess] [info] Scanned user extensions: 16
[2018-05-30 06:15:54.311] [sharedprocess] [info] Scanned user extensions: 16
[2018-05-30 19:08:27.574] [sharedprocess] [info] Scanned user extensions: 16
[2018-05-30 19:13:27.620] [sharedprocess] [info] Scanned user extensions: 16
[2018-05-30 19:18:27.666] [sharedprocess] [info] Scanned user extensions: 16
[2018-05-30 19:23:27.719] [sharedprocess] [info] Scanned user extensions: 16
[2018-05-30 19:28:27.771] [sharedprocess] [info] Scanned user extensions: 16
[2018-05-30 19:33:27.812] [sharedprocess] [info] Scanned user extensions: 16
[2018-05-30 19:38:27.859] [sharedprocess] [info] Scanned user extensions: 16
[2018-05-30 19:43:30.110] [sharedprocess] [info] Scanned user extensions: 16
[2018-05-30 19:48:30.150] [sharedprocess] [info] Scanned user extensions: 16
[2018-05-30 19:53:30.190] [sharedprocess] [info] Scanned user extensions: 16
[2018-05-30 19:58:30.235] [sharedprocess] [info] Scanned user extensions: 16
[2018-05-30 20:03:30.273] [sharedprocess] [info] Scanned user extensions: 16
[2018-05-30 20:08:30.471] [sharedprocess] [info] Scanned user extensions: 16
[2018-05-30 20:13:30.520] [sharedprocess] [info] Scanned user extensions: 16
[2018-05-30 20:18:30.539] [sharedprocess] [info] Scanned user extensions: 16
[2018-05-30 20:23:30.570] [sharedprocess] [info] Scanned user extensions: 16
[2018-05-30 20:28:30.601] [sharedprocess] [info] Scanned user extensions: 16
[2018-05-30 20:33:30.640] [sharedprocess] [info] Scanned user extensions: 16
[2018-05-30 20:38:30.677] [sharedprocess] [info] Scanned user extensions: 16
[2018-05-30 20:43:30.713] [sharedprocess] [info] Scanned user extensions: 16
[2018-05-30 20:52:26.638] [sharedprocess] [info] Scanned user extensions: 16
[2018-05-30 20:57:26.676] [sharedprocess] [info] Scanned user extensions: 16
[2018-05-30 21:02:26.717] [sharedprocess] [info] Scanned user extensions: 16
[2018-05-30 21:07:26.757] [sharedprocess] [info] Scanned user extensions: 16
[2018-05-30 21:12:27.257] [sharedprocess] [info] Scanned user extensions: 16
[2018-05-30 21:17:27.305] [sharedprocess] [info] Scanned user extensions: 16
[2018-05-30 21:22:27.343] [sharedprocess] [info] Scanned user extensions: 16
[2018-05-30 21:27:28.043] [sharedprocess] [info] Scanned user extensions: 16
[2018-05-30 21:32:28.080] [sharedprocess] [info] Scanned user extensions: 16
[2018-05-30 21:37:28.107] [sharedprocess] [info] Scanned user extensions: 16
[2018-05-30 21:42:28.154] [sharedprocess] [info] Scanned user extensions: 16
[2018-05-30 21:47:28.175] [sharedprocess] [info] Scanned user extensions: 16
[2018-05-30 21:52:28.215] [sharedprocess] [info] Scanned user extensions: 16
[2018-05-30 21:57:28.242] [sharedprocess] [info] Scanned user extensions: 16
[2018-05-30 22:02:28.287] [sharedprocess] [info] Scanned user extensions: 16
[2018-05-30 22:07:28.329] [sharedprocess] [info] Scanned user extensions: 16
[2018-05-30 22:12:28.536] [sharedprocess] [info] Scanned user extensions: 16
[2018-05-30 22:17:28.563] [sharedprocess] [info] Scanned user extensions: 16
[2018-05-30 22:22:28.597] [sharedprocess] [info] Scanned user extensions: 16
[2018-05-30 22:27:28.634] [sharedprocess] [info] Scanned user extensions: 16
[2018-05-30 22:32:28.653] [sharedprocess] [info] Scanned user extensions: 16
[2018-05-30 22:37:28.686] [sharedprocess] [info] Scanned user extensions: 16
[2018-05-31 18:49:34.163] [sharedprocess] [info] Scanned user extensions: 16
[2018-05-31 18:54:34.202] [sharedprocess] [info] Scanned user extensions: 16
[2018-05-31 18:59:34.252] [sharedprocess] [info] Scanned user extensions: 16
[2018-05-31 19:04:34.289] [sharedprocess] [info] Scanned user extensions: 16
[2018-05-31 19:09:34.329] [sharedprocess] [info] Scanned user extensions: 16
[2018-05-31 19:14:34.365] [sharedprocess] [info] Scanned user extensions: 16
[2018-05-31 19:19:35.842] [sharedprocess] [info] Scanned user extensions: 16
[2018-05-31 19:24:35.878] [sharedprocess] [info] Scanned user extensions: 16
[2018-05-31 19:29:35.923] [sharedprocess] [info] Scanned user extensions: 16
[2018-05-31 19:34:35.962] [sharedprocess] [info] Scanned user extensions: 16
[2018-05-31 19:39:35.987] [sharedprocess] [info] Scanned user extensions: 16
[2018-05-31 19:44:36.036] [sharedprocess] [info] Scanned user extensions: 16
[2018-05-31 19:49:36.221] [sharedprocess] [info] Scanned user extensions: 16
[2018-05-31 19:54:36.270] [sharedprocess] [info] Scanned user extensions: 16
[2018-05-31 19:59:36.291] [sharedprocess] [info] Scanned user extensions: 16
[2018-05-31 20:04:36.325] [sharedprocess] [info] Scanned user extensions: 16
[2018-05-31 20:09:36.359] [sharedprocess] [info] Scanned user extensions: 16
[2018-05-31 20:14:36.396] [sharedprocess] [info] Scanned user extensions: 16
[2018-05-31 20:19:36.454] [sharedprocess] [info] Scanned user extensions: 16
[2018-05-31 20:24:36.502] [sharedprocess] [info] Scanned user extensions: 16
[2018-05-31 20:29:36.540] [sharedprocess] [info] Scanned user extensions: 16
[2018-05-31 20:34:36.572] [sharedprocess] [info] Scanned user extensions: 16
[2018-05-31 20:39:36.609] [sharedprocess] [info] Scanned user extensions: 16
[2018-05-31 20:44:36.650] [sharedprocess] [info] Scanned user extensions: 16
[2018-05-31 20:49:36.845] [sharedprocess] [info] Scanned user extensions: 16
[2018-05-31 20:54:36.882] [sharedprocess] [info] Scanned user extensions: 16
[2018-05-31 20:59:36.917] [sharedprocess] [info] Scanned user extensions: 16
[2018-05-31 21:04:36.960] [sharedprocess] [info] Scanned user extensions: 16
[2018-05-31 21:09:36.997] [sharedprocess] [info] Scanned user extensions: 16
[2018-05-31 21:14:37.041] [sharedprocess] [info] Scanned user extensions: 16
[2018-05-31 21:19:37.082] [sharedprocess] [info] Scanned user extensions: 16
[2018-05-31 21:24:37.126] [sharedprocess] [info] Scanned user extensions: 16
[2018-05-31 21:29:37.165] [sharedprocess] [info] Scanned user extensions: 16
[2018-05-31 21:34:37.204] [sharedprocess] [info] Scanned user extensions: 16
[2018-05-31 21:39:37.243] [sharedprocess] [info] Scanned user extensions: 16
[2018-05-31 21:44:37.290] [sharedprocess] [info] Scanned user extensions: 16
[2018-05-31 21:49:37.471] [sharedprocess] [info] Scanned user extensions: 16
[2018-05-31 21:54:37.515] [sharedprocess] [info] Scanned user extensions: 16
[2018-05-31 21:59:37.555] [sharedprocess] [info] Scanned user extensions: 16
[2018-05-31 22:04:37.594] [sharedprocess] [info] Scanned user extensions: 16
[2018-05-31 22:09:37.637] [sharedprocess] [info] Scanned user extensions: 16
[2018-05-31 22:14:37.681] [sharedprocess] [info] Scanned user extensions: 16
[2018-05-31 22:19:37.723] [sharedprocess] [info] Scanned user extensions: 16
[2018-05-31 22:24:37.764] [sharedprocess] [info] Scanned user extensions: 16
[2018-05-31 22:29:37.798] [sharedprocess] [info] Scanned user extensions: 16
[2018-05-31 22:34:37.816] [sharedprocess] [info] Scanned user extensions: 16
[2018-05-31 22:39:37.839] [sharedprocess] [info] Scanned user extensions: 16
[2018-05-31 22:44:37.853] [sharedprocess] [info] Scanned user extensions: 16
[2018-05-31 22:49:38.441] [sharedprocess] [info] Scanned user extensions: 16
[2018-05-31 22:54:38.480] [sharedprocess] [info] Scanned user extensions: 16
[2018-05-31 22:59:38.505] [sharedprocess] [info] Scanned user extensions: 16
[2018-05-31 23:04:38.543] [sharedprocess] [info] Scanned user extensions: 16
[2018-05-31 23:09:38.612] [sharedprocess] [info] Scanned user extensions: 16
[2018-05-31 23:14:38.644] [sharedprocess] [info] Scanned user extensions: 16
[2018-05-31 23:19:38.683] [sharedprocess] [info] Scanned user extensions: 16
[2018-05-31 23:24:38.719] [sharedprocess] [info] Scanned user extensions: 16
[2018-05-31 23:29:38.767] [sharedprocess] [info] Scanned user extensions: 16
[2018-05-31 23:34:38.801] [sharedprocess] [info] Scanned user extensions: 16
[2018-05-31 23:39:38.836] [sharedprocess] [info] Scanned user extensions: 16
[2018-05-31 23:44:38.887] [sharedprocess] [info] Scanned user extensions: 16
[2018-06-01 18:57:40.745] [sharedprocess] [info] Scanned user extensions: 16
[2018-06-01 19:02:40.790] [sharedprocess] [info] Scanned user extensions: 16
[2018-06-01 19:07:40.814] [sharedprocess] [info] Scanned user extensions: 16
[2018-06-01 19:12:40.834] [sharedprocess] [info] Scanned user extensions: 16
[2018-06-01 19:17:12.287] [sharedprocess] [info] Installing extension: material-icon-theme
[2018-06-01 19:17:12.288] [sharedprocess] [info] Installing extension: cpptools
[2018-06-01 19:17:12.289] [sharedprocess] [info] Installing extension: java
[2018-06-01 19:17:12.355] [sharedprocess] [info] Scanned user extensions: 16
[2018-06-01 19:17:12.365] [sharedprocess] [info] Scanned user extensions: 16
[2018-06-01 19:17:12.372] [sharedprocess] [info] Scanned user extensions: 16
[2018-06-01 19:17:13.829] [sharedprocess] [info] Downloaded extension: material-icon-theme
[2018-06-01 19:17:14.255] [sharedprocess] [info] Downloaded extension: cpptools
[2018-06-01 19:17:14.590] [sharedprocess] [info] Extracted extension to /home/humble_d/.vscode/extensions/.PKief.material-icon-theme-3.5.0: PKief.material-icon-theme-3.5.0
[2018-06-01 19:17:14.591] [sharedprocess] [info] Renamed to /home/humble_d/.vscode/extensions/PKief.material-icon-theme-3.5.0
[2018-06-01 19:17:14.591] [sharedprocess] [info] Installation completed. PKief.material-icon-theme-3.5.0
[2018-06-01 19:17:14.611] [sharedprocess] [info] Extensions installed successfully: PKief.material-icon-theme
[2018-06-01 19:17:14.749] [sharedprocess] [info] Scanned user extensions: 16
[2018-06-01 19:17:14.778] [sharedprocess] [info] Scanned system extensions: 69
[2018-06-01 19:17:15.004] [sharedprocess] [info] Extracted extension to /home/humble_d/.vscode/extensions/.ms-vscode.cpptools-0.17.4: ms-vscode.cpptools-0.17.4
[2018-06-01 19:17:15.004] [sharedprocess] [info] Renamed to /home/humble_d/.vscode/extensions/ms-vscode.cpptools-0.17.4
[2018-06-01 19:17:15.004] [sharedprocess] [info] Installation completed. ms-vscode.cpptools-0.17.4
[2018-06-01 19:17:15.023] [sharedprocess] [info] Extensions installed successfully: ms-vscode.cpptools
[2018-06-01 19:17:15.173] [sharedprocess] [info] Scanned user extensions: 16
[2018-06-01 19:17:15.195] [sharedprocess] [info] Scanned system extensions: 69
[2018-06-01 19:17:24.194] [sharedprocess] [info] Downloaded extension: java
[2018-06-01 19:17:24.885] [sharedprocess] [info] Extracted extension to /home/humble_d/.vscode/extensions/.redhat.java-0.26.0: redhat.java-0.26.0
[2018-06-01 19:17:24.885] [sharedprocess] [info] Renamed to /home/humble_d/.vscode/extensions/redhat.java-0.26.0
[2018-06-01 19:17:24.885] [sharedprocess] [info] Installation completed. redhat.java-0.26.0
[2018-06-01 19:17:24.894] [sharedprocess] [info] Extensions installed successfully: redhat.java
[2018-06-01 19:17:25.080] [sharedprocess] [info] Scanned user extensions: 16
[2018-06-01 19:17:25.112] [sharedprocess] [info] Scanned system extensions: 69
[2018-06-01 19:17:40.895] [sharedprocess] [info] Scanned user extensions: 16
[2018-06-01 19:22:40.949] [sharedprocess] [info] Scanned user extensions: 16
[2018-06-01 19:27:41.001] [sharedprocess] [info] Scanned user extensions: 16
[2018-06-01 19:32:41.969] [sharedprocess] [info] Scanned user extensions: 16
[2018-06-01 19:37:42.017] [sharedprocess] [info] Scanned user extensions: 16
[2018-06-01 19:42:42.072] [sharedprocess] [info] Scanned user extensions: 16
[2018-06-01 19:47:42.121] [sharedprocess] [info] Scanned user extensions: 16
[2018-06-01 19:52:42.172] [sharedprocess] [info] Scanned user extensions: 16
[2018-06-01 19:57:42.366] [sharedprocess] [info] Scanned user extensions: 16
[2018-06-01 20:02:42.384] [sharedprocess] [info] Scanned user extensions: 16
[2018-06-01 20:07:42.416] [sharedprocess] [info] Scanned user extensions: 16
[2018-06-01 20:12:42.440] [sharedprocess] [info] Scanned user extensions: 16
[2018-06-01 20:17:42.475] [sharedprocess] [info] Scanned user extensions: 16
[2018-06-01 20:22:42.542] [sharedprocess] [info] Scanned user extensions: 16
[2018-06-01 20:27:42.594] [sharedprocess] [info] Scanned user extensions: 16
[2018-06-01 20:32:42.649] [sharedprocess] [info] Scanned user extensions: 16
[2018-06-01 20:37:42.704] [sharedprocess] [info] Scanned user extensions: 16
[2018-06-01 20:42:42.768] [sharedprocess] [info] Scanned user extensions: 16
[2018-06-01 20:47:42.802] [sharedprocess] [info] Scanned user extensions: 16
[2018-06-01 20:52:42.846] [sharedprocess] [info] Scanned user extensions: 16
[2018-06-01 20:57:43.125] [sharedprocess] [info] Scanned user extensions: 16
[2018-06-01 21:02:43.185] [sharedprocess] [info] Scanned user extensions: 16
[2018-06-01 21:07:43.235] [sharedprocess] [info] Scanned user extensions: 16
[2018-06-01 21:12:43.283] [sharedprocess] [info] Scanned user extensions: 16
[2018-06-01 21:17:43.328] [sharedprocess] [info] Scanned user extensions: 16
[2018-06-01 21:22:43.373] [sharedprocess] [info] Scanned user extensions: 16
[2018-06-01 21:27:43.426] [sharedprocess] [info] Scanned user extensions: 16
[2018-06-01 21:32:43.490] [sharedprocess] [info] Scanned user extensions: 16
[2018-06-01 21:37:43.537] [sharedprocess] [info] Scanned user extensions: 16
[2018-06-01 22:29:13.908] [sharedprocess] [info] Scanned user extensions: 16
[2018-06-01 22:34:13.934] [sharedprocess] [info] Scanned user extensions: 16
[2018-06-01 22:39:13.976] [sharedprocess] [info] Scanned user extensions: 16
[2018-06-01 22:44:14.021] [sharedprocess] [info] Scanned user extensions: 16
[2018-06-01 22:49:14.057] [sharedprocess] [info] Scanned user extensions: 16
[2018-06-01 22:54:14.105] [sharedprocess] [info] Scanned user extensions: 16
[2018-06-01 22:59:14.136] [sharedprocess] [info] Scanned user extensions: 16
[2018-06-01 23:04:15.129] [sharedprocess] [info] Scanned user extensions: 16
[2018-06-01 23:09:15.172] [sharedprocess] [info] Scanned user extensions: 16
[2018-06-01 23:14:15.223] [sharedprocess] [info] Scanned user extensions: 16
[2018-06-01 23:19:15.251] [sharedprocess] [info] Scanned user extensions: 16
[2018-06-01 23:24:15.288] [sharedprocess] [info] Scanned user extensions: 16
[2018-06-02 01:56:43.292] [sharedprocess] [info] Scanned user extensions: 16
[2018-06-02 02:01:43.481] [sharedprocess] [info] Scanned user extensions: 16
[2018-06-02 02:06:43.506] [sharedprocess] [info] Scanned user extensions: 16
[2018-06-02 02:11:43.528] [sharedprocess] [info] Scanned user extensions: 16
[2018-06-02 02:16:43.547] [sharedprocess] [info] Scanned user extensions: 16
[2018-06-02 02:21:43.599] [sharedprocess] [info] Scanned user extensions: 16
[2018-06-02 02:26:43.642] [sharedprocess] [info] Scanned user extensions: 16
[2018-06-02 08:10:24.207] [sharedprocess] [info] Scanned user extensions: 16
[2018-06-02 08:15:24.252] [sharedprocess] [info] Scanned user extensions: 16
[2018-06-02 08:20:24.298] [sharedprocess] [info] Scanned user extensions: 16
[2018-06-02 08:25:24.349] [sharedprocess] [info] Scanned user extensions: 16
[2018-06-02 08:30:25.208] [sharedprocess] [info] Scanned user extensions: 16
[2018-06-02 08:35:25.236] [sharedprocess] [info] Scanned user extensions: 16
[2018-06-02 08:40:25.253] [sharedprocess] [info] Scanned user extensions: 16
[2018-06-02 08:45:25.271] [sharedprocess] [info] Scanned user extensions: 16
[2018-06-02 08:50:25.295] [sharedprocess] [info] Scanned user extensions: 16
[2018-06-02 08:55:25.347] [sharedprocess] [info] Scanned user extensions: 16
[2018-06-02 09:00:25.399] [sharedprocess] [info] Scanned user extensions: 16
[2018-06-02 09:05:25.447] [sharedprocess] [info] Scanned user extensions: 16
[2018-06-02 09:10:25.613] [sharedprocess] [info] Scanned user extensions: 16
[2018-06-02 09:15:25.665] [sharedprocess] [info] Scanned user extensions: 16
[2018-06-02 09:20:25.712] [sharedprocess] [info] Scanned user extensions: 16
[2018-06-02 09:25:25.766] [sharedprocess] [info] Scanned user extensions: 16
[2018-06-02 09:30:25.792] [sharedprocess] [info] Scanned user extensions: 16
[2018-06-02 09:35:25.830] [sharedprocess] [info] Scanned user extensions: 16
[2018-06-02 09:40:25.885] [sharedprocess] [info] Scanned user extensions: 16
[2018-06-02 09:45:25.933] [sharedprocess] [info] Scanned user extensions: 16
[2018-06-02 09:50:25.980] [sharedprocess] [info] Scanned user extensions: 16
[2018-06-02 09:55:26.031] [sharedprocess] [info] Scanned user extensions: 16
[2018-06-02 10:00:26.080] [sharedprocess] [info] Scanned user extensions: 16
[2018-06-02 10:05:26.132] [sharedprocess] [info] Scanned user extensions: 16
[2018-06-02 10:10:26.330] [sharedprocess] [info] Scanned user extensions: 16
[2018-06-02 10:15:26.355] [sharedprocess] [info] Scanned user extensions: 16
[2018-06-02 10:20:26.374] [sharedprocess] [info] Scanned user extensions: 16
[2018-06-02 10:25:26.409] [sharedprocess] [info] Scanned user extensions: 16
[2018-06-02 10:30:26.454] [sharedprocess] [info] Scanned user extensions: 16
[2018-06-02 10:35:26.486] [sharedprocess] [info] Scanned user extensions: 16
[2018-06-02 10:40:26.525] [sharedprocess] [info] Scanned user extensions: 16
[2018-06-02 10:45:26.569] [sharedprocess] [info] Scanned user extensions: 16
[2018-06-02 10:50:26.599] [sharedprocess] [info] Scanned user extensions: 16
[2018-06-02 10:55:26.637] [sharedprocess] [info] Scanned user extensions: 16
[2018-06-02 11:00:26.682] [sharedprocess] [info] Scanned user extensions: 16
[2018-06-02 11:05:26.726] [sharedprocess] [info] Scanned user extensions: 16
[2018-06-02 12:12:43.147] [sharedprocess] [info] Scanned user extensions: 16
[2018-06-02 12:17:43.193] [sharedprocess] [info] Scanned user extensions: 16
[2018-06-02 12:22:43.253] [sharedprocess] [info] Scanned user extensions: 16
[2018-06-02 12:27:43.284] [sharedprocess] [info] Scanned user extensions: 16
[2018-06-02 12:32:43.311] [sharedprocess] [info] Scanned user extensions: 16
[2018-06-02 12:37:43.349] [sharedprocess] [info] Scanned user extensions: 16
[2018-06-02 12:42:43.394] [sharedprocess] [info] Scanned user extensions: 16
[2018-06-02 12:47:43.432] [sharedprocess] [info] Scanned user extensions: 16
[2018-06-02 12:52:43.467] [sharedprocess] [info] Scanned user extensions: 16
[2018-06-02 12:57:43.496] [sharedprocess] [info] Scanned user extensions: 16
[2018-06-02 13:02:43.541] [sharedprocess] [info] Scanned user extensions: 16
[2018-06-02 13:07:43.587] [sharedprocess] [info] Scanned user extensions: 16
[2018-06-02 13:12:43.863] [sharedprocess] [info] Scanned user extensions: 16
[2018-06-02 13:17:43.903] [sharedprocess] [info] Scanned user extensions: 16
[2018-06-02 13:22:43.947] [sharedprocess] [info] Scanned user extensions: 16
[2018-06-02 13:27:43.972] [sharedprocess] [info] Scanned user extensions: 16
[2018-06-02 13:32:44.010] [sharedprocess] [info] Scanned user extensions: 16
[2018-06-02 13:37:44.052] [sharedprocess] [info] Scanned user extensions: 16
[2018-06-02 13:42:44.104] [sharedprocess] [info] Scanned user extensions: 16
[2018-06-02 13:47:44.146] [sharedprocess] [info] Scanned user extensions: 16
[2018-06-02 13:52:44.180] [sharedprocess] [info] Scanned user extensions: 16
[2018-06-02 13:57:44.236] [sharedprocess] [info] Scanned user extensions: 16
[2018-06-02 18:05:52.102] [sharedprocess] [info] Scanned user extensions: 16
[2018-06-02 18:10:52.130] [sharedprocess] [info] Scanned user extensions: 16
[2018-06-02 18:15:52.169] [sharedprocess] [info] Scanned user extensions: 16
[2018-06-02 18:20:52.210] [sharedprocess] [info] Scanned user extensions: 16
[2018-06-02 18:25:52.253] [sharedprocess] [info] Scanned user extensions: 16
[2018-06-02 18:30:52.297] [sharedprocess] [info] Scanned user extensions: 16
[2018-06-02 18:35:52.342] [sharedprocess] [info] Scanned user extensions: 16
[2018-06-02 18:40:53.378] [sharedprocess] [info] Scanned user extensions: 16
[2018-06-02 18:45:53.433] [sharedprocess] [info] Scanned user extensions: 16
[2018-06-02 18:50:53.470] [sharedprocess] [info] Scanned user extensions: 16
[2018-06-02 18:55:53.489] [sharedprocess] [info] Scanned user extensions: 16
[2018-06-02 19:00:53.554] [sharedprocess] [info] Scanned user extensions: 16
