[2018-05-08 08:59:15.382] [exthost1] [info] extension host started
[2018-05-08 08:59:15.422] [exthost1] [info] ExtensionService#_doActivateExtension vscode.emmet {"startup":true,"activationEvent":"*"}
[2018-05-08 08:59:15.422] [exthost1] [info] ExtensionService#loadCommonJSModule /snap/vscode/27/usr/share/code/resources/app/extensions/emmet/out/extension
[2018-05-08 08:59:15.482] [exthost1] [info] ExtensionService#_doActivateExtension vscode.git {"startup":true,"activationEvent":"*"}
[2018-05-08 08:59:15.482] [exthost1] [info] ExtensionService#loadCommonJSModule /snap/vscode/27/usr/share/code/resources/app/extensions/git/out/main
[2018-05-08 08:59:15.554] [exthost1] [info] ExtensionService#_doActivateExtension vscode.merge-conflict {"startup":true,"activationEvent":"*"}
[2018-05-08 08:59:15.554] [exthost1] [info] ExtensionService#loadCommonJSModule /snap/vscode/27/usr/share/code/resources/app/extensions/merge-conflict/out/extension
[2018-05-08 08:59:15.568] [exthost1] [info] ExtensionService#_doActivateExtension Equinusocio.vsc-material-theme {"startup":true,"activationEvent":"*"}
[2018-05-08 08:59:15.568] [exthost1] [info] ExtensionService#loadCommonJSModule /home/humble_d/.vscode/extensions/Equinusocio.vsc-material-theme-2.0.1/extensions/material.theme.config.js
[2018-05-08 08:59:15.576] [exthost1] [info] ExtensionService#_doActivateExtension PKief.material-icon-theme {"startup":true,"activationEvent":"*"}
[2018-05-08 08:59:15.576] [exthost1] [info] ExtensionService#loadCommonJSModule /home/humble_d/.vscode/extensions/PKief.material-icon-theme-3.4.0/out/src/extension
[2018-05-08 08:59:15.615] [exthost1] [info] ExtensionService#_doActivateExtension Shan.code-settings-sync {"startup":true,"activationEvent":"*"}
[2018-05-08 08:59:15.615] [exthost1] [info] ExtensionService#loadCommonJSModule /home/humble_d/.vscode/extensions/Shan.code-settings-sync-2.9.2/out/src/extension
[2018-05-08 08:59:15.919] [exthost1] [info] ExtensionService#_doActivateExtension christian-kohler.path-intellisense {"startup":true,"activationEvent":"*"}
[2018-05-08 08:59:15.919] [exthost1] [info] ExtensionService#loadCommonJSModule /home/humble_d/.vscode/extensions/christian-kohler.path-intellisense-1.4.2/out/src/extension
[2018-05-08 08:59:15.931] [exthost1] [info] ExtensionService#_doActivateExtension dbaeumer.vscode-eslint {"startup":true,"activationEvent":"*"}
[2018-05-08 08:59:15.931] [exthost1] [info] ExtensionService#loadCommonJSModule /home/humble_d/.vscode/extensions/dbaeumer.vscode-eslint-1.4.8/client/out/extension
[2018-05-08 08:59:15.979] [exthost1] [info] ExtensionService#_doActivateExtension sfodje.perltidy {"startup":true,"activationEvent":"*"}
[2018-05-08 08:59:15.979] [exthost1] [info] ExtensionService#loadCommonJSModule /home/humble_d/.vscode/extensions/sfodje.perltidy-1.3.0/out/src/extension
[2018-05-08 08:59:15.986] [exthost1] [info] ExtensionService#_doActivateExtension vscode.extension-editing {"startup":false,"activationEvent":"onLanguage:markdown"}
[2018-05-08 08:59:15.986] [exthost1] [info] ExtensionService#loadCommonJSModule /snap/vscode/27/usr/share/code/resources/app/extensions/extension-editing/out/extension
[2018-05-08 08:59:15.998] [exthost1] [info] ExtensionService#_doActivateExtension Microsoft.vscode-markdown {"startup":false,"activationEvent":"onLanguage:markdown"}
[2018-05-08 08:59:15.998] [exthost1] [info] ExtensionService#loadCommonJSModule /snap/vscode/27/usr/share/code/resources/app/extensions/markdown/out/extension
[2018-05-08 08:59:16.037] [exthost1] [info] ExtensionService#_doActivateExtension DavidAnson.vscode-markdownlint {"startup":false,"activationEvent":"onLanguage:markdown"}
[2018-05-08 08:59:16.037] [exthost1] [info] ExtensionService#loadCommonJSModule /home/humble_d/.vscode/extensions/DavidAnson.vscode-markdownlint-0.15.0/extension
[2018-05-08 08:59:16.106] [exthost1] [info] eager extensions activated
[2018-05-08 09:05:30.215] [exthost1] [info] ExtensionService#_doActivateExtension shakram02.bash-beautify {"startup":false,"activationEvent":"onLanguage:shellscript"}
[2018-05-08 09:05:30.215] [exthost1] [info] ExtensionService#loadCommonJSModule /home/humble_d/.vscode/extensions/shakram02.bash-beautify-0.1.1/out/src/extension
[2018-05-08 09:22:07.920] [exthost1] [info] ExtensionService#_doActivateExtension henriiik.vscode-perl {"startup":false,"activationEvent":"onLanguage:perl"}
[2018-05-08 09:22:07.920] [exthost1] [info] ExtensionService#loadCommonJSModule /home/humble_d/.vscode/extensions/henriiik.vscode-perl-1.14.4/out/src/extension
[2018-05-08 12:02:00.000] [exthost1] [info] ExtensionService#_doActivateExtension vscode.configuration-editing {"startup":false,"activationEvent":"onLanguage:jsonc"}
[2018-05-08 12:02:00.000] [exthost1] [info] ExtensionService#loadCommonJSModule /snap/vscode/27/usr/share/code/resources/app/extensions/configuration-editing/out/extension
[2018-05-08 12:02:00.018] [exthost1] [info] ExtensionService#_doActivateExtension vscode.json {"startup":false,"activationEvent":"onLanguage:jsonc"}
[2018-05-08 12:02:00.018] [exthost1] [info] ExtensionService#loadCommonJSModule /snap/vscode/27/usr/share/code/resources/app/extensions/json/client/out/jsonMain
