[2018-05-03 15:09:52.159] [sharedprocess] [info] main {"machineId":"9a9c898b4fc5c6db4f0556946ebf81be89e1ea17d22c85309a73d7d07d400d4c"}
[2018-05-03 15:09:52.227] [sharedprocess] [info] Scanned user extensions: 13
[2018-05-03 15:09:52.258] [sharedprocess] [info] Scanned system extensions: 65
[2018-05-03 15:09:52.960] [sharedprocess] [info] Scanned user extensions: 13
[2018-05-03 15:09:52.962] [sharedprocess] [info] Scanned user extensions: 13
[2018-05-03 15:09:53.009] [sharedprocess] [info] Scanned system extensions: 65
[2018-05-03 15:09:55.639] [sharedprocess] [info] Installing extension: vscode-markdownlint
[2018-05-03 15:09:55.646] [sharedprocess] [info] Installing extension: vsc-material-theme
[2018-05-03 15:09:55.648] [sharedprocess] [info] Installing extension: java
[2018-05-03 15:09:55.650] [sharedprocess] [info] Installing extension: material-palenight-theme
[2018-05-03 15:09:55.804] [sharedprocess] [info] Scanned user extensions: 13
[2018-05-03 15:09:59.634] [sharedprocess] [info] Downloaded extension: vscode-markdownlint
[2018-05-03 15:09:59.924] [sharedprocess] [info] Extracted extension to /home/humble_d/.vscode/extensions/DavidAnson.vscode-markdownlint-0.15.0: DavidAnson.vscode-markdownlint-0.15.0
[2018-05-03 15:09:59.959] [sharedprocess] [info] Updated metadata of the extension: DavidAnson.vscode-markdownlint-0.15.0
[2018-05-03 15:09:59.959] [sharedprocess] [info] Extensions installed successfully: DavidAnson.vscode-markdownlint
[2018-05-03 15:10:00.088] [sharedprocess] [info] Scanned user extensions: 13
[2018-05-03 15:10:00.107] [sharedprocess] [info] Scanned system extensions: 65
[2018-05-03 15:10:00.904] [sharedprocess] [info] Downloaded extension: material-palenight-theme
[2018-05-03 15:10:00.925] [sharedprocess] [info] Extracted extension to /home/humble_d/.vscode/extensions/whizkydee.material-palenight-theme-1.7.3: whizkydee.material-palenight-theme-1.7.3
[2018-05-03 15:10:00.936] [sharedprocess] [info] Updated metadata of the extension: whizkydee.material-palenight-theme-1.7.3
[2018-05-03 15:10:00.936] [sharedprocess] [info] Extensions installed successfully: whizkydee.material-palenight-theme
[2018-05-03 15:10:01.073] [sharedprocess] [info] Scanned user extensions: 13
[2018-05-03 15:10:01.094] [sharedprocess] [info] Scanned system extensions: 65
[2018-05-03 15:10:13.035] [sharedprocess] [info] Downloaded extension: vsc-material-theme
[2018-05-03 15:10:15.425] [sharedprocess] [info] Extracted extension to /home/humble_d/.vscode/extensions/Equinusocio.vsc-material-theme-2.0.1: Equinusocio.vsc-material-theme-2.0.1
[2018-05-03 15:10:15.464] [sharedprocess] [info] Updated metadata of the extension: Equinusocio.vsc-material-theme-2.0.1
[2018-05-03 15:10:15.464] [sharedprocess] [info] Extensions installed successfully: Equinusocio.vsc-material-theme
[2018-05-03 15:10:17.615] [sharedprocess] [info] Scanned user extensions: 13
[2018-05-03 15:10:17.635] [sharedprocess] [info] Scanned system extensions: 65
[2018-05-03 15:10:20.456] [sharedprocess] [info] Scanned user extensions: 13
[2018-05-03 15:10:20.457] [sharedprocess] [info] Scanned user extensions: 13
[2018-05-03 15:10:20.460] [sharedprocess] [info] Scanned user extensions: 13
[2018-05-03 15:10:20.491] [sharedprocess] [info] Scanned system extensions: 65
[2018-05-03 15:10:20.495] [sharedprocess] [info] Scanned system extensions: 65
[2018-05-03 15:12:39.284] [sharedprocess] [info] Scanned user extensions: 13
[2018-05-03 15:12:39.313] [sharedprocess] [info] Scanned system extensions: 65
[2018-05-03 15:12:39.326] [sharedprocess] [info] Scanned user extensions: 16
[2018-05-03 15:12:39.333] [sharedprocess] [error] Failed to install extension: redhat.java 
[2018-05-03 15:12:39.501] [sharedprocess] [info] Scanned user extensions: 12
[2018-05-03 15:12:39.536] [sharedprocess] [info] Scanned system extensions: 65
[2018-05-03 15:12:57.676] [sharedprocess] [info] Installing extension: java
[2018-05-03 15:13:36.212] [sharedprocess] [info] Downloaded extension: java
[2018-05-03 15:13:36.778] [sharedprocess] [info] Extracted extension to /home/humble_d/.vscode/extensions/redhat.java-0.24.0: redhat.java-0.24.0
[2018-05-03 15:13:36.785] [sharedprocess] [info] Updated metadata of the extension: redhat.java-0.24.0
[2018-05-03 15:13:36.785] [sharedprocess] [info] Extensions installed successfully: redhat.java
[2018-05-03 15:13:36.952] [sharedprocess] [info] Scanned user extensions: 13
[2018-05-03 15:13:36.974] [sharedprocess] [info] Scanned system extensions: 65
[2018-05-03 15:14:55.845] [sharedprocess] [info] Scanned user extensions: 13
[2018-05-03 15:15:03.363] [sharedprocess] [info] Scanned user extensions: 13
[2018-05-03 15:15:03.395] [sharedprocess] [info] Scanned user extensions: 13
[2018-05-03 15:15:03.423] [sharedprocess] [info] Scanned user extensions: 13
[2018-05-03 15:15:03.437] [sharedprocess] [info] Scanned system extensions: 65
[2018-05-03 15:15:03.441] [sharedprocess] [info] Scanned system extensions: 65
[2018-05-03 15:15:03.448] [sharedprocess] [info] Scanned system extensions: 65
[2018-05-03 15:15:03.450] [sharedprocess] [info] Scanned user extensions: 13
[2018-05-03 15:15:03.479] [sharedprocess] [info] Scanned user extensions: 13
[2018-05-03 15:15:06.646] [sharedprocess] [info] Scanned user extensions: 13
[2018-05-03 15:15:28.882] [sharedprocess] [info] Scanned user extensions: 13
[2018-05-03 15:15:28.904] [sharedprocess] [info] Scanned user extensions: 13
[2018-05-03 15:15:28.933] [sharedprocess] [info] Scanned system extensions: 65
[2018-05-03 15:15:31.703] [sharedprocess] [info] Scanned user extensions: 13
[2018-05-03 15:17:06.115] [sharedprocess] [info] Scanned user extensions: 13
[2018-05-03 15:17:06.135] [sharedprocess] [info] Scanned user extensions: 13
[2018-05-03 15:17:06.164] [sharedprocess] [info] Scanned system extensions: 65
[2018-05-03 15:17:08.958] [sharedprocess] [info] Scanned user extensions: 13
[2018-05-03 15:22:09.834] [sharedprocess] [info] Scanned user extensions: 13
[2018-05-03 15:27:09.895] [sharedprocess] [info] Scanned user extensions: 13
[2018-05-03 15:32:09.933] [sharedprocess] [info] Scanned user extensions: 13
[2018-05-03 15:37:09.982] [sharedprocess] [info] Scanned user extensions: 13
[2018-05-03 15:42:10.076] [sharedprocess] [info] Scanned user extensions: 13
[2018-05-03 15:47:10.131] [sharedprocess] [info] Scanned user extensions: 13
