CODE SETTINGS SYNC DOWNLOAD SUMMARY
Version: 2.9.2
--------------------
GitHub Token: 0845279be089778d120454d0cb58b1fbabeda758
GitHub Gist: 014171c02249e138c3a330a4ab21400e
GitHub Gist Type: Secret

Restarting Visual Studio Code may be required to apply color and file icon theme.
--------------------
Files Downloaded:

  Extensions Removed:
  No extensions removed.

Extensions Added:
  material-palenight-theme v1.7.2
  vscode-theme-onedark v2.1.0
  vscode-theme-onelight v2.1.0
  path-intellisense v1.4.2
  theme-oceandeeper v0.1.0
  vscode-eslint v1.4.8
  vscode-markdownlint v0.14.1
  material-icon-theme v3.3.0
  cpptools v0.16.1
  bash-beautify v0.1.1
  vsc-material-theme v1.5.1
  java v0.22.0
--------------------
Done.