[2018-05-03 13:45:56.562] [sharedprocess] [info] main {"machineId":"9a9c898b4fc5c6db4f0556946ebf81be89e1ea17d22c85309a73d7d07d400d4c"}
[2018-05-03 13:45:56.577] [sharedprocess] [info] Scanned user extensions: 0
[2018-05-03 13:45:56.624] [sharedprocess] [info] Scanned system extensions: 65
[2018-05-03 13:45:58.099] [sharedprocess] [info] Scanned user extensions: 0
[2018-05-03 13:45:58.118] [sharedprocess] [info] Scanned user extensions: 0
[2018-05-03 13:45:58.120] [sharedprocess] [info] Scanned user extensions: 0
[2018-05-03 13:45:58.263] [sharedprocess] [info] Scanned system extensions: 65
[2018-05-03 13:45:58.281] [sharedprocess] [info] Scanned system extensions: 65
[2018-05-03 13:46:01.713] [sharedprocess] [info] Scanned user extensions: 0
[2018-05-03 13:46:30.929] [sharedprocess] [info] Scanned user extensions: 0
[2018-05-03 13:46:30.937] [sharedprocess] [info] Scanned user extensions: 0
[2018-05-03 13:46:30.938] [sharedprocess] [info] Scanned user extensions: 0
[2018-05-03 13:46:30.991] [sharedprocess] [info] Scanned system extensions: 65
[2018-05-03 13:46:30.993] [sharedprocess] [info] Scanned system extensions: 65
[2018-05-03 13:46:55.672] [sharedprocess] [info] Installing extension: code-settings-sync
[2018-05-03 13:47:09.616] [sharedprocess] [info] Downloaded extension: code-settings-sync
[2018-05-03 13:47:10.431] [sharedprocess] [info] Extracted extension to /home/humble_d/.vscode/extensions/Shan.code-settings-sync-2.9.2: Shan.code-settings-sync-2.9.2
[2018-05-03 13:47:10.472] [sharedprocess] [info] Updated metadata of the extension: Shan.code-settings-sync-2.9.2
[2018-05-03 13:47:10.473] [sharedprocess] [info] Extensions installed successfully: Shan.code-settings-sync
[2018-05-03 13:47:10.620] [sharedprocess] [info] Scanned user extensions: 1
[2018-05-03 13:47:10.664] [sharedprocess] [info] Scanned system extensions: 65
[2018-05-03 13:47:20.798] [sharedprocess] [info] Scanned user extensions: 1
[2018-05-03 13:47:20.799] [sharedprocess] [info] Scanned user extensions: 1
[2018-05-03 13:47:20.799] [sharedprocess] [info] Scanned user extensions: 1
[2018-05-03 13:47:20.804] [sharedprocess] [info] Scanned user extensions: 1
[2018-05-03 13:47:20.808] [sharedprocess] [info] Scanned user extensions: 1
[2018-05-03 13:47:20.867] [sharedprocess] [info] Scanned system extensions: 65
[2018-05-03 13:47:20.869] [sharedprocess] [info] Scanned system extensions: 65
[2018-05-03 13:47:20.874] [sharedprocess] [info] Scanned system extensions: 65
[2018-05-03 13:47:23.868] [sharedprocess] [info] Scanned user extensions: 1
[2018-05-03 13:52:23.874] [sharedprocess] [info] Scanned user extensions: 1
[2018-05-03 14:56:19.952] [sharedprocess] [info] Scanned user extensions: 1
[2018-05-03 15:01:20.232] [sharedprocess] [info] Scanned user extensions: 1
[2018-05-03 15:06:20.267] [sharedprocess] [info] Scanned user extensions: 12
