Looking for git in: git
Using git 2.17.0 from git
git rev-parse --show-toplevel
fatal: not a git repository (or any of the parent directories): .git

git rev-parse --show-toplevel
fatal: not a git repository (or any of the parent directories): .git

git rev-parse --show-toplevel
fatal: not a git repository (or any of the parent directories): .git

git rev-parse --show-toplevel
git rev-parse --show-toplevel
git rev-parse --show-toplevel
git rev-parse --show-toplevel
git rev-parse --show-toplevel
git rev-parse --show-toplevel
git rev-parse --show-toplevel
git config --get commit.template
git status -z -u
git rev-parse --show-toplevel
git rev-parse --show-toplevel
git rev-parse --show-toplevel
git symbolic-ref --short HEAD
git rev-parse master
git rev-parse --symbolic-full-name --abbrev-ref master@{u}
fatal: no upstream configured for branch 'master'

git for-each-ref --format %(refname) %(objectname) --sort -committerdate
git remote --verbose
git check-ignore -z --stdin
git rev-parse --show-toplevel
fatal: not a git repository (or any of the parent directories): .git

