[2018-06-15 06:52:05.211] [sharedprocess] [info] main {"machineId":"9a9c898b4fc5c6db4f0556946ebf81be89e1ea17d22c85309a73d7d07d400d4c"}
[2018-06-15 06:52:05.308] [sharedprocess] [info] Scanned user extensions: 17
[2018-06-15 06:52:05.416] [sharedprocess] [info] Scanned system extensions: 69
[2018-06-15 06:52:05.426] [sharedprocess] [info] Deleted from disk DavidAnson.vscode-markdownlint-0.17.0
[2018-06-15 06:52:05.429] [sharedprocess] [info] Deleted from disk dbaeumer.vscode-eslint-1.4.10
[2018-06-15 06:52:05.429] [sharedprocess] [info] Deleted from disk vsmobile.vscode-react-native-0.6.10
[2018-06-15 06:52:06.076] [sharedprocess] [info] Scanned user extensions: 17
[2018-06-15 06:52:06.078] [sharedprocess] [info] Scanned user extensions: 17
[2018-06-15 06:52:06.105] [sharedprocess] [info] Scanned system extensions: 69
[2018-06-15 06:52:06.200] [sharedprocess] [info] Scanned user extensions: 17
[2018-06-15 06:52:09.203] [sharedprocess] [info] Scanned user extensions: 17
[2018-06-15 06:52:45.219] [sharedprocess] [info] Starting to clean up unused language packs.
[2018-06-15 06:57:09.262] [sharedprocess] [info] Scanned user extensions: 17
[2018-06-15 07:02:09.304] [sharedprocess] [info] Scanned user extensions: 17
[2018-06-15 07:07:09.348] [sharedprocess] [info] Scanned user extensions: 17
[2018-06-15 07:12:09.406] [sharedprocess] [info] Scanned user extensions: 17
[2018-06-15 07:17:09.461] [sharedprocess] [info] Scanned user extensions: 17
[2018-06-15 07:22:10.030] [sharedprocess] [info] Scanned user extensions: 17
[2018-06-15 07:27:10.093] [sharedprocess] [info] Scanned user extensions: 17
[2018-06-15 07:32:10.127] [sharedprocess] [info] Scanned user extensions: 17
[2018-06-15 07:37:10.149] [sharedprocess] [info] Scanned user extensions: 17
[2018-06-15 07:42:10.176] [sharedprocess] [info] Scanned user extensions: 17
[2018-06-15 07:47:10.241] [sharedprocess] [info] Scanned user extensions: 17
[2018-06-15 07:52:10.492] [sharedprocess] [info] Scanned user extensions: 17
[2018-06-15 07:57:10.557] [sharedprocess] [info] Scanned user extensions: 17
[2018-06-15 08:02:10.606] [sharedprocess] [info] Scanned user extensions: 17
[2018-06-15 08:07:10.646] [sharedprocess] [info] Scanned user extensions: 17
[2018-06-15 08:12:10.690] [sharedprocess] [info] Scanned user extensions: 17
[2018-06-15 08:17:10.715] [sharedprocess] [info] Scanned user extensions: 17
[2018-06-15 08:22:10.748] [sharedprocess] [info] Scanned user extensions: 17
[2018-06-15 08:27:10.812] [sharedprocess] [info] Scanned user extensions: 17
[2018-06-15 08:32:10.858] [sharedprocess] [info] Scanned user extensions: 17
[2018-06-15 09:12:31.044] [sharedprocess] [info] Scanned user extensions: 17
[2018-06-15 09:17:31.071] [sharedprocess] [info] Scanned user extensions: 17
[2018-06-15 09:22:31.133] [sharedprocess] [info] Scanned user extensions: 17
[2018-06-15 09:27:31.152] [sharedprocess] [info] Scanned user extensions: 17
[2018-06-15 09:32:31.176] [sharedprocess] [info] Scanned user extensions: 17
[2018-06-15 09:37:31.193] [sharedprocess] [info] Scanned user extensions: 17
[2018-06-15 09:42:31.221] [sharedprocess] [info] Scanned user extensions: 17
[2018-06-15 09:47:31.259] [sharedprocess] [info] Scanned user extensions: 17
[2018-06-15 09:52:31.299] [sharedprocess] [info] Scanned user extensions: 17
[2018-06-15 09:57:31.348] [sharedprocess] [info] Scanned user extensions: 17
[2018-06-15 10:02:31.405] [sharedprocess] [info] Scanned user extensions: 17
[2018-06-15 10:07:31.492] [sharedprocess] [info] Scanned user extensions: 17
[2018-06-15 10:12:31.703] [sharedprocess] [info] Scanned user extensions: 17
[2018-06-15 10:17:31.742] [sharedprocess] [info] Scanned user extensions: 17
[2018-06-15 10:22:31.795] [sharedprocess] [info] Scanned user extensions: 17
[2018-06-15 10:27:31.842] [sharedprocess] [info] Scanned user extensions: 17
[2018-06-15 10:32:31.878] [sharedprocess] [info] Scanned user extensions: 17
[2018-06-15 10:37:31.928] [sharedprocess] [info] Scanned user extensions: 17
[2018-06-15 10:42:31.957] [sharedprocess] [info] Scanned user extensions: 17
[2018-06-15 10:47:31.980] [sharedprocess] [info] Scanned user extensions: 17
[2018-06-15 10:52:31.998] [sharedprocess] [info] Scanned user extensions: 17
[2018-06-15 10:57:32.026] [sharedprocess] [info] Scanned user extensions: 17
[2018-06-15 11:02:32.060] [sharedprocess] [info] Scanned user extensions: 17
[2018-06-15 11:07:32.106] [sharedprocess] [info] Scanned user extensions: 17
[2018-06-15 11:52:56.859] [sharedprocess] [info] Scanned user extensions: 17
[2018-06-15 11:57:56.916] [sharedprocess] [info] Scanned user extensions: 17
[2018-06-15 12:02:56.968] [sharedprocess] [info] Scanned user extensions: 17
[2018-06-15 12:07:57.000] [sharedprocess] [info] Scanned user extensions: 17
[2018-06-15 12:12:57.034] [sharedprocess] [info] Scanned user extensions: 17
[2018-06-15 12:17:57.070] [sharedprocess] [info] Scanned user extensions: 17
[2018-06-15 12:22:57.106] [sharedprocess] [info] Scanned user extensions: 17
[2018-06-15 12:32:00.034] [sharedprocess] [info] Scanned user extensions: 17
[2018-06-15 12:37:00.896] [sharedprocess] [info] Scanned user extensions: 17
[2018-06-15 12:42:00.941] [sharedprocess] [info] Scanned user extensions: 17
[2018-06-15 12:47:00.995] [sharedprocess] [info] Scanned user extensions: 17
[2018-06-15 12:52:01.047] [sharedprocess] [info] Scanned user extensions: 17
[2018-06-15 12:57:02.640] [sharedprocess] [info] Scanned user extensions: 17
[2018-06-15 13:02:02.681] [sharedprocess] [info] Scanned user extensions: 17
[2018-06-15 13:07:02.726] [sharedprocess] [info] Scanned user extensions: 17
[2018-06-15 13:12:02.785] [sharedprocess] [info] Scanned user extensions: 17
[2018-06-15 13:17:02.802] [sharedprocess] [info] Scanned user extensions: 17
[2018-06-15 13:22:02.826] [sharedprocess] [info] Scanned user extensions: 17
[2018-06-15 13:27:02.864] [sharedprocess] [info] Scanned user extensions: 17
[2018-06-15 13:32:02.911] [sharedprocess] [info] Scanned user extensions: 17
[2018-06-15 13:37:02.963] [sharedprocess] [info] Scanned user extensions: 17
[2018-06-15 13:42:03.009] [sharedprocess] [info] Scanned user extensions: 17
[2018-06-15 13:47:03.055] [sharedprocess] [info] Scanned user extensions: 17
[2018-06-15 13:52:03.095] [sharedprocess] [info] Scanned user extensions: 17
[2018-06-15 13:57:03.287] [sharedprocess] [info] Scanned user extensions: 17
[2018-06-15 14:02:03.322] [sharedprocess] [info] Scanned user extensions: 17
[2018-06-15 14:07:03.354] [sharedprocess] [info] Scanned user extensions: 17
[2018-06-15 14:12:03.377] [sharedprocess] [info] Scanned user extensions: 17
[2018-06-15 14:17:03.398] [sharedprocess] [info] Scanned user extensions: 17
[2018-06-15 14:22:03.418] [sharedprocess] [info] Scanned user extensions: 17
[2018-06-15 14:27:03.434] [sharedprocess] [info] Scanned user extensions: 17
[2018-06-15 14:32:03.471] [sharedprocess] [info] Scanned user extensions: 17
[2018-06-15 14:37:03.515] [sharedprocess] [info] Scanned user extensions: 17
