[2018-05-09 17:34:57.231] [exthost1] [info] extension host started
[2018-05-09 17:34:57.256] [exthost1] [info] ExtensionService#_doActivateExtension vscode.emmet {"startup":true,"activationEvent":"*"}
[2018-05-09 17:34:57.256] [exthost1] [info] ExtensionService#loadCommonJSModule /snap/vscode/27/usr/share/code/resources/app/extensions/emmet/out/extension
[2018-05-09 17:34:57.315] [exthost1] [info] ExtensionService#_doActivateExtension vscode.git {"startup":true,"activationEvent":"*"}
[2018-05-09 17:34:57.315] [exthost1] [info] ExtensionService#loadCommonJSModule /snap/vscode/27/usr/share/code/resources/app/extensions/git/out/main
[2018-05-09 17:34:57.390] [exthost1] [info] ExtensionService#_doActivateExtension vscode.merge-conflict {"startup":true,"activationEvent":"*"}
[2018-05-09 17:34:57.390] [exthost1] [info] ExtensionService#loadCommonJSModule /snap/vscode/27/usr/share/code/resources/app/extensions/merge-conflict/out/extension
[2018-05-09 17:34:57.405] [exthost1] [info] ExtensionService#_doActivateExtension Equinusocio.vsc-material-theme {"startup":true,"activationEvent":"*"}
[2018-05-09 17:34:57.405] [exthost1] [info] ExtensionService#loadCommonJSModule /home/humble_d/.vscode/extensions/Equinusocio.vsc-material-theme-2.0.1/extensions/material.theme.config.js
[2018-05-09 17:34:57.413] [exthost1] [info] ExtensionService#_doActivateExtension PKief.material-icon-theme {"startup":true,"activationEvent":"*"}
[2018-05-09 17:34:57.413] [exthost1] [info] ExtensionService#loadCommonJSModule /home/humble_d/.vscode/extensions/PKief.material-icon-theme-3.4.0/out/src/extension
[2018-05-09 17:34:57.455] [exthost1] [info] ExtensionService#_doActivateExtension Shan.code-settings-sync {"startup":true,"activationEvent":"*"}
[2018-05-09 17:34:57.455] [exthost1] [info] ExtensionService#loadCommonJSModule /home/humble_d/.vscode/extensions/Shan.code-settings-sync-2.9.2/out/src/extension
[2018-05-09 17:34:57.755] [exthost1] [info] ExtensionService#_doActivateExtension christian-kohler.path-intellisense {"startup":true,"activationEvent":"*"}
[2018-05-09 17:34:57.755] [exthost1] [info] ExtensionService#loadCommonJSModule /home/humble_d/.vscode/extensions/christian-kohler.path-intellisense-1.4.2/out/src/extension
[2018-05-09 17:34:57.766] [exthost1] [info] ExtensionService#_doActivateExtension dbaeumer.vscode-eslint {"startup":true,"activationEvent":"*"}
[2018-05-09 17:34:57.766] [exthost1] [info] ExtensionService#loadCommonJSModule /home/humble_d/.vscode/extensions/dbaeumer.vscode-eslint-1.4.8/client/out/extension
[2018-05-09 17:34:57.812] [exthost1] [info] ExtensionService#_doActivateExtension sfodje.perltidy {"startup":true,"activationEvent":"*"}
[2018-05-09 17:34:57.812] [exthost1] [info] ExtensionService#loadCommonJSModule /home/humble_d/.vscode/extensions/sfodje.perltidy-1.3.0/out/src/extension
[2018-05-09 17:34:57.819] [exthost1] [info] eager extensions activated
[2018-05-09 17:34:57.822] [exthost1] [info] ExtensionService#_doActivateExtension henriiik.vscode-perl {"startup":false,"activationEvent":"onLanguage:perl"}
[2018-05-09 17:34:57.822] [exthost1] [info] ExtensionService#loadCommonJSModule /home/humble_d/.vscode/extensions/henriiik.vscode-perl-1.14.4/out/src/extension
[2018-05-09 17:35:07.530] [exthost1] [info] extension host started
[2018-05-09 17:35:07.552] [exthost1] [info] ExtensionService#_doActivateExtension vscode.emmet {"startup":true,"activationEvent":"*"}
[2018-05-09 17:35:07.552] [exthost1] [info] ExtensionService#loadCommonJSModule /snap/vscode/27/usr/share/code/resources/app/extensions/emmet/out/extension
[2018-05-09 17:35:07.598] [exthost1] [info] ExtensionService#_doActivateExtension vscode.git {"startup":true,"activationEvent":"*"}
[2018-05-09 17:35:07.598] [exthost1] [info] ExtensionService#loadCommonJSModule /snap/vscode/27/usr/share/code/resources/app/extensions/git/out/main
[2018-05-09 17:35:07.656] [exthost1] [info] ExtensionService#_doActivateExtension vscode.merge-conflict {"startup":true,"activationEvent":"*"}
[2018-05-09 17:35:07.656] [exthost1] [info] ExtensionService#loadCommonJSModule /snap/vscode/27/usr/share/code/resources/app/extensions/merge-conflict/out/extension
[2018-05-09 17:35:07.669] [exthost1] [info] ExtensionService#_doActivateExtension Equinusocio.vsc-material-theme {"startup":true,"activationEvent":"*"}
[2018-05-09 17:35:07.669] [exthost1] [info] ExtensionService#loadCommonJSModule /home/humble_d/.vscode/extensions/Equinusocio.vsc-material-theme-2.0.1/extensions/material.theme.config.js
[2018-05-09 17:35:07.675] [exthost1] [info] ExtensionService#_doActivateExtension PKief.material-icon-theme {"startup":true,"activationEvent":"*"}
[2018-05-09 17:35:07.675] [exthost1] [info] ExtensionService#loadCommonJSModule /home/humble_d/.vscode/extensions/PKief.material-icon-theme-3.4.0/out/src/extension
[2018-05-09 17:35:07.707] [exthost1] [info] ExtensionService#_doActivateExtension Shan.code-settings-sync {"startup":true,"activationEvent":"*"}
[2018-05-09 17:35:07.707] [exthost1] [info] ExtensionService#loadCommonJSModule /home/humble_d/.vscode/extensions/Shan.code-settings-sync-2.9.2/out/src/extension
[2018-05-09 17:35:07.935] [exthost1] [info] ExtensionService#_doActivateExtension christian-kohler.path-intellisense {"startup":true,"activationEvent":"*"}
[2018-05-09 17:35:07.935] [exthost1] [info] ExtensionService#loadCommonJSModule /home/humble_d/.vscode/extensions/christian-kohler.path-intellisense-1.4.2/out/src/extension
[2018-05-09 17:35:07.948] [exthost1] [info] ExtensionService#_doActivateExtension dbaeumer.vscode-eslint {"startup":true,"activationEvent":"*"}
[2018-05-09 17:35:07.948] [exthost1] [info] ExtensionService#loadCommonJSModule /home/humble_d/.vscode/extensions/dbaeumer.vscode-eslint-1.4.8/client/out/extension
[2018-05-09 17:35:07.985] [exthost1] [info] ExtensionService#_doActivateExtension sfodje.perltidy {"startup":true,"activationEvent":"*"}
[2018-05-09 17:35:07.985] [exthost1] [info] ExtensionService#loadCommonJSModule /home/humble_d/.vscode/extensions/sfodje.perltidy-1.3.0/out/src/extension
[2018-05-09 17:35:07.990] [exthost1] [info] eager extensions activated
[2018-05-09 17:35:09.905] [exthost1] [info] ExtensionService#_doActivateExtension ms-vscode.cpptools {"startup":false,"activationEvent":"onLanguage:cpp"}
[2018-05-09 17:35:09.905] [exthost1] [info] ExtensionService#loadCommonJSModule /home/humble_d/.vscode/extensions/ms-vscode.cpptools-0.16.1/out/src/main
