[2018-05-03 15:09:53.278] [exthost1] [info] extension host started
[2018-05-03 15:09:53.304] [exthost1] [info] ExtensionService#_doActivateExtension vscode.emmet {"startup":true,"activationEvent":"*"}
[2018-05-03 15:09:53.304] [exthost1] [info] ExtensionService#loadCommonJSModule /snap/vscode/27/usr/share/code/resources/app/extensions/emmet/out/extension
[2018-05-03 15:09:53.356] [exthost1] [info] ExtensionService#_doActivateExtension vscode.git {"startup":true,"activationEvent":"*"}
[2018-05-03 15:09:53.356] [exthost1] [info] ExtensionService#loadCommonJSModule /snap/vscode/27/usr/share/code/resources/app/extensions/git/out/main
[2018-05-03 15:09:53.417] [exthost1] [info] ExtensionService#_doActivateExtension vscode.merge-conflict {"startup":true,"activationEvent":"*"}
[2018-05-03 15:09:53.417] [exthost1] [info] ExtensionService#loadCommonJSModule /snap/vscode/27/usr/share/code/resources/app/extensions/merge-conflict/out/extension
[2018-05-03 15:09:53.429] [exthost1] [info] ExtensionService#_doActivateExtension Equinusocio.vsc-material-theme {"startup":true,"activationEvent":"*"}
[2018-05-03 15:09:53.429] [exthost1] [info] ExtensionService#loadCommonJSModule /home/humble_d/.vscode/extensions/Equinusocio.vsc-material-theme-1.5.1/extensions/material.theme.config.js
[2018-05-03 15:09:53.435] [exthost1] [info] ExtensionService#_doActivateExtension PKief.material-icon-theme {"startup":true,"activationEvent":"*"}
[2018-05-03 15:09:53.435] [exthost1] [info] ExtensionService#loadCommonJSModule /home/humble_d/.vscode/extensions/PKief.material-icon-theme-3.3.0/out/src/extension
[2018-05-03 15:09:53.470] [exthost1] [info] ExtensionService#_doActivateExtension Shan.code-settings-sync {"startup":true,"activationEvent":"*"}
[2018-05-03 15:09:53.470] [exthost1] [info] ExtensionService#loadCommonJSModule /home/humble_d/.vscode/extensions/Shan.code-settings-sync-2.9.2/out/src/extension
[2018-05-03 15:09:53.716] [exthost1] [info] ExtensionService#_doActivateExtension christian-kohler.path-intellisense {"startup":true,"activationEvent":"*"}
[2018-05-03 15:09:53.716] [exthost1] [info] ExtensionService#loadCommonJSModule /home/humble_d/.vscode/extensions/christian-kohler.path-intellisense-1.4.2/out/src/extension
[2018-05-03 15:09:53.728] [exthost1] [info] ExtensionService#_doActivateExtension dbaeumer.vscode-eslint {"startup":true,"activationEvent":"*"}
[2018-05-03 15:09:53.728] [exthost1] [info] ExtensionService#loadCommonJSModule /home/humble_d/.vscode/extensions/dbaeumer.vscode-eslint-1.4.8/client/out/extension
[2018-05-03 15:09:53.791] [exthost1] [info] ExtensionService#_doActivateExtension ms-vscode.cpptools {"startup":true,"activationEvent":"*"}
[2018-05-03 15:09:53.791] [exthost1] [info] ExtensionService#loadCommonJSModule /home/humble_d/.vscode/extensions/ms-vscode.cpptools-0.16.1/out/src/main
[2018-05-03 15:09:53.929] [exthost1] [info] eager extensions activated
[2018-05-03 15:09:53.951] [exthost1] [info] ExtensionService#_doActivateExtension Microsoft.vscode-markdown {"startup":false}
[2018-05-03 15:09:53.951] [exthost1] [info] ExtensionService#loadCommonJSModule /snap/vscode/27/usr/share/code/resources/app/extensions/markdown/out/extension
[2018-05-03 15:09:54.095] [exthost1] [info] ExtensionService#_doActivateExtension vscode.configuration-editing {"startup":false,"activationEvent":"onLanguage:jsonc"}
[2018-05-03 15:09:54.096] [exthost1] [info] ExtensionService#loadCommonJSModule /snap/vscode/27/usr/share/code/resources/app/extensions/configuration-editing/out/extension
[2018-05-03 15:09:54.104] [exthost1] [info] ExtensionService#_doActivateExtension vscode.json {"startup":false,"activationEvent":"onLanguage:jsonc"}
[2018-05-03 15:09:54.104] [exthost1] [info] ExtensionService#loadCommonJSModule /snap/vscode/27/usr/share/code/resources/app/extensions/json/client/out/jsonMain
[2018-05-03 15:09:54.379] [exthost1] [info] ExtensionService#_doActivateExtension vscode.extension-editing {"startup":false,"activationEvent":"onLanguage:markdown"}
[2018-05-03 15:09:54.380] [exthost1] [info] ExtensionService#loadCommonJSModule /snap/vscode/27/usr/share/code/resources/app/extensions/extension-editing/out/extension
[2018-05-03 15:09:54.403] [exthost1] [info] ExtensionService#_doActivateExtension DavidAnson.vscode-markdownlint {"startup":false,"activationEvent":"onLanguage:markdown"}
[2018-05-03 15:09:54.403] [exthost1] [info] ExtensionService#loadCommonJSModule /home/humble_d/.vscode/extensions/DavidAnson.vscode-markdownlint-0.14.1/extension
[2018-05-03 15:09:55.189] [exthost1] [info] ExtensionService#_doActivateExtension vscode.javascript {"startup":false,"activationEvent":"onLanguage:json"}
[2018-05-03 15:09:55.189] [exthost1] [info] ExtensionService#loadCommonJSModule /snap/vscode/27/usr/share/code/resources/app/extensions/javascript/out/javascriptMain
[2018-05-03 15:10:35.724] [exthost1] [info] ExtensionService#_doActivateExtension vscode.html {"startup":false,"activationEvent":"onLanguage:html"}
[2018-05-03 15:10:35.724] [exthost1] [info] ExtensionService#loadCommonJSModule /snap/vscode/27/usr/share/code/resources/app/extensions/html/client/out/htmlMain
[2018-05-03 15:15:04.001] [exthost1] [info] extension host started
[2018-05-03 15:15:04.030] [exthost1] [info] ExtensionService#_doActivateExtension vscode.emmet {"startup":true,"activationEvent":"*"}
[2018-05-03 15:15:04.030] [exthost1] [info] ExtensionService#loadCommonJSModule /snap/vscode/27/usr/share/code/resources/app/extensions/emmet/out/extension
[2018-05-03 15:15:04.093] [exthost1] [info] ExtensionService#_doActivateExtension vscode.git {"startup":true,"activationEvent":"*"}
[2018-05-03 15:15:04.093] [exthost1] [info] ExtensionService#loadCommonJSModule /snap/vscode/27/usr/share/code/resources/app/extensions/git/out/main
[2018-05-03 15:15:04.164] [exthost1] [info] ExtensionService#_doActivateExtension vscode.merge-conflict {"startup":true,"activationEvent":"*"}
[2018-05-03 15:15:04.164] [exthost1] [info] ExtensionService#loadCommonJSModule /snap/vscode/27/usr/share/code/resources/app/extensions/merge-conflict/out/extension
[2018-05-03 15:15:04.179] [exthost1] [info] ExtensionService#_doActivateExtension Equinusocio.vsc-material-theme {"startup":true,"activationEvent":"*"}
[2018-05-03 15:15:04.179] [exthost1] [info] ExtensionService#loadCommonJSModule /home/humble_d/.vscode/extensions/Equinusocio.vsc-material-theme-2.0.1/extensions/material.theme.config.js
[2018-05-03 15:15:04.186] [exthost1] [info] ExtensionService#_doActivateExtension PKief.material-icon-theme {"startup":true,"activationEvent":"*"}
[2018-05-03 15:15:04.186] [exthost1] [info] ExtensionService#loadCommonJSModule /home/humble_d/.vscode/extensions/PKief.material-icon-theme-3.3.0/out/src/extension
[2018-05-03 15:15:04.224] [exthost1] [info] ExtensionService#_doActivateExtension Shan.code-settings-sync {"startup":true,"activationEvent":"*"}
[2018-05-03 15:15:04.224] [exthost1] [info] ExtensionService#loadCommonJSModule /home/humble_d/.vscode/extensions/Shan.code-settings-sync-2.9.2/out/src/extension
[2018-05-03 15:15:04.501] [exthost1] [info] ExtensionService#_doActivateExtension christian-kohler.path-intellisense {"startup":true,"activationEvent":"*"}
[2018-05-03 15:15:04.501] [exthost1] [info] ExtensionService#loadCommonJSModule /home/humble_d/.vscode/extensions/christian-kohler.path-intellisense-1.4.2/out/src/extension
[2018-05-03 15:15:04.510] [exthost1] [info] ExtensionService#_doActivateExtension dbaeumer.vscode-eslint {"startup":true,"activationEvent":"*"}
[2018-05-03 15:15:04.510] [exthost1] [info] ExtensionService#loadCommonJSModule /home/humble_d/.vscode/extensions/dbaeumer.vscode-eslint-1.4.8/client/out/extension
[2018-05-03 15:15:04.557] [exthost1] [info] eager extensions activated
[2018-05-03 15:15:29.171] [exthost1] [info] extension host started
[2018-05-03 15:15:29.199] [exthost1] [info] ExtensionService#_doActivateExtension vscode.emmet {"startup":true,"activationEvent":"*"}
[2018-05-03 15:15:29.199] [exthost1] [info] ExtensionService#loadCommonJSModule /snap/vscode/27/usr/share/code/resources/app/extensions/emmet/out/extension
[2018-05-03 15:15:29.247] [exthost1] [info] ExtensionService#_doActivateExtension vscode.git {"startup":true,"activationEvent":"*"}
[2018-05-03 15:15:29.248] [exthost1] [info] ExtensionService#loadCommonJSModule /snap/vscode/27/usr/share/code/resources/app/extensions/git/out/main
[2018-05-03 15:15:29.306] [exthost1] [info] ExtensionService#_doActivateExtension vscode.merge-conflict {"startup":true,"activationEvent":"*"}
[2018-05-03 15:15:29.306] [exthost1] [info] ExtensionService#loadCommonJSModule /snap/vscode/27/usr/share/code/resources/app/extensions/merge-conflict/out/extension
[2018-05-03 15:15:29.317] [exthost1] [info] ExtensionService#_doActivateExtension Equinusocio.vsc-material-theme {"startup":true,"activationEvent":"*"}
[2018-05-03 15:15:29.317] [exthost1] [info] ExtensionService#loadCommonJSModule /home/humble_d/.vscode/extensions/Equinusocio.vsc-material-theme-2.0.1/extensions/material.theme.config.js
[2018-05-03 15:15:29.323] [exthost1] [info] ExtensionService#_doActivateExtension PKief.material-icon-theme {"startup":true,"activationEvent":"*"}
[2018-05-03 15:15:29.323] [exthost1] [info] ExtensionService#loadCommonJSModule /home/humble_d/.vscode/extensions/PKief.material-icon-theme-3.3.0/out/src/extension
[2018-05-03 15:15:29.356] [exthost1] [info] ExtensionService#_doActivateExtension Shan.code-settings-sync {"startup":true,"activationEvent":"*"}
[2018-05-03 15:15:29.356] [exthost1] [info] ExtensionService#loadCommonJSModule /home/humble_d/.vscode/extensions/Shan.code-settings-sync-2.9.2/out/src/extension
[2018-05-03 15:15:29.577] [exthost1] [info] ExtensionService#_doActivateExtension christian-kohler.path-intellisense {"startup":true,"activationEvent":"*"}
[2018-05-03 15:15:29.577] [exthost1] [info] ExtensionService#loadCommonJSModule /home/humble_d/.vscode/extensions/christian-kohler.path-intellisense-1.4.2/out/src/extension
[2018-05-03 15:15:29.588] [exthost1] [info] ExtensionService#_doActivateExtension dbaeumer.vscode-eslint {"startup":true,"activationEvent":"*"}
[2018-05-03 15:15:29.588] [exthost1] [info] ExtensionService#loadCommonJSModule /home/humble_d/.vscode/extensions/dbaeumer.vscode-eslint-1.4.8/client/out/extension
[2018-05-03 15:15:29.637] [exthost1] [info] eager extensions activated
[2018-05-03 15:17:06.411] [exthost1] [info] extension host started
[2018-05-03 15:17:06.438] [exthost1] [info] ExtensionService#_doActivateExtension vscode.emmet {"startup":true,"activationEvent":"*"}
[2018-05-03 15:17:06.438] [exthost1] [info] ExtensionService#loadCommonJSModule /snap/vscode/27/usr/share/code/resources/app/extensions/emmet/out/extension
[2018-05-03 15:17:06.485] [exthost1] [info] ExtensionService#_doActivateExtension vscode.git {"startup":true,"activationEvent":"*"}
[2018-05-03 15:17:06.485] [exthost1] [info] ExtensionService#loadCommonJSModule /snap/vscode/27/usr/share/code/resources/app/extensions/git/out/main
[2018-05-03 15:17:06.543] [exthost1] [info] ExtensionService#_doActivateExtension vscode.merge-conflict {"startup":true,"activationEvent":"*"}
[2018-05-03 15:17:06.543] [exthost1] [info] ExtensionService#loadCommonJSModule /snap/vscode/27/usr/share/code/resources/app/extensions/merge-conflict/out/extension
[2018-05-03 15:17:06.554] [exthost1] [info] ExtensionService#_doActivateExtension Equinusocio.vsc-material-theme {"startup":true,"activationEvent":"*"}
[2018-05-03 15:17:06.554] [exthost1] [info] ExtensionService#loadCommonJSModule /home/humble_d/.vscode/extensions/Equinusocio.vsc-material-theme-2.0.1/extensions/material.theme.config.js
[2018-05-03 15:17:06.559] [exthost1] [info] ExtensionService#_doActivateExtension PKief.material-icon-theme {"startup":true,"activationEvent":"*"}
[2018-05-03 15:17:06.559] [exthost1] [info] ExtensionService#loadCommonJSModule /home/humble_d/.vscode/extensions/PKief.material-icon-theme-3.3.0/out/src/extension
[2018-05-03 15:17:06.592] [exthost1] [info] ExtensionService#_doActivateExtension Shan.code-settings-sync {"startup":true,"activationEvent":"*"}
[2018-05-03 15:17:06.592] [exthost1] [info] ExtensionService#loadCommonJSModule /home/humble_d/.vscode/extensions/Shan.code-settings-sync-2.9.2/out/src/extension
[2018-05-03 15:17:06.822] [exthost1] [info] ExtensionService#_doActivateExtension christian-kohler.path-intellisense {"startup":true,"activationEvent":"*"}
[2018-05-03 15:17:06.822] [exthost1] [info] ExtensionService#loadCommonJSModule /home/humble_d/.vscode/extensions/christian-kohler.path-intellisense-1.4.2/out/src/extension
[2018-05-03 15:17:06.835] [exthost1] [info] ExtensionService#_doActivateExtension dbaeumer.vscode-eslint {"startup":true,"activationEvent":"*"}
[2018-05-03 15:17:06.835] [exthost1] [info] ExtensionService#loadCommonJSModule /home/humble_d/.vscode/extensions/dbaeumer.vscode-eslint-1.4.8/client/out/extension
[2018-05-03 15:17:06.876] [exthost1] [info] eager extensions activated
