[2018-06-21 22:57:45.638] [exthost1] [info] extension host started
[2018-06-21 22:57:45.669] [exthost1] [info] ExtensionService#_doActivateExtension vscode.emmet {"startup":true,"activationEvent":"*"}
[2018-06-21 22:57:45.669] [exthost1] [info] ExtensionService#loadCommonJSModule /snap/vscode/37/usr/share/code/resources/app/extensions/emmet/out/extension
[2018-06-21 22:57:45.726] [exthost1] [info] ExtensionService#_doActivateExtension vscode.git {"startup":true,"activationEvent":"*"}
[2018-06-21 22:57:45.726] [exthost1] [info] ExtensionService#loadCommonJSModule /snap/vscode/37/usr/share/code/resources/app/extensions/git/out/main
[2018-06-21 22:57:45.929] [exthost1] [info] ExtensionService#_doActivateExtension vscode.merge-conflict {"startup":true,"activationEvent":"*"}
[2018-06-21 22:57:45.929] [exthost1] [info] ExtensionService#loadCommonJSModule /snap/vscode/37/usr/share/code/resources/app/extensions/merge-conflict/out/extension
[2018-06-21 22:57:45.942] [exthost1] [info] ExtensionService#_doActivateExtension Equinusocio.vsc-material-theme {"startup":true,"activationEvent":"*"}
[2018-06-21 22:57:45.942] [exthost1] [info] ExtensionService#loadCommonJSModule /home/humble_d/.vscode/extensions/Equinusocio.vsc-material-theme-2.1.0/extensions/material.theme.config.js
[2018-06-21 22:57:45.951] [exthost1] [info] ExtensionService#_doActivateExtension PKief.material-icon-theme {"startup":true,"activationEvent":"*"}
[2018-06-21 22:57:45.951] [exthost1] [info] ExtensionService#loadCommonJSModule /home/humble_d/.vscode/extensions/PKief.material-icon-theme-3.5.0/out/src/extension
[2018-06-21 22:57:45.987] [exthost1] [info] ExtensionService#_doActivateExtension Shan.code-settings-sync {"startup":true,"activationEvent":"*"}
[2018-06-21 22:57:45.987] [exthost1] [info] ExtensionService#loadCommonJSModule /home/humble_d/.vscode/extensions/Shan.code-settings-sync-2.9.2/out/src/extension
[2018-06-21 22:57:46.301] [exthost1] [info] ExtensionService#_doActivateExtension christian-kohler.path-intellisense {"startup":true,"activationEvent":"*"}
[2018-06-21 22:57:46.301] [exthost1] [info] ExtensionService#loadCommonJSModule /home/humble_d/.vscode/extensions/christian-kohler.path-intellisense-1.4.2/out/src/extension
[2018-06-21 22:57:46.309] [exthost1] [info] ExtensionService#_doActivateExtension dbaeumer.vscode-eslint {"startup":true,"activationEvent":"*"}
[2018-06-21 22:57:46.309] [exthost1] [info] ExtensionService#loadCommonJSModule /home/humble_d/.vscode/extensions/dbaeumer.vscode-eslint-1.4.12/client/out/extension
[2018-06-21 22:57:46.360] [exthost1] [info] ExtensionService#_doActivateExtension sfodje.perltidy {"startup":true,"activationEvent":"*"}
[2018-06-21 22:57:46.360] [exthost1] [info] ExtensionService#loadCommonJSModule /home/humble_d/.vscode/extensions/sfodje.perltidy-1.3.0/out/src/extension
[2018-06-21 22:57:46.364] [exthost1] [info] ExtensionService#_doActivateExtension vscode.css-language-features {"startup":false,"activationEvent":"onLanguage:css"}
[2018-06-21 22:57:46.364] [exthost1] [info] ExtensionService#loadCommonJSModule /snap/vscode/37/usr/share/code/resources/app/extensions/css-language-features/client/out/cssMain
[2018-06-21 22:57:46.425] [exthost1] [info] eager extensions activated
