[2018-06-15 16:16:49.678] [exthost1] [info] extension host started
[2018-06-15 16:16:49.710] [exthost1] [info] ExtensionService#_doActivateExtension vscode.emmet {"startup":true,"activationEvent":"*"}
[2018-06-15 16:16:49.710] [exthost1] [info] ExtensionService#loadCommonJSModule /snap/vscode/37/usr/share/code/resources/app/extensions/emmet/out/extension
[2018-06-15 16:16:49.814] [exthost1] [info] ExtensionService#_doActivateExtension vscode.git {"startup":true,"activationEvent":"*"}
[2018-06-15 16:16:49.814] [exthost1] [info] ExtensionService#loadCommonJSModule /snap/vscode/37/usr/share/code/resources/app/extensions/git/out/main
[2018-06-15 16:16:50.057] [exthost1] [info] ExtensionService#_doActivateExtension vscode.merge-conflict {"startup":true,"activationEvent":"*"}
[2018-06-15 16:16:50.057] [exthost1] [info] ExtensionService#loadCommonJSModule /snap/vscode/37/usr/share/code/resources/app/extensions/merge-conflict/out/extension
[2018-06-15 16:16:50.077] [exthost1] [info] ExtensionService#_doActivateExtension Equinusocio.vsc-material-theme {"startup":true,"activationEvent":"*"}
[2018-06-15 16:16:50.077] [exthost1] [info] ExtensionService#loadCommonJSModule /home/humble_d/.vscode/extensions/Equinusocio.vsc-material-theme-2.1.0/extensions/material.theme.config.js
[2018-06-15 16:16:50.091] [exthost1] [info] ExtensionService#_doActivateExtension PKief.material-icon-theme {"startup":true,"activationEvent":"*"}
[2018-06-15 16:16:50.091] [exthost1] [info] ExtensionService#loadCommonJSModule /home/humble_d/.vscode/extensions/PKief.material-icon-theme-3.5.0/out/src/extension
[2018-06-15 16:16:50.155] [exthost1] [info] ExtensionService#_doActivateExtension Shan.code-settings-sync {"startup":true,"activationEvent":"*"}
[2018-06-15 16:16:50.155] [exthost1] [info] ExtensionService#loadCommonJSModule /home/humble_d/.vscode/extensions/Shan.code-settings-sync-2.9.2/out/src/extension
[2018-06-15 16:16:50.529] [exthost1] [info] ExtensionService#_doActivateExtension christian-kohler.path-intellisense {"startup":true,"activationEvent":"*"}
[2018-06-15 16:16:50.529] [exthost1] [info] ExtensionService#loadCommonJSModule /home/humble_d/.vscode/extensions/christian-kohler.path-intellisense-1.4.2/out/src/extension
[2018-06-15 16:16:50.540] [exthost1] [info] ExtensionService#_doActivateExtension dbaeumer.vscode-eslint {"startup":true,"activationEvent":"*"}
[2018-06-15 16:16:50.540] [exthost1] [info] ExtensionService#loadCommonJSModule /home/humble_d/.vscode/extensions/dbaeumer.vscode-eslint-1.4.12/client/out/extension
[2018-06-15 16:16:50.613] [exthost1] [info] ExtensionService#_doActivateExtension sfodje.perltidy {"startup":true,"activationEvent":"*"}
[2018-06-15 16:16:50.613] [exthost1] [info] ExtensionService#loadCommonJSModule /home/humble_d/.vscode/extensions/sfodje.perltidy-1.3.0/out/src/extension
[2018-06-15 16:16:50.622] [exthost1] [info] ExtensionService#_doActivateExtension ms-vscode.cpptools {"startup":false,"activationEvent":"onLanguage:cpp"}
[2018-06-15 16:16:50.622] [exthost1] [info] ExtensionService#loadCommonJSModule /home/humble_d/.vscode/extensions/ms-vscode.cpptools-0.17.4/out/src/main
[2018-06-15 16:16:50.776] [exthost1] [info] eager extensions activated
