[Info  - 19:45:14] ESLint server is running.
[Info  - 19:45:14] ESLint library loaded from: /home/humble_d/Projects/Sandbox/ms-project-front-end/node_modules/eslint/lib/api.js
[Warn  - 19:45:15] 
No ESLint configuration (e.g .eslintrc) found for file: /home/humble_d/Projects/Sandbox/ms-project-front-end/src/index.js
File will not be validated. Consider running 'eslint --init' in the workspace folder ms-project-front-end
Alternatively you can disable ESLint by executing the 'Disable ESLint' command.
[Warn  - 19:45:15] 
No ESLint configuration (e.g .eslintrc) found for file: /home/humble_d/Projects/Sandbox/ms-project-front-end/src/App.test.js
File will not be validated. Consider running 'eslint --init' in the workspace folder ms-project-front-end
Alternatively you can disable ESLint by executing the 'Disable ESLint' command.
[Warn  - 19:47:37] 
No ESLint configuration (e.g .eslintrc) found for file: /home/humble_d/Projects/Sandbox/ms-project-front-end/src/index.js
File will not be validated. Consider running 'eslint --init' in the workspace folder ms-project-front-end
Alternatively you can disable ESLint by executing the 'Disable ESLint' command.
[Warn  - 19:48:09] 
No ESLint configuration (e.g .eslintrc) found for file: /home/humble_d/Projects/Sandbox/ms-project-front-end/src/index.js
File will not be validated. Consider running 'eslint --init' in the workspace folder ms-project-front-end
Alternatively you can disable ESLint by executing the 'Disable ESLint' command.
[Warn  - 19:48:26] 
No ESLint configuration (e.g .eslintrc) found for file: /home/humble_d/Projects/Sandbox/ms-project-front-end/src/App.js
File will not be validated. Consider running 'eslint --init' in the workspace folder ms-project-front-end
Alternatively you can disable ESLint by executing the 'Disable ESLint' command.
[Warn  - 19:50:07] 
No ESLint configuration (e.g .eslintrc) found for file: /home/humble_d/Projects/Sandbox/ms-project-front-end/src/scenes/Home/index.js
File will not be validated. Consider running 'eslint --init' in the workspace folder ms-project-front-end
Alternatively you can disable ESLint by executing the 'Disable ESLint' command.
[Warn  - 19:50:35] 
No ESLint configuration (e.g .eslintrc) found for file: /home/humble_d/Projects/Sandbox/ms-project-front-end/src/scenes/Home/Home.js
File will not be validated. Consider running 'eslint --init' in the workspace folder ms-project-front-end
Alternatively you can disable ESLint by executing the 'Disable ESLint' command.
[Warn  - 20:08:26] 
No ESLint configuration (e.g .eslintrc) found for file: /home/humble_d/Projects/Sandbox/ms-project-front-end/src/scenes/Home/components/EnhancedTableToolbar.js
File will not be validated. Consider running 'eslint --init' in the workspace folder ms-project-front-end
Alternatively you can disable ESLint by executing the 'Disable ESLint' command.
[Warn  - 20:10:59] 
No ESLint configuration (e.g .eslintrc) found for file: /home/humble_d/Projects/Sandbox/ms-project-front-end/src/scenes/Home/components/EnhancedTableHead.js
File will not be validated. Consider running 'eslint --init' in the workspace folder ms-project-front-end
Alternatively you can disable ESLint by executing the 'Disable ESLint' command.
