[2018-06-02 19:04:22.349] [exthost1] [info] extension host started
[2018-06-02 19:04:22.386] [exthost1] [info] ExtensionService#_doActivateExtension vscode.emmet {"startup":true,"activationEvent":"*"}
[2018-06-02 19:04:22.386] [exthost1] [info] ExtensionService#loadCommonJSModule /snap/vscode/37/usr/share/code/resources/app/extensions/emmet/out/extension
[2018-06-02 19:04:22.487] [exthost1] [info] ExtensionService#_doActivateExtension vscode.git {"startup":true,"activationEvent":"*"}
[2018-06-02 19:04:22.487] [exthost1] [info] ExtensionService#loadCommonJSModule /snap/vscode/37/usr/share/code/resources/app/extensions/git/out/main
[2018-06-02 19:04:22.698] [exthost1] [info] ExtensionService#_doActivateExtension vscode.merge-conflict {"startup":true,"activationEvent":"*"}
[2018-06-02 19:04:22.698] [exthost1] [info] ExtensionService#loadCommonJSModule /snap/vscode/37/usr/share/code/resources/app/extensions/merge-conflict/out/extension
[2018-06-02 19:04:22.713] [exthost1] [info] ExtensionService#_doActivateExtension Equinusocio.vsc-material-theme {"startup":true,"activationEvent":"*"}
[2018-06-02 19:04:22.713] [exthost1] [info] ExtensionService#loadCommonJSModule /home/humble_d/.vscode/extensions/Equinusocio.vsc-material-theme-2.1.0/extensions/material.theme.config.js
[2018-06-02 19:04:22.724] [exthost1] [info] ExtensionService#_doActivateExtension PKief.material-icon-theme {"startup":true,"activationEvent":"*"}
[2018-06-02 19:04:22.724] [exthost1] [info] ExtensionService#loadCommonJSModule /home/humble_d/.vscode/extensions/PKief.material-icon-theme-3.5.0/out/src/extension
[2018-06-02 19:04:22.767] [exthost1] [info] ExtensionService#_doActivateExtension Shan.code-settings-sync {"startup":true,"activationEvent":"*"}
[2018-06-02 19:04:22.767] [exthost1] [info] ExtensionService#loadCommonJSModule /home/humble_d/.vscode/extensions/Shan.code-settings-sync-2.9.2/out/src/extension
[2018-06-02 19:04:23.151] [exthost1] [info] ExtensionService#_doActivateExtension christian-kohler.path-intellisense {"startup":true,"activationEvent":"*"}
[2018-06-02 19:04:23.151] [exthost1] [info] ExtensionService#loadCommonJSModule /home/humble_d/.vscode/extensions/christian-kohler.path-intellisense-1.4.2/out/src/extension
[2018-06-02 19:04:23.165] [exthost1] [info] ExtensionService#_doActivateExtension dbaeumer.vscode-eslint {"startup":true,"activationEvent":"*"}
[2018-06-02 19:04:23.165] [exthost1] [info] ExtensionService#loadCommonJSModule /home/humble_d/.vscode/extensions/dbaeumer.vscode-eslint-1.4.10/client/out/extension
[2018-06-02 19:04:23.225] [exthost1] [info] ExtensionService#_doActivateExtension ms-vscode.cpptools {"startup":true,"activationEvent":"*"}
[2018-06-02 19:04:23.225] [exthost1] [info] ExtensionService#loadCommonJSModule /home/humble_d/.vscode/extensions/ms-vscode.cpptools-0.17.4/out/src/main
[2018-06-02 19:04:23.396] [exthost1] [info] ExtensionService#_doActivateExtension sfodje.perltidy {"startup":true,"activationEvent":"*"}
[2018-06-02 19:04:23.396] [exthost1] [info] ExtensionService#loadCommonJSModule /home/humble_d/.vscode/extensions/sfodje.perltidy-1.3.0/out/src/extension
[2018-06-02 19:04:23.906] [exthost1] [info] eager extensions activated
[2018-06-10 18:57:23.221] [exthost1] [info] extension host started
[2018-06-10 18:57:23.247] [exthost1] [info] ExtensionService#_doActivateExtension vscode.emmet {"startup":true,"activationEvent":"*"}
[2018-06-10 18:57:23.247] [exthost1] [info] ExtensionService#loadCommonJSModule /snap/vscode/37/usr/share/code/resources/app/extensions/emmet/out/extension
[2018-06-10 18:57:23.309] [exthost1] [info] ExtensionService#_doActivateExtension vscode.git {"startup":true,"activationEvent":"*"}
[2018-06-10 18:57:23.309] [exthost1] [info] ExtensionService#loadCommonJSModule /snap/vscode/37/usr/share/code/resources/app/extensions/git/out/main
[2018-06-10 18:57:23.500] [exthost1] [info] ExtensionService#_doActivateExtension vscode.merge-conflict {"startup":true,"activationEvent":"*"}
[2018-06-10 18:57:23.501] [exthost1] [info] ExtensionService#loadCommonJSModule /snap/vscode/37/usr/share/code/resources/app/extensions/merge-conflict/out/extension
[2018-06-10 18:57:23.514] [exthost1] [info] ExtensionService#_doActivateExtension Equinusocio.vsc-material-theme {"startup":true,"activationEvent":"*"}
[2018-06-10 18:57:23.514] [exthost1] [info] ExtensionService#loadCommonJSModule /home/humble_d/.vscode/extensions/Equinusocio.vsc-material-theme-2.1.0/extensions/material.theme.config.js
[2018-06-10 18:57:23.525] [exthost1] [info] ExtensionService#_doActivateExtension PKief.material-icon-theme {"startup":true,"activationEvent":"*"}
[2018-06-10 18:57:23.525] [exthost1] [info] ExtensionService#loadCommonJSModule /home/humble_d/.vscode/extensions/PKief.material-icon-theme-3.5.0/out/src/extension
[2018-06-10 18:57:23.565] [exthost1] [info] ExtensionService#_doActivateExtension Shan.code-settings-sync {"startup":true,"activationEvent":"*"}
[2018-06-10 18:57:23.565] [exthost1] [info] ExtensionService#loadCommonJSModule /home/humble_d/.vscode/extensions/Shan.code-settings-sync-2.9.2/out/src/extension
[2018-06-10 18:57:23.885] [exthost1] [info] ExtensionService#_doActivateExtension christian-kohler.path-intellisense {"startup":true,"activationEvent":"*"}
[2018-06-10 18:57:23.885] [exthost1] [info] ExtensionService#loadCommonJSModule /home/humble_d/.vscode/extensions/christian-kohler.path-intellisense-1.4.2/out/src/extension
[2018-06-10 18:57:23.897] [exthost1] [info] ExtensionService#_doActivateExtension dbaeumer.vscode-eslint {"startup":true,"activationEvent":"*"}
[2018-06-10 18:57:23.897] [exthost1] [info] ExtensionService#loadCommonJSModule /home/humble_d/.vscode/extensions/dbaeumer.vscode-eslint-1.4.12/client/out/extension
[2018-06-10 18:57:23.964] [exthost1] [info] ExtensionService#_doActivateExtension sfodje.perltidy {"startup":true,"activationEvent":"*"}
[2018-06-10 18:57:23.964] [exthost1] [info] ExtensionService#loadCommonJSModule /home/humble_d/.vscode/extensions/sfodje.perltidy-1.3.0/out/src/extension
[2018-06-10 18:57:24.389] [exthost1] [info] eager extensions activated
[2018-06-10 18:57:24.968] [exthost1] [info] ExtensionService#_doActivateExtension vscode.extension-editing {"startup":false,"activationEvent":"onLanguage:markdown"}
[2018-06-10 18:57:24.968] [exthost1] [info] ExtensionService#loadCommonJSModule /snap/vscode/37/usr/share/code/resources/app/extensions/extension-editing/out/extension
[2018-06-10 18:57:24.985] [exthost1] [info] ExtensionService#_doActivateExtension vscode.markdown-language-features {"startup":false,"activationEvent":"onLanguage:markdown"}
[2018-06-10 18:57:24.985] [exthost1] [info] ExtensionService#loadCommonJSModule /snap/vscode/37/usr/share/code/resources/app/extensions/markdown-language-features/out/extension
[2018-06-10 18:57:25.112] [exthost1] [info] ExtensionService#_doActivateExtension DavidAnson.vscode-markdownlint {"startup":false,"activationEvent":"onLanguage:markdown"}
[2018-06-10 18:57:25.112] [exthost1] [info] ExtensionService#loadCommonJSModule /home/humble_d/.vscode/extensions/DavidAnson.vscode-markdownlint-0.18.0/extension
[2018-06-10 19:01:07.225] [exthost1] [info] extension host started
[2018-06-10 19:01:07.259] [exthost1] [info] ExtensionService#_doActivateExtension vscode.emmet {"startup":true,"activationEvent":"*"}
[2018-06-10 19:01:07.259] [exthost1] [info] ExtensionService#loadCommonJSModule /snap/vscode/37/usr/share/code/resources/app/extensions/emmet/out/extension
[2018-06-10 19:01:07.314] [exthost1] [info] ExtensionService#_doActivateExtension vscode.git {"startup":true,"activationEvent":"*"}
[2018-06-10 19:01:07.314] [exthost1] [info] ExtensionService#loadCommonJSModule /snap/vscode/37/usr/share/code/resources/app/extensions/git/out/main
[2018-06-10 19:01:07.472] [exthost1] [info] ExtensionService#_doActivateExtension vscode.merge-conflict {"startup":true,"activationEvent":"*"}
[2018-06-10 19:01:07.472] [exthost1] [info] ExtensionService#loadCommonJSModule /snap/vscode/37/usr/share/code/resources/app/extensions/merge-conflict/out/extension
[2018-06-10 19:01:07.483] [exthost1] [info] ExtensionService#_doActivateExtension Equinusocio.vsc-material-theme {"startup":true,"activationEvent":"*"}
[2018-06-10 19:01:07.483] [exthost1] [info] ExtensionService#loadCommonJSModule /home/humble_d/.vscode/extensions/Equinusocio.vsc-material-theme-2.1.0/extensions/material.theme.config.js
[2018-06-10 19:01:07.492] [exthost1] [info] ExtensionService#_doActivateExtension PKief.material-icon-theme {"startup":true,"activationEvent":"*"}
[2018-06-10 19:01:07.492] [exthost1] [info] ExtensionService#loadCommonJSModule /home/humble_d/.vscode/extensions/PKief.material-icon-theme-3.5.0/out/src/extension
[2018-06-10 19:01:07.527] [exthost1] [info] ExtensionService#_doActivateExtension Shan.code-settings-sync {"startup":true,"activationEvent":"*"}
[2018-06-10 19:01:07.527] [exthost1] [info] ExtensionService#loadCommonJSModule /home/humble_d/.vscode/extensions/Shan.code-settings-sync-2.9.2/out/src/extension
[2018-06-10 19:01:07.781] [exthost1] [info] ExtensionService#_doActivateExtension christian-kohler.path-intellisense {"startup":true,"activationEvent":"*"}
[2018-06-10 19:01:07.781] [exthost1] [info] ExtensionService#loadCommonJSModule /home/humble_d/.vscode/extensions/christian-kohler.path-intellisense-1.4.2/out/src/extension
[2018-06-10 19:01:07.789] [exthost1] [info] ExtensionService#_doActivateExtension dbaeumer.vscode-eslint {"startup":true,"activationEvent":"*"}
[2018-06-10 19:01:07.789] [exthost1] [info] ExtensionService#loadCommonJSModule /home/humble_d/.vscode/extensions/dbaeumer.vscode-eslint-1.4.12/client/out/extension
[2018-06-10 19:01:07.836] [exthost1] [info] ExtensionService#_doActivateExtension sfodje.perltidy {"startup":true,"activationEvent":"*"}
[2018-06-10 19:01:07.836] [exthost1] [info] ExtensionService#loadCommonJSModule /home/humble_d/.vscode/extensions/sfodje.perltidy-1.3.0/out/src/extension
[2018-06-10 19:01:07.843] [exthost1] [info] ExtensionService#_doActivateExtension twxs.cmake {"startup":false,"activationEvent":"onLanguage:cmake"}
[2018-06-10 19:01:07.843] [exthost1] [info] ExtensionService#loadCommonJSModule /home/humble_d/.vscode/extensions/twxs.cmake-0.0.17/out/extension
[2018-06-10 19:01:07.845] [exthost1] [info] ExtensionService#_doActivateExtension vscode.extension-editing {"startup":false,"activationEvent":"onLanguage:markdown"}
[2018-06-10 19:01:07.845] [exthost1] [info] ExtensionService#loadCommonJSModule /snap/vscode/37/usr/share/code/resources/app/extensions/extension-editing/out/extension
[2018-06-10 19:01:07.856] [exthost1] [info] ExtensionService#_doActivateExtension vscode.markdown-language-features {"startup":false,"activationEvent":"onLanguage:markdown"}
[2018-06-10 19:01:07.856] [exthost1] [info] ExtensionService#loadCommonJSModule /snap/vscode/37/usr/share/code/resources/app/extensions/markdown-language-features/out/extension
[2018-06-10 19:01:07.924] [exthost1] [info] ExtensionService#_doActivateExtension DavidAnson.vscode-markdownlint {"startup":false,"activationEvent":"onLanguage:markdown"}
[2018-06-10 19:01:07.924] [exthost1] [info] ExtensionService#loadCommonJSModule /home/humble_d/.vscode/extensions/DavidAnson.vscode-markdownlint-0.18.0/extension
[2018-06-10 19:01:08.369] [exthost1] [info] eager extensions activated
[2018-06-10 19:29:30.916] [exthost1] [info] ExtensionService#_doActivateExtension ms-vscode.cpptools {"startup":false,"activationEvent":"onLanguage:cpp"}
[2018-06-10 19:29:30.916] [exthost1] [info] ExtensionService#loadCommonJSModule /home/humble_d/.vscode/extensions/ms-vscode.cpptools-0.17.4/out/src/main
[2018-06-11 01:01:42.382] [exthost1] [info] extension host started
[2018-06-11 01:01:42.409] [exthost1] [info] ExtensionService#_doActivateExtension vscode.emmet {"startup":true,"activationEvent":"*"}
[2018-06-11 01:01:42.409] [exthost1] [info] ExtensionService#loadCommonJSModule /snap/vscode/37/usr/share/code/resources/app/extensions/emmet/out/extension
[2018-06-11 01:01:42.465] [exthost1] [info] ExtensionService#_doActivateExtension vscode.git {"startup":true,"activationEvent":"*"}
[2018-06-11 01:01:42.465] [exthost1] [info] ExtensionService#loadCommonJSModule /snap/vscode/37/usr/share/code/resources/app/extensions/git/out/main
[2018-06-11 01:01:42.606] [exthost1] [info] ExtensionService#_doActivateExtension vscode.merge-conflict {"startup":true,"activationEvent":"*"}
[2018-06-11 01:01:42.606] [exthost1] [info] ExtensionService#loadCommonJSModule /snap/vscode/37/usr/share/code/resources/app/extensions/merge-conflict/out/extension
[2018-06-11 01:01:42.615] [exthost1] [info] ExtensionService#_doActivateExtension Equinusocio.vsc-material-theme {"startup":true,"activationEvent":"*"}
[2018-06-11 01:01:42.615] [exthost1] [info] ExtensionService#loadCommonJSModule /home/humble_d/.vscode/extensions/Equinusocio.vsc-material-theme-2.1.0/extensions/material.theme.config.js
[2018-06-11 01:01:42.623] [exthost1] [info] ExtensionService#_doActivateExtension PKief.material-icon-theme {"startup":true,"activationEvent":"*"}
[2018-06-11 01:01:42.623] [exthost1] [info] ExtensionService#loadCommonJSModule /home/humble_d/.vscode/extensions/PKief.material-icon-theme-3.5.0/out/src/extension
[2018-06-11 01:01:42.654] [exthost1] [info] ExtensionService#_doActivateExtension Shan.code-settings-sync {"startup":true,"activationEvent":"*"}
[2018-06-11 01:01:42.654] [exthost1] [info] ExtensionService#loadCommonJSModule /home/humble_d/.vscode/extensions/Shan.code-settings-sync-2.9.2/out/src/extension
[2018-06-11 01:01:42.886] [exthost1] [info] ExtensionService#_doActivateExtension christian-kohler.path-intellisense {"startup":true,"activationEvent":"*"}
[2018-06-11 01:01:42.886] [exthost1] [info] ExtensionService#loadCommonJSModule /home/humble_d/.vscode/extensions/christian-kohler.path-intellisense-1.4.2/out/src/extension
[2018-06-11 01:01:42.893] [exthost1] [info] ExtensionService#_doActivateExtension dbaeumer.vscode-eslint {"startup":true,"activationEvent":"*"}
[2018-06-11 01:01:42.893] [exthost1] [info] ExtensionService#loadCommonJSModule /home/humble_d/.vscode/extensions/dbaeumer.vscode-eslint-1.4.12/client/out/extension
[2018-06-11 01:01:42.934] [exthost1] [info] ExtensionService#_doActivateExtension sfodje.perltidy {"startup":true,"activationEvent":"*"}
[2018-06-11 01:01:42.934] [exthost1] [info] ExtensionService#loadCommonJSModule /home/humble_d/.vscode/extensions/sfodje.perltidy-1.3.0/out/src/extension
[2018-06-11 01:01:43.179] [exthost1] [info] eager extensions activated
[2018-06-11 01:02:02.666] [exthost1] [info] ExtensionService#_doActivateExtension ms-vscode.cpptools {"startup":false,"activationEvent":"onLanguage:cpp"}
[2018-06-11 01:02:02.666] [exthost1] [info] ExtensionService#loadCommonJSModule /home/humble_d/.vscode/extensions/ms-vscode.cpptools-0.17.4/out/src/main
[2018-06-11 19:44:48.808] [exthost1] [info] extension host started
[2018-06-11 19:44:48.836] [exthost1] [info] ExtensionService#_doActivateExtension vscode.emmet {"startup":true,"activationEvent":"*"}
[2018-06-11 19:44:48.836] [exthost1] [info] ExtensionService#loadCommonJSModule /snap/vscode/37/usr/share/code/resources/app/extensions/emmet/out/extension
[2018-06-11 19:44:48.886] [exthost1] [info] ExtensionService#_doActivateExtension vscode.git {"startup":true,"activationEvent":"*"}
[2018-06-11 19:44:48.886] [exthost1] [info] ExtensionService#loadCommonJSModule /snap/vscode/37/usr/share/code/resources/app/extensions/git/out/main
[2018-06-11 19:44:49.042] [exthost1] [info] ExtensionService#_doActivateExtension vscode.merge-conflict {"startup":true,"activationEvent":"*"}
[2018-06-11 19:44:49.042] [exthost1] [info] ExtensionService#loadCommonJSModule /snap/vscode/37/usr/share/code/resources/app/extensions/merge-conflict/out/extension
[2018-06-11 19:44:49.052] [exthost1] [info] ExtensionService#_doActivateExtension Equinusocio.vsc-material-theme {"startup":true,"activationEvent":"*"}
[2018-06-11 19:44:49.052] [exthost1] [info] ExtensionService#loadCommonJSModule /home/humble_d/.vscode/extensions/Equinusocio.vsc-material-theme-2.1.0/extensions/material.theme.config.js
[2018-06-11 19:44:49.060] [exthost1] [info] ExtensionService#_doActivateExtension PKief.material-icon-theme {"startup":true,"activationEvent":"*"}
[2018-06-11 19:44:49.060] [exthost1] [info] ExtensionService#loadCommonJSModule /home/humble_d/.vscode/extensions/PKief.material-icon-theme-3.5.0/out/src/extension
[2018-06-11 19:44:49.092] [exthost1] [info] ExtensionService#_doActivateExtension Shan.code-settings-sync {"startup":true,"activationEvent":"*"}
[2018-06-11 19:44:49.092] [exthost1] [info] ExtensionService#loadCommonJSModule /home/humble_d/.vscode/extensions/Shan.code-settings-sync-2.9.2/out/src/extension
[2018-06-11 19:44:49.329] [exthost1] [info] ExtensionService#_doActivateExtension christian-kohler.path-intellisense {"startup":true,"activationEvent":"*"}
[2018-06-11 19:44:49.329] [exthost1] [info] ExtensionService#loadCommonJSModule /home/humble_d/.vscode/extensions/christian-kohler.path-intellisense-1.4.2/out/src/extension
[2018-06-11 19:44:49.337] [exthost1] [info] ExtensionService#_doActivateExtension dbaeumer.vscode-eslint {"startup":true,"activationEvent":"*"}
[2018-06-11 19:44:49.337] [exthost1] [info] ExtensionService#loadCommonJSModule /home/humble_d/.vscode/extensions/dbaeumer.vscode-eslint-1.4.12/client/out/extension
[2018-06-11 19:44:49.387] [exthost1] [info] ExtensionService#_doActivateExtension sfodje.perltidy {"startup":true,"activationEvent":"*"}
[2018-06-11 19:44:49.387] [exthost1] [info] ExtensionService#loadCommonJSModule /home/humble_d/.vscode/extensions/sfodje.perltidy-1.3.0/out/src/extension
[2018-06-11 19:44:49.399] [exthost1] [info] ExtensionService#_doActivateExtension vscode.npm {"startup":true,"activationEvent":"workspaceContains:package.json"}
[2018-06-11 19:44:49.399] [exthost1] [info] ExtensionService#loadCommonJSModule /snap/vscode/37/usr/share/code/resources/app/extensions/npm/out/main
[2018-06-11 19:44:49.768] [exthost1] [info] eager extensions activated
[2018-06-11 19:44:54.757] [exthost1] [info] ExtensionService#_doActivateExtension vscode.css-language-features {"startup":false,"activationEvent":"onLanguage:css"}
[2018-06-11 19:44:54.757] [exthost1] [info] ExtensionService#loadCommonJSModule /snap/vscode/37/usr/share/code/resources/app/extensions/css-language-features/client/out/cssMain
[2018-06-11 19:45:14.184] [exthost1] [info] ExtensionService#_doActivateExtension vscode.typescript-language-features {"startup":false,"activationEvent":"onLanguage:javascript"}
[2018-06-11 19:45:14.184] [exthost1] [info] ExtensionService#loadCommonJSModule /snap/vscode/37/usr/share/code/resources/app/extensions/typescript-language-features/out/extension
[2018-06-11 19:45:21.966] [exthost1] [info] ExtensionService#_doActivateExtension vscode.html-language-features {"startup":false,"activationEvent":"onLanguage:html"}
[2018-06-11 19:45:21.966] [exthost1] [info] ExtensionService#loadCommonJSModule /snap/vscode/37/usr/share/code/resources/app/extensions/html-language-features/client/out/htmlMain
[2018-06-11 19:48:36.693] [exthost1] [info] ExtensionService#_doActivateExtension vscode.extension-editing {"startup":false,"activationEvent":"onLanguage:typescript"}
[2018-06-11 19:48:36.693] [exthost1] [info] ExtensionService#loadCommonJSModule /snap/vscode/37/usr/share/code/resources/app/extensions/extension-editing/out/extension
[2018-06-11 21:20:12.671] [exthost1] [info] extension host started
[2018-06-11 21:20:12.707] [exthost1] [info] ExtensionService#_doActivateExtension vscode.emmet {"startup":true,"activationEvent":"*"}
[2018-06-11 21:20:12.707] [exthost1] [info] ExtensionService#loadCommonJSModule /snap/vscode/37/usr/share/code/resources/app/extensions/emmet/out/extension
[2018-06-11 21:20:12.788] [exthost1] [info] ExtensionService#_doActivateExtension vscode.git {"startup":true,"activationEvent":"*"}
[2018-06-11 21:20:12.788] [exthost1] [info] ExtensionService#loadCommonJSModule /snap/vscode/37/usr/share/code/resources/app/extensions/git/out/main
[2018-06-11 21:20:12.937] [exthost1] [info] ExtensionService#_doActivateExtension vscode.merge-conflict {"startup":true,"activationEvent":"*"}
[2018-06-11 21:20:12.937] [exthost1] [info] ExtensionService#loadCommonJSModule /snap/vscode/37/usr/share/code/resources/app/extensions/merge-conflict/out/extension
[2018-06-11 21:20:12.946] [exthost1] [info] ExtensionService#_doActivateExtension Equinusocio.vsc-material-theme {"startup":true,"activationEvent":"*"}
[2018-06-11 21:20:12.946] [exthost1] [info] ExtensionService#loadCommonJSModule /home/humble_d/.vscode/extensions/Equinusocio.vsc-material-theme-2.1.0/extensions/material.theme.config.js
[2018-06-11 21:20:12.954] [exthost1] [info] ExtensionService#_doActivateExtension PKief.material-icon-theme {"startup":true,"activationEvent":"*"}
[2018-06-11 21:20:12.954] [exthost1] [info] ExtensionService#loadCommonJSModule /home/humble_d/.vscode/extensions/PKief.material-icon-theme-3.5.0/out/src/extension
[2018-06-11 21:20:12.987] [exthost1] [info] ExtensionService#_doActivateExtension Shan.code-settings-sync {"startup":true,"activationEvent":"*"}
[2018-06-11 21:20:12.987] [exthost1] [info] ExtensionService#loadCommonJSModule /home/humble_d/.vscode/extensions/Shan.code-settings-sync-2.9.2/out/src/extension
[2018-06-11 21:20:13.231] [exthost1] [info] ExtensionService#_doActivateExtension christian-kohler.path-intellisense {"startup":true,"activationEvent":"*"}
[2018-06-11 21:20:13.231] [exthost1] [info] ExtensionService#loadCommonJSModule /home/humble_d/.vscode/extensions/christian-kohler.path-intellisense-1.4.2/out/src/extension
[2018-06-11 21:20:13.240] [exthost1] [info] ExtensionService#_doActivateExtension dbaeumer.vscode-eslint {"startup":true,"activationEvent":"*"}
[2018-06-11 21:20:13.240] [exthost1] [info] ExtensionService#loadCommonJSModule /home/humble_d/.vscode/extensions/dbaeumer.vscode-eslint-1.4.12/client/out/extension
[2018-06-11 21:20:13.281] [exthost1] [info] ExtensionService#_doActivateExtension sfodje.perltidy {"startup":true,"activationEvent":"*"}
[2018-06-11 21:20:13.281] [exthost1] [info] ExtensionService#loadCommonJSModule /home/humble_d/.vscode/extensions/sfodje.perltidy-1.3.0/out/src/extension
[2018-06-11 21:20:13.287] [exthost1] [info] ExtensionService#_doActivateExtension ms-vscode.cpptools {"startup":true,"activationEvent":"workspaceContains:/.vscode/c_cpp_properties.json"}
[2018-06-11 21:20:13.287] [exthost1] [info] ExtensionService#loadCommonJSModule /home/humble_d/.vscode/extensions/ms-vscode.cpptools-0.17.4/out/src/main
[2018-06-11 21:20:13.412] [exthost1] [info] eager extensions activated
[2018-06-14 10:53:38.274] [exthost1] [info] ExtensionService#_doActivateExtension vscode.configuration-editing {"startup":false,"activationEvent":"onLanguage:jsonc"}
[2018-06-14 10:53:38.274] [exthost1] [info] ExtensionService#loadCommonJSModule /snap/vscode/37/usr/share/code/resources/app/extensions/configuration-editing/out/extension
[2018-06-14 10:53:38.293] [exthost1] [info] ExtensionService#_doActivateExtension vscode.json-language-features {"startup":false,"activationEvent":"onLanguage:jsonc"}
[2018-06-14 10:53:38.293] [exthost1] [info] ExtensionService#loadCommonJSModule /snap/vscode/37/usr/share/code/resources/app/extensions/json-language-features/client/out/jsonMain
