[2018-06-02 19:04:20.685] [sharedprocess] [info] main {"machineId":"9a9c898b4fc5c6db4f0556946ebf81be89e1ea17d22c85309a73d7d07d400d4c"}
[2018-06-02 19:04:20.793] [sharedprocess] [info] Scanned user extensions: 16
[2018-06-02 19:04:20.929] [sharedprocess] [info] Scanned system extensions: 69
[2018-06-02 19:04:20.932] [sharedprocess] [info] Deleted from disk redhat.java-0.25.0
[2018-06-02 19:04:20.935] [sharedprocess] [info] Deleted from disk PKief.material-icon-theme-3.4.0
[2018-06-02 19:04:20.935] [sharedprocess] [info] Deleted from disk ms-vscode.cpptools-0.17.3
[2018-06-02 19:04:21.553] [sharedprocess] [info] Scanned user extensions: 16
[2018-06-02 19:04:21.555] [sharedprocess] [info] Scanned user extensions: 16
[2018-06-02 19:04:21.582] [sharedprocess] [info] Scanned system extensions: 69
[2018-06-02 19:04:21.673] [sharedprocess] [info] Scanned user extensions: 16
[2018-06-02 19:04:23.573] [sharedprocess] [info] Installing extension: vscode-markdownlint
[2018-06-02 19:04:23.600] [sharedprocess] [info] Scanned user extensions: 16
[2018-06-02 19:04:24.707] [sharedprocess] [info] Scanned user extensions: 16
[2018-06-02 19:04:25.261] [sharedprocess] [info] Downloaded extension: vscode-markdownlint
[2018-06-02 19:04:25.725] [sharedprocess] [info] Extracted extension to /home/humble_d/.vscode/extensions/.DavidAnson.vscode-markdownlint-0.18.0: DavidAnson.vscode-markdownlint-0.18.0
[2018-06-02 19:04:25.725] [sharedprocess] [info] Renamed to /home/humble_d/.vscode/extensions/DavidAnson.vscode-markdownlint-0.18.0
[2018-06-02 19:04:25.725] [sharedprocess] [info] Installation completed. DavidAnson.vscode-markdownlint-0.18.0
[2018-06-02 19:04:25.736] [sharedprocess] [info] Extensions installed successfully: DavidAnson.vscode-markdownlint
[2018-06-02 19:04:25.950] [sharedprocess] [info] Scanned user extensions: 16
[2018-06-02 19:04:25.982] [sharedprocess] [info] Scanned system extensions: 69
[2018-06-02 19:05:00.695] [sharedprocess] [info] Starting to clean up unused language packs.
[2018-06-02 19:07:11.883] [sharedprocess] [info] Scanned user extensions: 16
[2018-06-02 19:09:24.901] [sharedprocess] [info] Scanned user extensions: 16
[2018-06-02 19:14:24.955] [sharedprocess] [info] Scanned user extensions: 16
[2018-06-02 19:19:24.999] [sharedprocess] [info] Scanned user extensions: 16
[2018-06-02 19:24:25.046] [sharedprocess] [info] Scanned user extensions: 16
[2018-06-02 19:29:25.086] [sharedprocess] [info] Scanned user extensions: 16
[2018-06-02 19:34:25.129] [sharedprocess] [info] Scanned user extensions: 16
[2018-06-02 19:39:25.190] [sharedprocess] [info] Scanned user extensions: 16
[2018-06-02 19:44:25.222] [sharedprocess] [info] Scanned user extensions: 16
[2018-06-02 19:49:25.273] [sharedprocess] [info] Scanned user extensions: 16
[2018-06-02 19:54:25.318] [sharedprocess] [info] Scanned user extensions: 16
[2018-06-02 19:59:25.346] [sharedprocess] [info] Scanned user extensions: 16
[2018-06-02 20:04:25.383] [sharedprocess] [info] Scanned user extensions: 16
[2018-06-02 20:09:25.604] [sharedprocess] [info] Scanned user extensions: 16
[2018-06-02 20:14:25.642] [sharedprocess] [info] Scanned user extensions: 16
[2018-06-02 20:19:25.685] [sharedprocess] [info] Scanned user extensions: 16
[2018-06-02 20:24:25.726] [sharedprocess] [info] Scanned user extensions: 16
[2018-06-02 20:29:25.765] [sharedprocess] [info] Scanned user extensions: 16
[2018-06-02 20:34:25.809] [sharedprocess] [info] Scanned user extensions: 16
[2018-06-02 20:39:25.838] [sharedprocess] [info] Scanned user extensions: 16
[2018-06-02 20:44:25.877] [sharedprocess] [info] Scanned user extensions: 16
[2018-06-02 20:49:25.901] [sharedprocess] [info] Scanned user extensions: 16
[2018-06-02 20:54:25.946] [sharedprocess] [info] Scanned user extensions: 16
[2018-06-02 20:59:25.964] [sharedprocess] [info] Scanned user extensions: 16
[2018-06-02 21:04:26.010] [sharedprocess] [info] Scanned user extensions: 16
[2018-06-02 21:09:26.203] [sharedprocess] [info] Scanned user extensions: 16
[2018-06-02 21:14:26.247] [sharedprocess] [info] Scanned user extensions: 16
[2018-06-02 21:19:26.288] [sharedprocess] [info] Scanned user extensions: 16
[2018-06-02 21:24:26.340] [sharedprocess] [info] Scanned user extensions: 16
[2018-06-02 21:29:26.380] [sharedprocess] [info] Scanned user extensions: 16
[2018-06-02 22:08:05.502] [sharedprocess] [info] Scanned user extensions: 16
[2018-06-02 22:13:05.702] [sharedprocess] [info] Scanned user extensions: 16
[2018-06-02 22:18:05.755] [sharedprocess] [info] Scanned user extensions: 16
[2018-06-02 22:23:05.804] [sharedprocess] [info] Scanned user extensions: 16
[2018-06-02 22:28:05.850] [sharedprocess] [info] Scanned user extensions: 16
[2018-06-02 22:33:05.896] [sharedprocess] [info] Scanned user extensions: 16
[2018-06-02 22:38:05.942] [sharedprocess] [info] Scanned user extensions: 16
[2018-06-02 22:43:06.802] [sharedprocess] [info] Scanned user extensions: 16
[2018-06-02 22:48:06.845] [sharedprocess] [info] Scanned user extensions: 16
[2018-06-02 22:53:06.892] [sharedprocess] [info] Scanned user extensions: 16
[2018-06-02 22:58:06.946] [sharedprocess] [info] Scanned user extensions: 16
[2018-06-02 23:03:06.983] [sharedprocess] [info] Scanned user extensions: 16
[2018-06-02 23:08:07.026] [sharedprocess] [info] Scanned user extensions: 16
[2018-06-02 23:13:07.210] [sharedprocess] [info] Scanned user extensions: 16
[2018-06-02 23:18:07.259] [sharedprocess] [info] Scanned user extensions: 16
[2018-06-02 23:23:07.304] [sharedprocess] [info] Scanned user extensions: 16
[2018-06-02 23:28:07.325] [sharedprocess] [info] Scanned user extensions: 16
[2018-06-02 23:33:07.373] [sharedprocess] [info] Scanned user extensions: 16
[2018-06-02 23:38:07.424] [sharedprocess] [info] Scanned user extensions: 16
[2018-06-02 23:43:07.472] [sharedprocess] [info] Scanned user extensions: 16
[2018-06-02 23:48:07.522] [sharedprocess] [info] Scanned user extensions: 16
[2018-06-02 23:53:07.574] [sharedprocess] [info] Scanned user extensions: 16
[2018-06-02 23:58:07.622] [sharedprocess] [info] Scanned user extensions: 16
[2018-06-03 00:03:07.673] [sharedprocess] [info] Scanned user extensions: 16
[2018-06-03 00:08:07.724] [sharedprocess] [info] Scanned user extensions: 16
[2018-06-03 00:13:07.926] [sharedprocess] [info] Scanned user extensions: 16
[2018-06-03 00:18:07.958] [sharedprocess] [info] Scanned user extensions: 16
[2018-06-03 00:23:07.980] [sharedprocess] [info] Scanned user extensions: 16
[2018-06-03 00:28:07.998] [sharedprocess] [info] Scanned user extensions: 16
[2018-06-03 00:33:08.036] [sharedprocess] [info] Scanned user extensions: 16
[2018-06-03 00:38:08.089] [sharedprocess] [info] Scanned user extensions: 16
[2018-06-03 00:43:08.141] [sharedprocess] [info] Scanned user extensions: 16
[2018-06-03 00:48:08.180] [sharedprocess] [info] Scanned user extensions: 16
[2018-06-03 00:53:08.229] [sharedprocess] [info] Scanned user extensions: 16
[2018-06-03 08:38:04.068] [sharedprocess] [info] Scanned user extensions: 16
[2018-06-03 08:43:04.113] [sharedprocess] [info] Scanned user extensions: 16
[2018-06-03 08:48:04.146] [sharedprocess] [info] Scanned user extensions: 16
[2018-06-03 08:53:04.187] [sharedprocess] [info] Scanned user extensions: 16
[2018-06-03 08:58:04.220] [sharedprocess] [info] Scanned user extensions: 16
[2018-06-03 09:03:04.257] [sharedprocess] [info] Scanned user extensions: 16
[2018-06-03 09:08:04.311] [sharedprocess] [info] Scanned user extensions: 16
[2018-06-03 09:13:04.823] [sharedprocess] [info] Scanned user extensions: 16
[2018-06-03 09:18:04.870] [sharedprocess] [info] Scanned user extensions: 16
[2018-06-03 09:23:04.916] [sharedprocess] [info] Scanned user extensions: 16
[2018-06-03 09:28:04.957] [sharedprocess] [info] Scanned user extensions: 16
[2018-06-03 09:33:04.983] [sharedprocess] [info] Scanned user extensions: 16
[2018-06-03 09:38:07.757] [sharedprocess] [info] Scanned user extensions: 16
[2018-06-03 09:43:07.845] [sharedprocess] [info] Scanned user extensions: 16
[2018-06-03 09:48:07.882] [sharedprocess] [info] Scanned user extensions: 16
[2018-06-03 09:53:07.925] [sharedprocess] [info] Scanned user extensions: 16
[2018-06-03 09:58:07.956] [sharedprocess] [info] Scanned user extensions: 16
[2018-06-03 10:03:07.982] [sharedprocess] [info] Scanned user extensions: 16
[2018-06-03 10:08:08.030] [sharedprocess] [info] Scanned user extensions: 16
[2018-06-03 10:13:08.060] [sharedprocess] [info] Scanned user extensions: 16
[2018-06-03 10:18:08.126] [sharedprocess] [info] Scanned user extensions: 16
[2018-06-03 10:23:08.205] [sharedprocess] [info] Scanned user extensions: 16
[2018-06-03 10:28:08.274] [sharedprocess] [info] Scanned user extensions: 16
[2018-06-03 10:33:08.340] [sharedprocess] [info] Scanned user extensions: 16
[2018-06-03 10:38:08.534] [sharedprocess] [info] Scanned user extensions: 16
[2018-06-03 10:43:08.593] [sharedprocess] [info] Scanned user extensions: 16
[2018-06-03 10:48:08.628] [sharedprocess] [info] Scanned user extensions: 16
[2018-06-03 10:53:08.687] [sharedprocess] [info] Scanned user extensions: 16
[2018-06-03 10:58:08.744] [sharedprocess] [info] Scanned user extensions: 16
[2018-06-03 11:03:08.773] [sharedprocess] [info] Scanned user extensions: 16
[2018-06-03 11:08:08.810] [sharedprocess] [info] Scanned user extensions: 16
[2018-06-03 11:13:08.852] [sharedprocess] [info] Scanned user extensions: 16
[2018-06-03 11:18:08.895] [sharedprocess] [info] Scanned user extensions: 16
[2018-06-03 11:23:08.951] [sharedprocess] [info] Scanned user extensions: 16
[2018-06-03 11:28:09.019] [sharedprocess] [info] Scanned user extensions: 16
[2018-06-03 11:33:09.106] [sharedprocess] [info] Scanned user extensions: 16
[2018-06-03 11:38:09.347] [sharedprocess] [info] Scanned user extensions: 16
[2018-06-03 11:43:09.401] [sharedprocess] [info] Scanned user extensions: 16
[2018-06-03 11:48:09.447] [sharedprocess] [info] Scanned user extensions: 16
[2018-06-03 11:53:09.479] [sharedprocess] [info] Scanned user extensions: 16
[2018-06-03 11:58:09.515] [sharedprocess] [info] Scanned user extensions: 16
[2018-06-03 12:03:09.555] [sharedprocess] [info] Scanned user extensions: 16
[2018-06-03 12:08:09.594] [sharedprocess] [info] Scanned user extensions: 16
[2018-06-03 12:13:09.656] [sharedprocess] [info] Scanned user extensions: 16
[2018-06-03 12:18:09.703] [sharedprocess] [info] Scanned user extensions: 16
[2018-06-03 12:23:09.748] [sharedprocess] [info] Scanned user extensions: 16
[2018-06-03 12:28:09.785] [sharedprocess] [info] Scanned user extensions: 16
[2018-06-03 12:33:09.826] [sharedprocess] [info] Scanned user extensions: 16
[2018-06-03 12:38:10.044] [sharedprocess] [info] Scanned user extensions: 16
[2018-06-03 12:43:10.091] [sharedprocess] [info] Scanned user extensions: 16
[2018-06-03 12:48:10.110] [sharedprocess] [info] Scanned user extensions: 16
[2018-06-03 12:53:10.158] [sharedprocess] [info] Scanned user extensions: 16
[2018-06-03 12:58:10.196] [sharedprocess] [info] Scanned user extensions: 16
[2018-06-03 13:03:10.222] [sharedprocess] [info] Scanned user extensions: 16
[2018-06-03 13:08:10.239] [sharedprocess] [info] Scanned user extensions: 16
[2018-06-03 13:13:10.298] [sharedprocess] [info] Scanned user extensions: 16
[2018-06-03 13:18:10.354] [sharedprocess] [info] Scanned user extensions: 16
[2018-06-03 13:23:10.394] [sharedprocess] [info] Scanned user extensions: 16
[2018-06-03 13:28:10.430] [sharedprocess] [info] Scanned user extensions: 16
[2018-06-03 13:33:10.469] [sharedprocess] [info] Scanned user extensions: 16
[2018-06-03 13:38:10.667] [sharedprocess] [info] Scanned user extensions: 16
[2018-06-03 13:43:10.722] [sharedprocess] [info] Scanned user extensions: 16
[2018-06-03 13:48:10.753] [sharedprocess] [info] Scanned user extensions: 16
[2018-06-03 13:53:10.773] [sharedprocess] [info] Scanned user extensions: 16
[2018-06-03 13:58:10.792] [sharedprocess] [info] Scanned user extensions: 16
[2018-06-03 14:03:10.813] [sharedprocess] [info] Scanned user extensions: 16
[2018-06-03 14:08:10.843] [sharedprocess] [info] Scanned user extensions: 16
[2018-06-03 14:13:10.882] [sharedprocess] [info] Scanned user extensions: 16
[2018-06-03 14:18:10.920] [sharedprocess] [info] Scanned user extensions: 16
[2018-06-03 14:23:10.970] [sharedprocess] [info] Scanned user extensions: 16
[2018-06-03 14:28:11.016] [sharedprocess] [info] Scanned user extensions: 16
[2018-06-03 14:33:11.062] [sharedprocess] [info] Scanned user extensions: 16
[2018-06-03 14:38:11.250] [sharedprocess] [info] Scanned user extensions: 16
[2018-06-03 14:43:11.293] [sharedprocess] [info] Scanned user extensions: 16
[2018-06-03 14:48:11.318] [sharedprocess] [info] Scanned user extensions: 16
[2018-06-03 14:53:11.359] [sharedprocess] [info] Scanned user extensions: 16
[2018-06-03 14:58:11.410] [sharedprocess] [info] Scanned user extensions: 16
[2018-06-03 16:51:41.712] [sharedprocess] [info] Scanned user extensions: 16
[2018-06-03 16:56:41.758] [sharedprocess] [info] Scanned user extensions: 16
[2018-06-03 17:01:41.780] [sharedprocess] [info] Scanned user extensions: 16
[2018-06-03 17:06:41.811] [sharedprocess] [info] Scanned user extensions: 16
[2018-06-03 17:11:41.845] [sharedprocess] [info] Scanned user extensions: 16
[2018-06-03 17:16:41.865] [sharedprocess] [info] Scanned user extensions: 16
[2018-06-03 17:21:41.906] [sharedprocess] [info] Scanned user extensions: 16
[2018-06-03 17:26:42.350] [sharedprocess] [info] Scanned user extensions: 16
[2018-06-03 17:31:42.409] [sharedprocess] [info] Scanned user extensions: 16
[2018-06-03 17:36:42.476] [sharedprocess] [info] Scanned user extensions: 16
[2018-06-03 17:41:42.529] [sharedprocess] [info] Scanned user extensions: 16
[2018-06-03 17:46:42.550] [sharedprocess] [info] Scanned user extensions: 16
[2018-06-03 17:51:42.743] [sharedprocess] [info] Scanned user extensions: 16
[2018-06-03 17:56:42.781] [sharedprocess] [info] Scanned user extensions: 16
[2018-06-03 18:01:42.813] [sharedprocess] [info] Scanned user extensions: 16
[2018-06-03 18:06:42.917] [sharedprocess] [info] Scanned user extensions: 16
[2018-06-03 18:11:42.969] [sharedprocess] [info] Scanned user extensions: 16
[2018-06-03 18:16:43.015] [sharedprocess] [info] Scanned user extensions: 16
[2018-06-03 18:21:43.059] [sharedprocess] [info] Scanned user extensions: 16
[2018-06-03 18:26:43.098] [sharedprocess] [info] Scanned user extensions: 16
[2018-06-03 18:31:43.164] [sharedprocess] [info] Scanned user extensions: 16
[2018-06-03 18:36:43.227] [sharedprocess] [info] Scanned user extensions: 16
[2018-06-03 18:41:43.304] [sharedprocess] [info] Scanned user extensions: 16
[2018-06-03 18:46:43.334] [sharedprocess] [info] Scanned user extensions: 16
[2018-06-03 18:51:43.512] [sharedprocess] [info] Scanned user extensions: 16
[2018-06-03 18:56:43.538] [sharedprocess] [info] Scanned user extensions: 16
[2018-06-03 19:01:17.669] [sharedprocess] [info] Scanned user extensions: 16
[2018-06-03 19:01:43.578] [sharedprocess] [info] Scanned user extensions: 16
[2018-06-03 19:06:43.619] [sharedprocess] [info] Scanned user extensions: 16
[2018-06-03 19:11:43.670] [sharedprocess] [info] Scanned user extensions: 16
[2018-06-03 19:16:43.721] [sharedprocess] [info] Scanned user extensions: 16
[2018-06-03 19:21:43.762] [sharedprocess] [info] Scanned user extensions: 16
[2018-06-03 20:07:58.291] [sharedprocess] [info] Scanned user extensions: 16
[2018-06-03 20:12:58.330] [sharedprocess] [info] Scanned user extensions: 16
[2018-06-03 20:17:58.365] [sharedprocess] [info] Scanned user extensions: 16
[2018-06-03 20:22:58.391] [sharedprocess] [info] Scanned user extensions: 16
[2018-06-03 20:27:58.422] [sharedprocess] [info] Scanned user extensions: 16
[2018-06-03 20:32:58.470] [sharedprocess] [info] Scanned user extensions: 16
[2018-06-03 20:37:58.494] [sharedprocess] [info] Scanned user extensions: 16
[2018-06-03 20:42:59.234] [sharedprocess] [info] Scanned user extensions: 16
[2018-06-03 20:47:59.277] [sharedprocess] [info] Scanned user extensions: 16
[2018-06-03 20:52:59.309] [sharedprocess] [info] Scanned user extensions: 16
[2018-06-03 20:57:59.332] [sharedprocess] [info] Scanned user extensions: 16
[2018-06-03 21:02:59.371] [sharedprocess] [info] Scanned user extensions: 16
[2018-06-03 21:07:59.571] [sharedprocess] [info] Scanned user extensions: 16
[2018-06-03 21:12:59.608] [sharedprocess] [info] Scanned user extensions: 16
[2018-06-03 21:17:59.658] [sharedprocess] [info] Scanned user extensions: 16
[2018-06-03 21:22:59.719] [sharedprocess] [info] Scanned user extensions: 16
[2018-06-03 21:27:59.778] [sharedprocess] [info] Scanned user extensions: 16
[2018-06-03 21:32:59.817] [sharedprocess] [info] Scanned user extensions: 16
[2018-06-03 21:37:59.872] [sharedprocess] [info] Scanned user extensions: 16
[2018-06-03 21:42:59.915] [sharedprocess] [info] Scanned user extensions: 16
[2018-06-03 21:47:59.963] [sharedprocess] [info] Scanned user extensions: 16
[2018-06-03 21:53:00.022] [sharedprocess] [info] Scanned user extensions: 16
[2018-06-03 21:58:00.057] [sharedprocess] [info] Scanned user extensions: 16
[2018-06-03 22:03:00.097] [sharedprocess] [info] Scanned user extensions: 16
[2018-06-03 22:08:00.292] [sharedprocess] [info] Scanned user extensions: 16
[2018-06-03 22:13:00.348] [sharedprocess] [info] Scanned user extensions: 16
[2018-06-03 22:18:00.394] [sharedprocess] [info] Scanned user extensions: 16
[2018-06-03 22:23:00.435] [sharedprocess] [info] Scanned user extensions: 16
[2018-06-03 22:28:00.478] [sharedprocess] [info] Scanned user extensions: 16
[2018-06-03 22:33:00.506] [sharedprocess] [info] Scanned user extensions: 16
[2018-06-03 22:38:00.536] [sharedprocess] [info] Scanned user extensions: 16
[2018-06-03 22:43:00.558] [sharedprocess] [info] Scanned user extensions: 16
[2018-06-03 22:48:00.616] [sharedprocess] [info] Scanned user extensions: 16
[2018-06-03 22:53:00.674] [sharedprocess] [info] Scanned user extensions: 16
[2018-06-03 22:58:00.742] [sharedprocess] [info] Scanned user extensions: 16
[2018-06-04 19:08:19.309] [sharedprocess] [info] Scanned user extensions: 16
[2018-06-04 19:13:19.357] [sharedprocess] [info] Scanned user extensions: 16
[2018-06-04 19:18:19.410] [sharedprocess] [info] Scanned user extensions: 16
[2018-06-04 19:23:19.457] [sharedprocess] [info] Scanned user extensions: 16
[2018-06-04 19:28:19.484] [sharedprocess] [info] Scanned user extensions: 16
[2018-06-04 19:33:19.523] [sharedprocess] [info] Scanned user extensions: 16
[2018-06-04 19:38:19.548] [sharedprocess] [info] Scanned user extensions: 16
[2018-06-04 19:43:20.903] [sharedprocess] [info] Scanned user extensions: 16
[2018-06-04 19:48:20.946] [sharedprocess] [info] Scanned user extensions: 16
[2018-06-04 19:53:20.987] [sharedprocess] [info] Scanned user extensions: 16
[2018-06-04 19:58:21.028] [sharedprocess] [info] Scanned user extensions: 16
[2018-06-04 20:03:21.072] [sharedprocess] [info] Scanned user extensions: 16
[2018-06-04 20:08:21.296] [sharedprocess] [info] Scanned user extensions: 16
[2018-06-04 20:13:21.371] [sharedprocess] [info] Scanned user extensions: 16
[2018-06-04 20:18:21.422] [sharedprocess] [info] Scanned user extensions: 16
[2018-06-04 20:23:21.478] [sharedprocess] [info] Scanned user extensions: 16
[2018-06-04 20:28:21.515] [sharedprocess] [info] Scanned user extensions: 16
[2018-06-04 20:33:21.559] [sharedprocess] [info] Scanned user extensions: 16
[2018-06-04 20:38:21.599] [sharedprocess] [info] Scanned user extensions: 16
[2018-06-04 20:43:21.623] [sharedprocess] [info] Scanned user extensions: 16
[2018-06-04 20:48:21.662] [sharedprocess] [info] Scanned user extensions: 16
[2018-06-04 20:53:21.704] [sharedprocess] [info] Scanned user extensions: 16
[2018-06-04 20:58:21.744] [sharedprocess] [info] Scanned user extensions: 16
[2018-06-04 21:03:21.772] [sharedprocess] [info] Scanned user extensions: 16
[2018-06-04 21:08:21.966] [sharedprocess] [info] Scanned user extensions: 16
[2018-06-04 21:13:22.004] [sharedprocess] [info] Scanned user extensions: 16
[2018-06-04 21:18:22.046] [sharedprocess] [info] Scanned user extensions: 16
[2018-06-04 21:23:22.090] [sharedprocess] [info] Scanned user extensions: 16
[2018-06-04 21:28:22.134] [sharedprocess] [info] Scanned user extensions: 16
[2018-06-04 21:33:22.173] [sharedprocess] [info] Scanned user extensions: 16
[2018-06-04 21:38:22.230] [sharedprocess] [info] Scanned user extensions: 16
[2018-06-04 21:43:22.253] [sharedprocess] [info] Scanned user extensions: 16
[2018-06-04 21:48:22.299] [sharedprocess] [info] Scanned user extensions: 16
[2018-06-04 21:53:22.343] [sharedprocess] [info] Scanned user extensions: 16
[2018-06-04 21:58:22.383] [sharedprocess] [info] Scanned user extensions: 16
[2018-06-04 22:03:22.425] [sharedprocess] [info] Scanned user extensions: 16
[2018-06-04 22:08:22.647] [sharedprocess] [info] Scanned user extensions: 16
[2018-06-04 22:13:22.690] [sharedprocess] [info] Scanned user extensions: 16
[2018-06-04 22:18:22.735] [sharedprocess] [info] Scanned user extensions: 16
[2018-06-04 22:23:22.773] [sharedprocess] [info] Scanned user extensions: 16
[2018-06-04 22:28:22.814] [sharedprocess] [info] Scanned user extensions: 16
[2018-06-04 22:33:22.853] [sharedprocess] [info] Scanned user extensions: 16
[2018-06-04 22:38:22.910] [sharedprocess] [info] Scanned user extensions: 16
[2018-06-04 22:43:22.951] [sharedprocess] [info] Scanned user extensions: 16
[2018-06-04 22:48:22.993] [sharedprocess] [info] Scanned user extensions: 16
[2018-06-04 22:53:23.030] [sharedprocess] [info] Scanned user extensions: 16
[2018-06-04 22:58:23.072] [sharedprocess] [info] Scanned user extensions: 16
[2018-06-04 23:03:23.111] [sharedprocess] [info] Scanned user extensions: 16
[2018-06-04 23:08:23.283] [sharedprocess] [info] Scanned user extensions: 16
[2018-06-04 23:13:23.314] [sharedprocess] [info] Scanned user extensions: 16
[2018-06-04 23:18:23.363] [sharedprocess] [info] Scanned user extensions: 16
[2018-06-04 23:23:23.400] [sharedprocess] [info] Scanned user extensions: 16
[2018-06-05 18:56:00.366] [sharedprocess] [info] Scanned user extensions: 16
[2018-06-05 19:01:00.400] [sharedprocess] [info] Scanned user extensions: 16
[2018-06-05 19:06:00.424] [sharedprocess] [info] Scanned user extensions: 16
[2018-06-05 19:11:00.459] [sharedprocess] [info] Scanned user extensions: 16
[2018-06-05 20:04:12.996] [sharedprocess] [info] Scanned user extensions: 16
[2018-06-05 20:09:13.056] [sharedprocess] [info] Scanned user extensions: 16
[2018-06-05 20:14:13.096] [sharedprocess] [info] Scanned user extensions: 16
[2018-06-05 20:19:13.136] [sharedprocess] [info] Scanned user extensions: 16
[2018-06-05 20:24:13.206] [sharedprocess] [info] Scanned user extensions: 16
[2018-06-05 20:29:13.248] [sharedprocess] [info] Scanned user extensions: 16
[2018-06-05 20:34:15.236] [sharedprocess] [info] Scanned user extensions: 16
[2018-06-05 20:39:15.275] [sharedprocess] [info] Scanned user extensions: 16
[2018-06-05 20:44:15.301] [sharedprocess] [info] Scanned user extensions: 16
[2018-06-05 20:49:15.334] [sharedprocess] [info] Scanned user extensions: 16
[2018-06-05 20:54:15.349] [sharedprocess] [info] Scanned user extensions: 16
[2018-06-05 20:59:15.375] [sharedprocess] [info] Scanned user extensions: 16
[2018-06-05 21:04:15.564] [sharedprocess] [info] Scanned user extensions: 16
[2018-06-05 21:09:15.606] [sharedprocess] [info] Scanned user extensions: 16
[2018-06-05 21:14:15.649] [sharedprocess] [info] Scanned user extensions: 16
[2018-06-05 21:19:15.671] [sharedprocess] [info] Scanned user extensions: 16
[2018-06-05 21:24:15.687] [sharedprocess] [info] Scanned user extensions: 16
[2018-06-05 21:29:15.724] [sharedprocess] [info] Scanned user extensions: 16
[2018-06-05 21:34:15.760] [sharedprocess] [info] Scanned user extensions: 16
[2018-06-05 21:39:15.801] [sharedprocess] [info] Scanned user extensions: 16
[2018-06-05 21:44:15.840] [sharedprocess] [info] Scanned user extensions: 16
[2018-06-05 21:49:15.888] [sharedprocess] [info] Scanned user extensions: 16
[2018-06-05 21:54:15.952] [sharedprocess] [info] Scanned user extensions: 16
[2018-06-05 21:59:15.994] [sharedprocess] [info] Scanned user extensions: 16
[2018-06-05 22:04:16.182] [sharedprocess] [info] Scanned user extensions: 16
[2018-06-05 22:08:57.513] [sharedprocess] [info] Installing extension: vscode-eslint
[2018-06-05 22:08:57.543] [sharedprocess] [info] Scanned user extensions: 16
[2018-06-05 22:08:58.987] [sharedprocess] [info] Downloaded extension: vscode-eslint
[2018-06-05 22:08:59.206] [sharedprocess] [info] Extracted extension to /home/humble_d/.vscode/extensions/.dbaeumer.vscode-eslint-1.4.12: dbaeumer.vscode-eslint-1.4.12
[2018-06-05 22:08:59.206] [sharedprocess] [info] Renamed to /home/humble_d/.vscode/extensions/dbaeumer.vscode-eslint-1.4.12
[2018-06-05 22:08:59.206] [sharedprocess] [info] Installation completed. dbaeumer.vscode-eslint-1.4.12
[2018-06-05 22:08:59.215] [sharedprocess] [info] Extensions installed successfully: dbaeumer.vscode-eslint
[2018-06-05 22:08:59.361] [sharedprocess] [info] Scanned user extensions: 16
[2018-06-05 22:08:59.380] [sharedprocess] [info] Scanned system extensions: 69
[2018-06-05 22:09:16.222] [sharedprocess] [info] Scanned user extensions: 16
[2018-06-05 22:14:16.271] [sharedprocess] [info] Scanned user extensions: 16
[2018-06-05 22:19:16.299] [sharedprocess] [info] Scanned user extensions: 16
[2018-06-05 22:24:16.339] [sharedprocess] [info] Scanned user extensions: 16
[2018-06-05 22:29:16.378] [sharedprocess] [info] Scanned user extensions: 16
[2018-06-05 22:34:16.415] [sharedprocess] [info] Scanned user extensions: 16
[2018-06-05 22:39:16.441] [sharedprocess] [info] Scanned user extensions: 16
[2018-06-05 22:44:16.458] [sharedprocess] [info] Scanned user extensions: 16
[2018-06-06 19:21:09.874] [sharedprocess] [info] Scanned user extensions: 16
[2018-06-06 19:26:09.917] [sharedprocess] [info] Scanned user extensions: 16
[2018-06-06 19:31:09.958] [sharedprocess] [info] Scanned user extensions: 16
[2018-06-06 19:36:09.999] [sharedprocess] [info] Scanned user extensions: 16
[2018-06-06 19:41:10.043] [sharedprocess] [info] Scanned user extensions: 16
[2018-06-06 20:15:32.857] [sharedprocess] [info] Scanned user extensions: 16
[2018-06-06 20:20:32.909] [sharedprocess] [info] Scanned user extensions: 16
[2018-06-06 20:25:33.160] [sharedprocess] [info] Scanned user extensions: 16
[2018-06-06 20:30:33.230] [sharedprocess] [info] Scanned user extensions: 16
[2018-06-06 20:35:33.276] [sharedprocess] [info] Scanned user extensions: 16
[2018-06-06 20:40:33.382] [sharedprocess] [info] Scanned user extensions: 16
[2018-06-06 20:45:33.431] [sharedprocess] [info] Scanned user extensions: 16
[2018-06-06 20:50:35.717] [sharedprocess] [info] Scanned user extensions: 16
[2018-06-06 20:55:35.756] [sharedprocess] [info] Scanned user extensions: 16
[2018-06-06 21:00:35.803] [sharedprocess] [info] Scanned user extensions: 16
[2018-06-06 21:05:35.846] [sharedprocess] [info] Scanned user extensions: 16
[2018-06-06 21:10:35.889] [sharedprocess] [info] Scanned user extensions: 16
[2018-06-06 21:15:35.928] [sharedprocess] [info] Scanned user extensions: 16
[2018-06-06 21:20:35.959] [sharedprocess] [info] Scanned user extensions: 16
[2018-06-06 21:25:36.151] [sharedprocess] [info] Scanned user extensions: 16
[2018-06-06 21:30:36.179] [sharedprocess] [info] Scanned user extensions: 16
[2018-06-06 21:35:36.213] [sharedprocess] [info] Scanned user extensions: 16
[2018-06-06 21:40:36.249] [sharedprocess] [info] Scanned user extensions: 16
[2018-06-06 21:45:36.276] [sharedprocess] [info] Scanned user extensions: 16
[2018-06-06 21:50:36.330] [sharedprocess] [info] Scanned user extensions: 16
[2018-06-08 20:50:54.830] [sharedprocess] [info] Scanned user extensions: 16
[2018-06-08 20:55:54.852] [sharedprocess] [info] Scanned user extensions: 16
[2018-06-08 21:00:54.894] [sharedprocess] [info] Scanned user extensions: 16
[2018-06-08 21:05:54.948] [sharedprocess] [info] Scanned user extensions: 16
[2018-06-08 21:10:54.983] [sharedprocess] [info] Scanned user extensions: 16
[2018-06-09 07:04:57.717] [sharedprocess] [info] Scanned user extensions: 16
[2018-06-09 07:09:57.768] [sharedprocess] [info] Scanned user extensions: 16
[2018-06-09 07:14:57.822] [sharedprocess] [info] Scanned user extensions: 16
[2018-06-09 07:19:57.866] [sharedprocess] [info] Scanned user extensions: 16
[2018-06-09 07:24:57.924] [sharedprocess] [info] Scanned user extensions: 16
[2018-06-09 07:29:57.977] [sharedprocess] [info] Scanned user extensions: 16
[2018-06-09 07:34:58.042] [sharedprocess] [info] Scanned user extensions: 16
[2018-06-09 07:40:01.655] [sharedprocess] [info] Scanned user extensions: 16
[2018-06-09 07:45:01.697] [sharedprocess] [info] Scanned user extensions: 16
[2018-06-09 07:50:01.737] [sharedprocess] [info] Scanned user extensions: 16
[2018-06-09 07:55:01.767] [sharedprocess] [info] Scanned user extensions: 16
[2018-06-09 08:00:01.804] [sharedprocess] [info] Scanned user extensions: 16
[2018-06-09 08:05:02.433] [sharedprocess] [info] Scanned user extensions: 16
[2018-06-09 08:10:02.480] [sharedprocess] [info] Scanned user extensions: 16
[2018-06-09 08:15:02.535] [sharedprocess] [info] Scanned user extensions: 16
[2018-06-09 08:20:02.602] [sharedprocess] [info] Scanned user extensions: 16
[2018-06-09 08:25:02.669] [sharedprocess] [info] Scanned user extensions: 16
[2018-06-09 08:30:02.708] [sharedprocess] [info] Scanned user extensions: 16
[2018-06-09 08:35:02.753] [sharedprocess] [info] Scanned user extensions: 16
[2018-06-09 08:40:02.793] [sharedprocess] [info] Scanned user extensions: 16
[2018-06-09 08:45:02.823] [sharedprocess] [info] Scanned user extensions: 16
[2018-06-09 08:50:02.855] [sharedprocess] [info] Scanned user extensions: 16
[2018-06-09 08:55:02.882] [sharedprocess] [info] Scanned user extensions: 16
[2018-06-09 09:00:02.905] [sharedprocess] [info] Scanned user extensions: 16
[2018-06-09 09:05:03.385] [sharedprocess] [info] Scanned user extensions: 16
[2018-06-09 09:10:03.424] [sharedprocess] [info] Scanned user extensions: 16
[2018-06-09 09:15:03.466] [sharedprocess] [info] Scanned user extensions: 16
[2018-06-09 09:20:03.512] [sharedprocess] [info] Scanned user extensions: 16
[2018-06-09 09:25:03.558] [sharedprocess] [info] Scanned user extensions: 16
[2018-06-09 09:30:03.593] [sharedprocess] [info] Scanned user extensions: 16
[2018-06-09 09:35:03.632] [sharedprocess] [info] Scanned user extensions: 16
[2018-06-09 09:40:03.665] [sharedprocess] [info] Scanned user extensions: 16
[2018-06-09 09:45:03.709] [sharedprocess] [info] Scanned user extensions: 16
[2018-06-09 09:50:03.741] [sharedprocess] [info] Scanned user extensions: 16
[2018-06-09 09:55:03.780] [sharedprocess] [info] Scanned user extensions: 16
[2018-06-09 10:00:03.827] [sharedprocess] [info] Scanned user extensions: 16
[2018-06-09 10:05:04.612] [sharedprocess] [info] Scanned user extensions: 16
[2018-06-09 10:10:04.656] [sharedprocess] [info] Scanned user extensions: 16
[2018-06-09 10:15:04.700] [sharedprocess] [info] Scanned user extensions: 16
[2018-06-09 10:20:04.746] [sharedprocess] [info] Scanned user extensions: 16
[2018-06-09 10:25:04.789] [sharedprocess] [info] Scanned user extensions: 16
[2018-06-09 10:30:05.257] [sharedprocess] [info] Scanned user extensions: 16
[2018-06-09 10:35:05.299] [sharedprocess] [info] Scanned user extensions: 16
[2018-06-09 10:40:05.332] [sharedprocess] [info] Scanned user extensions: 16
[2018-06-09 10:45:05.373] [sharedprocess] [info] Scanned user extensions: 16
[2018-06-09 10:50:05.438] [sharedprocess] [info] Scanned user extensions: 16
[2018-06-09 10:55:05.497] [sharedprocess] [info] Scanned user extensions: 16
[2018-06-09 11:00:05.539] [sharedprocess] [info] Scanned user extensions: 16
[2018-06-09 11:05:06.562] [sharedprocess] [info] Scanned user extensions: 16
[2018-06-09 11:10:06.614] [sharedprocess] [info] Scanned user extensions: 16
[2018-06-09 11:15:06.225] [sharedprocess] [info] Scanned user extensions: 16
[2018-06-09 11:20:06.897] [sharedprocess] [info] Scanned user extensions: 16
[2018-06-09 11:25:06.936] [sharedprocess] [info] Scanned user extensions: 16
[2018-06-09 11:30:06.982] [sharedprocess] [info] Scanned user extensions: 16
[2018-06-09 11:35:07.024] [sharedprocess] [info] Scanned user extensions: 16
[2018-06-09 11:40:07.064] [sharedprocess] [info] Scanned user extensions: 16
[2018-06-09 11:45:07.093] [sharedprocess] [info] Scanned user extensions: 16
[2018-06-09 11:50:07.134] [sharedprocess] [info] Scanned user extensions: 16
[2018-06-09 11:55:07.176] [sharedprocess] [info] Scanned user extensions: 16
[2018-06-09 12:00:07.217] [sharedprocess] [info] Scanned user extensions: 16
[2018-06-09 12:05:08.026] [sharedprocess] [info] Scanned user extensions: 16
[2018-06-09 12:10:08.071] [sharedprocess] [info] Scanned user extensions: 16
[2018-06-09 12:15:08.110] [sharedprocess] [info] Scanned user extensions: 16
[2018-06-09 12:20:08.153] [sharedprocess] [info] Scanned user extensions: 16
[2018-06-09 12:25:08.195] [sharedprocess] [info] Scanned user extensions: 16
[2018-06-09 12:30:08.249] [sharedprocess] [info] Scanned user extensions: 16
[2018-06-09 12:35:08.296] [sharedprocess] [info] Scanned user extensions: 16
[2018-06-09 12:40:08.339] [sharedprocess] [info] Scanned user extensions: 16
[2018-06-09 12:45:08.395] [sharedprocess] [info] Scanned user extensions: 16
[2018-06-09 12:50:08.450] [sharedprocess] [info] Scanned user extensions: 16
[2018-06-09 12:55:08.496] [sharedprocess] [info] Scanned user extensions: 16
[2018-06-09 13:00:08.546] [sharedprocess] [info] Scanned user extensions: 16
[2018-06-09 13:05:09.491] [sharedprocess] [info] Scanned user extensions: 16
[2018-06-09 13:10:09.531] [sharedprocess] [info] Scanned user extensions: 16
[2018-06-09 13:15:09.581] [sharedprocess] [info] Scanned user extensions: 16
[2018-06-09 13:20:09.632] [sharedprocess] [info] Scanned user extensions: 16
[2018-06-09 13:25:09.679] [sharedprocess] [info] Scanned user extensions: 16
[2018-06-09 13:30:09.703] [sharedprocess] [info] Scanned user extensions: 16
[2018-06-09 13:35:09.769] [sharedprocess] [info] Scanned user extensions: 16
[2018-06-09 13:40:09.802] [sharedprocess] [info] Scanned user extensions: 16
[2018-06-09 13:45:09.845] [sharedprocess] [info] Scanned user extensions: 16
[2018-06-09 13:50:09.894] [sharedprocess] [info] Scanned user extensions: 16
[2018-06-09 13:55:09.953] [sharedprocess] [info] Scanned user extensions: 16
[2018-06-09 14:00:10.006] [sharedprocess] [info] Scanned user extensions: 16
[2018-06-09 14:05:11.604] [sharedprocess] [info] Scanned user extensions: 16
[2018-06-09 14:10:11.652] [sharedprocess] [info] Scanned user extensions: 16
[2018-06-09 14:15:11.695] [sharedprocess] [info] Scanned user extensions: 16
[2018-06-09 14:20:11.750] [sharedprocess] [info] Scanned user extensions: 16
[2018-06-09 14:25:11.802] [sharedprocess] [info] Scanned user extensions: 16
[2018-06-09 14:30:11.855] [sharedprocess] [info] Scanned user extensions: 16
[2018-06-09 14:35:11.931] [sharedprocess] [info] Scanned user extensions: 16
[2018-06-09 14:40:11.971] [sharedprocess] [info] Scanned user extensions: 16
[2018-06-09 14:45:12.014] [sharedprocess] [info] Scanned user extensions: 16
[2018-06-09 14:50:12.057] [sharedprocess] [info] Scanned user extensions: 16
[2018-06-09 14:55:12.091] [sharedprocess] [info] Scanned user extensions: 16
[2018-06-09 15:00:12.144] [sharedprocess] [info] Scanned user extensions: 16
[2018-06-09 16:44:02.507] [sharedprocess] [info] Scanned user extensions: 16
[2018-06-09 16:49:02.556] [sharedprocess] [info] Scanned user extensions: 16
[2018-06-09 16:54:02.608] [sharedprocess] [info] Scanned user extensions: 16
[2018-06-09 16:59:02.652] [sharedprocess] [info] Scanned user extensions: 16
[2018-06-09 17:04:02.701] [sharedprocess] [info] Scanned user extensions: 16
[2018-06-09 17:09:02.749] [sharedprocess] [info] Scanned user extensions: 16
[2018-06-09 17:14:02.793] [sharedprocess] [info] Scanned user extensions: 16
[2018-06-09 17:19:02.839] [sharedprocess] [info] Scanned user extensions: 16
[2018-06-09 17:24:02.882] [sharedprocess] [info] Scanned user extensions: 16
[2018-06-09 17:29:02.930] [sharedprocess] [info] Scanned user extensions: 16
[2018-06-09 17:34:02.986] [sharedprocess] [info] Scanned user extensions: 16
[2018-06-09 17:39:03.032] [sharedprocess] [info] Scanned user extensions: 16
[2018-06-09 17:44:03.204] [sharedprocess] [info] Scanned user extensions: 16
[2018-06-09 17:49:03.241] [sharedprocess] [info] Scanned user extensions: 16
[2018-06-09 17:54:03.287] [sharedprocess] [info] Scanned user extensions: 16
[2018-06-09 17:59:03.337] [sharedprocess] [info] Scanned user extensions: 16
[2018-06-09 18:04:03.375] [sharedprocess] [info] Scanned user extensions: 16
[2018-06-09 18:09:03.421] [sharedprocess] [info] Scanned user extensions: 16
[2018-06-09 18:14:03.442] [sharedprocess] [info] Scanned user extensions: 16
[2018-06-09 18:19:03.477] [sharedprocess] [info] Scanned user extensions: 16
[2018-06-09 18:24:03.551] [sharedprocess] [info] Scanned user extensions: 16
[2018-06-09 18:29:03.590] [sharedprocess] [info] Scanned user extensions: 16
[2018-06-09 18:34:03.640] [sharedprocess] [info] Scanned user extensions: 16
[2018-06-09 18:39:03.683] [sharedprocess] [info] Scanned user extensions: 16
[2018-06-09 18:44:03.871] [sharedprocess] [info] Scanned user extensions: 16
[2018-06-09 18:49:03.911] [sharedprocess] [info] Scanned user extensions: 16
[2018-06-09 18:54:03.958] [sharedprocess] [info] Scanned user extensions: 16
[2018-06-09 18:59:03.981] [sharedprocess] [info] Scanned user extensions: 16
[2018-06-09 19:04:04.018] [sharedprocess] [info] Scanned user extensions: 16
[2018-06-09 19:09:04.059] [sharedprocess] [info] Scanned user extensions: 16
[2018-06-09 19:14:04.086] [sharedprocess] [info] Scanned user extensions: 16
[2018-06-09 19:19:04.133] [sharedprocess] [info] Scanned user extensions: 16
[2018-06-09 19:24:04.169] [sharedprocess] [info] Scanned user extensions: 16
[2018-06-09 19:29:04.197] [sharedprocess] [info] Scanned user extensions: 16
[2018-06-09 19:34:04.269] [sharedprocess] [info] Scanned user extensions: 16
[2018-06-09 19:39:04.343] [sharedprocess] [info] Scanned user extensions: 16
[2018-06-09 19:44:04.575] [sharedprocess] [info] Scanned user extensions: 16
[2018-06-09 20:10:46.058] [sharedprocess] [info] Scanned user extensions: 16
[2018-06-09 20:15:46.106] [sharedprocess] [info] Scanned user extensions: 16
[2018-06-09 20:20:46.150] [sharedprocess] [info] Scanned user extensions: 16
[2018-06-09 20:25:46.198] [sharedprocess] [info] Scanned user extensions: 16
[2018-06-09 20:30:46.243] [sharedprocess] [info] Scanned user extensions: 16
[2018-06-09 20:35:46.294] [sharedprocess] [info] Scanned user extensions: 16
[2018-06-09 20:40:46.340] [sharedprocess] [info] Scanned user extensions: 16
[2018-06-09 20:45:46.556] [sharedprocess] [info] Scanned user extensions: 16
[2018-06-09 20:50:46.594] [sharedprocess] [info] Scanned user extensions: 16
[2018-06-09 21:04:48.586] [sharedprocess] [info] Scanned user extensions: 16
[2018-06-09 21:09:48.605] [sharedprocess] [info] Scanned user extensions: 16
[2018-06-09 21:36:10.417] [sharedprocess] [info] Scanned user extensions: 16
[2018-06-09 21:41:10.460] [sharedprocess] [info] Scanned user extensions: 16
[2018-06-09 21:46:10.674] [sharedprocess] [info] Scanned user extensions: 16
[2018-06-09 21:51:10.711] [sharedprocess] [info] Scanned user extensions: 16
[2018-06-09 21:56:10.762] [sharedprocess] [info] Scanned user extensions: 16
[2018-06-09 22:01:10.810] [sharedprocess] [info] Scanned user extensions: 16
[2018-06-09 22:06:10.849] [sharedprocess] [info] Scanned user extensions: 16
[2018-06-09 22:11:10.888] [sharedprocess] [info] Scanned user extensions: 16
[2018-06-09 22:16:10.934] [sharedprocess] [info] Scanned user extensions: 16
[2018-06-09 22:21:10.978] [sharedprocess] [info] Scanned user extensions: 16
[2018-06-09 22:26:11.026] [sharedprocess] [info] Scanned user extensions: 16
[2018-06-09 22:31:11.093] [sharedprocess] [info] Scanned user extensions: 16
[2018-06-09 22:36:11.137] [sharedprocess] [info] Scanned user extensions: 16
[2018-06-09 22:41:11.179] [sharedprocess] [info] Scanned user extensions: 16
[2018-06-09 22:46:11.388] [sharedprocess] [info] Scanned user extensions: 16
[2018-06-09 22:51:11.441] [sharedprocess] [info] Scanned user extensions: 16
[2018-06-09 22:56:11.488] [sharedprocess] [info] Scanned user extensions: 16
[2018-06-09 23:01:11.532] [sharedprocess] [info] Scanned user extensions: 16
[2018-06-10 07:14:56.801] [sharedprocess] [info] Scanned user extensions: 16
[2018-06-10 07:19:56.825] [sharedprocess] [info] Scanned user extensions: 16
[2018-06-10 07:24:56.862] [sharedprocess] [info] Scanned user extensions: 16
[2018-06-10 07:29:56.904] [sharedprocess] [info] Scanned user extensions: 16
[2018-06-10 07:34:56.939] [sharedprocess] [info] Scanned user extensions: 16
[2018-06-10 07:39:56.956] [sharedprocess] [info] Scanned user extensions: 16
[2018-06-10 07:44:56.994] [sharedprocess] [info] Scanned user extensions: 16
[2018-06-10 07:49:58.004] [sharedprocess] [info] Scanned user extensions: 16
[2018-06-10 07:54:58.049] [sharedprocess] [info] Scanned user extensions: 16
[2018-06-10 07:59:58.095] [sharedprocess] [info] Scanned user extensions: 16
[2018-06-10 08:04:58.121] [sharedprocess] [info] Scanned user extensions: 16
[2018-06-10 08:09:58.159] [sharedprocess] [info] Scanned user extensions: 16
[2018-06-10 08:14:59.082] [sharedprocess] [info] Scanned user extensions: 16
[2018-06-10 08:19:59.124] [sharedprocess] [info] Scanned user extensions: 16
[2018-06-10 08:24:59.180] [sharedprocess] [info] Scanned user extensions: 16
[2018-06-10 08:29:59.228] [sharedprocess] [info] Scanned user extensions: 16
[2018-06-10 08:34:59.273] [sharedprocess] [info] Scanned user extensions: 16
[2018-06-10 09:24:19.047] [sharedprocess] [info] Scanned user extensions: 16
[2018-06-10 09:29:19.100] [sharedprocess] [info] Scanned user extensions: 16
[2018-06-10 09:34:19.139] [sharedprocess] [info] Scanned user extensions: 16
[2018-06-10 09:39:19.182] [sharedprocess] [info] Scanned user extensions: 16
[2018-06-10 09:44:19.209] [sharedprocess] [info] Scanned user extensions: 16
[2018-06-10 09:49:19.239] [sharedprocess] [info] Scanned user extensions: 16
[2018-06-10 09:54:19.304] [sharedprocess] [info] Scanned user extensions: 16
[2018-06-10 09:59:20.019] [sharedprocess] [info] Scanned user extensions: 16
[2018-06-10 10:04:20.041] [sharedprocess] [info] Scanned user extensions: 16
[2018-06-10 10:09:20.073] [sharedprocess] [info] Scanned user extensions: 16
[2018-06-10 10:14:20.115] [sharedprocess] [info] Scanned user extensions: 16
[2018-06-10 10:19:20.163] [sharedprocess] [info] Scanned user extensions: 16
[2018-06-10 10:24:20.369] [sharedprocess] [info] Scanned user extensions: 16
[2018-06-10 10:29:20.410] [sharedprocess] [info] Scanned user extensions: 16
[2018-06-10 10:30:02.039] [sharedprocess] [info] Scanned user extensions: 16
[2018-06-10 10:34:20.561] [sharedprocess] [info] Scanned user extensions: 16
[2018-06-10 10:39:20.608] [sharedprocess] [info] Scanned user extensions: 16
[2018-06-10 10:44:20.654] [sharedprocess] [info] Scanned user extensions: 16
[2018-06-10 10:49:20.699] [sharedprocess] [info] Scanned user extensions: 16
[2018-06-10 10:54:20.753] [sharedprocess] [info] Scanned user extensions: 16
[2018-06-10 10:59:20.810] [sharedprocess] [info] Scanned user extensions: 16
[2018-06-10 11:04:20.858] [sharedprocess] [info] Scanned user extensions: 16
[2018-06-10 11:09:20.919] [sharedprocess] [info] Scanned user extensions: 16
[2018-06-10 11:14:21.868] [sharedprocess] [info] Scanned user extensions: 16
[2018-06-10 11:19:22.006] [sharedprocess] [info] Scanned user extensions: 16
[2018-06-10 11:24:22.588] [sharedprocess] [info] Scanned user extensions: 16
[2018-06-10 11:29:22.624] [sharedprocess] [info] Scanned user extensions: 16
[2018-06-10 11:34:22.722] [sharedprocess] [info] Scanned user extensions: 16
[2018-06-10 11:39:22.775] [sharedprocess] [info] Scanned user extensions: 16
[2018-06-10 11:44:22.834] [sharedprocess] [info] Scanned user extensions: 16
[2018-06-10 11:49:22.888] [sharedprocess] [info] Scanned user extensions: 16
[2018-06-10 11:54:22.940] [sharedprocess] [info] Scanned user extensions: 16
[2018-06-10 12:46:19.089] [sharedprocess] [info] Scanned user extensions: 16
[2018-06-10 12:51:19.136] [sharedprocess] [info] Scanned user extensions: 16
[2018-06-10 12:56:19.182] [sharedprocess] [info] Scanned user extensions: 16
[2018-06-10 13:01:19.226] [sharedprocess] [info] Scanned user extensions: 16
[2018-06-10 13:06:19.274] [sharedprocess] [info] Scanned user extensions: 16
[2018-06-10 13:11:19.324] [sharedprocess] [info] Scanned user extensions: 16
[2018-06-10 13:16:19.372] [sharedprocess] [info] Scanned user extensions: 16
[2018-06-10 13:21:20.095] [sharedprocess] [info] Scanned user extensions: 16
[2018-06-10 18:33:54.205] [sharedprocess] [info] Scanned user extensions: 16
[2018-06-10 18:38:54.249] [sharedprocess] [info] Scanned user extensions: 16
[2018-06-10 18:43:54.304] [sharedprocess] [info] Scanned user extensions: 16
[2018-06-10 18:48:54.346] [sharedprocess] [info] Scanned user extensions: 16
[2018-06-10 18:53:54.372] [sharedprocess] [info] Scanned user extensions: 16
[2018-06-10 18:57:22.707] [sharedprocess] [info] Scanned user extensions: 16
[2018-06-10 18:57:22.719] [sharedprocess] [info] Scanned user extensions: 16
[2018-06-10 18:57:22.809] [sharedprocess] [info] Scanned system extensions: 69
[2018-06-10 18:57:25.574] [sharedprocess] [info] Scanned user extensions: 16
[2018-06-10 19:00:46.989] [sharedprocess] [info] Scanned user extensions: 16
[2018-06-10 19:00:46.993] [sharedprocess] [info] Scanned user extensions: 16
[2018-06-10 19:00:47.000] [sharedprocess] [info] Scanned user extensions: 16
[2018-06-10 19:00:47.055] [sharedprocess] [info] Scanned system extensions: 69
[2018-06-10 19:00:47.058] [sharedprocess] [info] Scanned system extensions: 69
[2018-06-10 19:00:58.967] [sharedprocess] [info] Installing extension: cmake
[2018-06-10 19:00:58.985] [sharedprocess] [info] Scanned user extensions: 16
[2018-06-10 19:01:01.604] [sharedprocess] [info] Downloaded extension: cmake
[2018-06-10 19:01:01.815] [sharedprocess] [info] Extracted extension to /home/humble_d/.vscode/extensions/.twxs.cmake-0.0.17: twxs.cmake-0.0.17
[2018-06-10 19:01:01.815] [sharedprocess] [info] Renamed to /home/humble_d/.vscode/extensions/twxs.cmake-0.0.17
[2018-06-10 19:01:01.815] [sharedprocess] [info] Installation completed. twxs.cmake-0.0.17
[2018-06-10 19:01:01.823] [sharedprocess] [info] Extensions installed successfully: twxs.cmake
[2018-06-10 19:01:02.047] [sharedprocess] [info] Scanned user extensions: 17
[2018-06-10 19:01:02.086] [sharedprocess] [info] Scanned system extensions: 69
[2018-06-10 19:01:06.440] [sharedprocess] [info] Scanned user extensions: 17
[2018-06-10 19:01:06.444] [sharedprocess] [info] Scanned user extensions: 17
[2018-06-10 19:01:06.463] [sharedprocess] [info] Scanned user extensions: 17
[2018-06-10 19:01:06.468] [sharedprocess] [info] Scanned user extensions: 17
[2018-06-10 19:01:06.476] [sharedprocess] [info] Scanned user extensions: 17
[2018-06-10 19:01:06.539] [sharedprocess] [info] Scanned system extensions: 69
[2018-06-10 19:01:06.544] [sharedprocess] [info] Scanned system extensions: 69
[2018-06-10 19:01:06.547] [sharedprocess] [info] Scanned system extensions: 69
[2018-06-10 19:01:09.585] [sharedprocess] [info] Scanned user extensions: 17
[2018-06-10 19:06:09.624] [sharedprocess] [info] Scanned user extensions: 17
[2018-06-10 19:11:09.666] [sharedprocess] [info] Scanned user extensions: 17
[2018-06-10 19:16:09.730] [sharedprocess] [info] Scanned user extensions: 17
[2018-06-10 19:21:09.770] [sharedprocess] [info] Scanned user extensions: 17
[2018-06-10 19:26:09.808] [sharedprocess] [info] Scanned user extensions: 17
[2018-06-10 19:29:30.963] [sharedprocess] [info] Scanned user extensions: 17
[2018-06-10 19:31:09.863] [sharedprocess] [info] Scanned user extensions: 17
[2018-06-10 19:36:10.050] [sharedprocess] [info] Scanned user extensions: 17
[2018-06-10 19:41:10.096] [sharedprocess] [info] Scanned user extensions: 17
[2018-06-10 19:46:10.154] [sharedprocess] [info] Scanned user extensions: 17
[2018-06-10 19:51:10.232] [sharedprocess] [info] Scanned user extensions: 17
[2018-06-10 19:56:10.272] [sharedprocess] [info] Scanned user extensions: 17
[2018-06-10 20:01:10.340] [sharedprocess] [info] Scanned user extensions: 17
[2018-06-10 20:38:24.067] [sharedprocess] [info] Scanned user extensions: 17
[2018-06-10 20:43:24.116] [sharedprocess] [info] Scanned user extensions: 17
[2018-06-10 20:48:24.165] [sharedprocess] [info] Scanned user extensions: 17
[2018-06-10 20:53:24.219] [sharedprocess] [info] Scanned user extensions: 17
[2018-06-10 20:58:24.264] [sharedprocess] [info] Scanned user extensions: 17
[2018-06-10 21:03:24.291] [sharedprocess] [info] Scanned user extensions: 17
[2018-06-10 21:08:24.382] [sharedprocess] [info] Scanned user extensions: 17
[2018-06-10 21:13:24.451] [sharedprocess] [info] Scanned user extensions: 17
[2018-06-10 21:18:24.514] [sharedprocess] [info] Scanned user extensions: 17
[2018-06-10 21:23:24.564] [sharedprocess] [info] Scanned user extensions: 17
[2018-06-10 21:28:24.608] [sharedprocess] [info] Scanned user extensions: 17
[2018-06-10 21:33:24.687] [sharedprocess] [info] Scanned user extensions: 17
[2018-06-10 21:38:24.910] [sharedprocess] [info] Scanned user extensions: 17
[2018-06-10 21:43:24.959] [sharedprocess] [info] Scanned user extensions: 17
[2018-06-10 21:48:25.003] [sharedprocess] [info] Scanned user extensions: 17
[2018-06-10 21:53:25.041] [sharedprocess] [info] Scanned user extensions: 17
[2018-06-10 21:58:25.086] [sharedprocess] [info] Scanned user extensions: 17
[2018-06-10 22:03:25.125] [sharedprocess] [info] Scanned user extensions: 17
[2018-06-10 22:08:25.194] [sharedprocess] [info] Scanned user extensions: 17
[2018-06-10 22:13:25.236] [sharedprocess] [info] Scanned user extensions: 17
[2018-06-10 22:18:25.285] [sharedprocess] [info] Scanned user extensions: 17
[2018-06-10 22:23:25.334] [sharedprocess] [info] Scanned user extensions: 17
[2018-06-10 22:28:25.406] [sharedprocess] [info] Scanned user extensions: 17
[2018-06-10 22:33:25.488] [sharedprocess] [info] Scanned user extensions: 17
[2018-06-10 22:38:25.709] [sharedprocess] [info] Scanned user extensions: 17
[2018-06-10 22:43:25.759] [sharedprocess] [info] Scanned user extensions: 17
[2018-06-10 22:48:25.813] [sharedprocess] [info] Scanned user extensions: 17
[2018-06-10 22:53:25.849] [sharedprocess] [info] Scanned user extensions: 17
[2018-06-10 22:58:25.874] [sharedprocess] [info] Scanned user extensions: 17
[2018-06-10 23:03:25.899] [sharedprocess] [info] Scanned user extensions: 17
[2018-06-10 23:08:25.988] [sharedprocess] [info] Scanned user extensions: 17
[2018-06-10 23:13:26.061] [sharedprocess] [info] Scanned user extensions: 17
[2018-06-10 23:18:26.107] [sharedprocess] [info] Scanned user extensions: 17
[2018-06-10 23:23:26.153] [sharedprocess] [info] Scanned user extensions: 17
[2018-06-10 23:28:26.208] [sharedprocess] [info] Scanned user extensions: 17
[2018-06-10 23:33:26.264] [sharedprocess] [info] Scanned user extensions: 17
[2018-06-10 23:38:26.494] [sharedprocess] [info] Scanned user extensions: 17
[2018-06-10 23:43:26.520] [sharedprocess] [info] Scanned user extensions: 17
[2018-06-10 23:48:26.546] [sharedprocess] [info] Scanned user extensions: 17
[2018-06-10 23:53:26.612] [sharedprocess] [info] Scanned user extensions: 17
[2018-06-10 23:58:26.641] [sharedprocess] [info] Scanned user extensions: 17
[2018-06-11 00:03:26.703] [sharedprocess] [info] Scanned user extensions: 17
[2018-06-11 00:08:26.766] [sharedprocess] [info] Scanned user extensions: 17
[2018-06-11 00:13:26.809] [sharedprocess] [info] Scanned user extensions: 17
[2018-06-11 00:18:26.846] [sharedprocess] [info] Scanned user extensions: 17
[2018-06-11 00:23:26.892] [sharedprocess] [info] Scanned user extensions: 17
[2018-06-11 00:28:26.935] [sharedprocess] [info] Scanned user extensions: 17
[2018-06-11 00:33:26.987] [sharedprocess] [info] Scanned user extensions: 17
[2018-06-11 00:38:27.186] [sharedprocess] [info] Scanned user extensions: 17
[2018-06-11 00:43:27.215] [sharedprocess] [info] Scanned user extensions: 17
[2018-06-11 00:48:27.324] [sharedprocess] [info] Scanned user extensions: 17
[2018-06-11 00:53:27.379] [sharedprocess] [info] Scanned user extensions: 17
[2018-06-11 00:58:27.418] [sharedprocess] [info] Scanned user extensions: 17
[2018-06-11 01:01:42.026] [sharedprocess] [info] Scanned user extensions: 17
[2018-06-11 01:01:42.031] [sharedprocess] [info] Scanned user extensions: 17
[2018-06-11 01:01:42.061] [sharedprocess] [info] Scanned system extensions: 69
[2018-06-11 01:01:44.896] [sharedprocess] [info] Scanned user extensions: 17
[2018-06-11 01:02:02.675] [sharedprocess] [info] Scanned user extensions: 17
[2018-06-11 01:03:53.791] [sharedprocess] [info] Scanned user extensions: 17
[2018-06-11 05:52:42.009] [sharedprocess] [info] Scanned user extensions: 17
[2018-06-11 05:57:42.051] [sharedprocess] [info] Scanned user extensions: 17
[2018-06-11 06:02:42.098] [sharedprocess] [info] Scanned user extensions: 17
[2018-06-11 06:07:42.145] [sharedprocess] [info] Scanned user extensions: 17
[2018-06-11 06:12:42.194] [sharedprocess] [info] Scanned user extensions: 17
[2018-06-11 07:07:10.809] [sharedprocess] [info] Scanned user extensions: 17
[2018-06-11 07:12:10.851] [sharedprocess] [info] Scanned user extensions: 17
[2018-06-11 07:17:10.892] [sharedprocess] [info] Scanned user extensions: 17
[2018-06-11 07:22:10.935] [sharedprocess] [info] Scanned user extensions: 17
[2018-06-11 07:27:10.976] [sharedprocess] [info] Scanned user extensions: 17
[2018-06-11 19:01:04.253] [sharedprocess] [info] Scanned user extensions: 17
[2018-06-11 19:06:04.295] [sharedprocess] [info] Scanned user extensions: 17
[2018-06-11 19:11:04.320] [sharedprocess] [info] Scanned user extensions: 17
[2018-06-11 19:16:04.366] [sharedprocess] [info] Scanned user extensions: 17
[2018-06-11 19:21:04.408] [sharedprocess] [info] Scanned user extensions: 17
[2018-06-11 19:26:04.460] [sharedprocess] [info] Scanned user extensions: 17
[2018-06-11 19:31:04.507] [sharedprocess] [info] Scanned user extensions: 17
[2018-06-11 19:36:07.086] [sharedprocess] [info] Scanned user extensions: 17
[2018-06-11 19:41:07.133] [sharedprocess] [info] Scanned user extensions: 17
[2018-06-11 19:44:48.384] [sharedprocess] [info] Scanned user extensions: 17
[2018-06-11 19:44:48.385] [sharedprocess] [info] Scanned user extensions: 17
[2018-06-11 19:44:48.432] [sharedprocess] [info] Scanned system extensions: 69
[2018-06-11 19:44:50.504] [sharedprocess] [info] Installing extension: vscode-react-native
[2018-06-11 19:44:50.521] [sharedprocess] [info] Scanned user extensions: 17
[2018-06-11 19:44:50.539] [sharedprocess] [info] Scanned user extensions: 17
[2018-06-11 19:44:50.565] [sharedprocess] [info] Scanned system extensions: 69
[2018-06-11 19:44:51.235] [sharedprocess] [info] Scanned user extensions: 17
[2018-06-11 19:44:52.256] [sharedprocess] [info] Downloaded extension: vscode-react-native
[2018-06-11 19:44:52.890] [sharedprocess] [info] Extracted extension to /home/humble_d/.vscode/extensions/.vsmobile.vscode-react-native-0.6.11: vsmobile.vscode-react-native-0.6.11
[2018-06-11 19:44:52.890] [sharedprocess] [info] Renamed to /home/humble_d/.vscode/extensions/vsmobile.vscode-react-native-0.6.11
[2018-06-11 19:44:52.890] [sharedprocess] [info] Installation completed. vsmobile.vscode-react-native-0.6.11
[2018-06-11 19:44:52.904] [sharedprocess] [info] Extensions installed successfully: vsmobile.vscode-react-native
[2018-06-11 19:44:53.052] [sharedprocess] [info] Scanned user extensions: 17
[2018-06-11 19:44:53.073] [sharedprocess] [info] Scanned system extensions: 69
[2018-06-11 19:49:52.381] [sharedprocess] [info] Scanned user extensions: 17
[2018-06-11 19:54:52.431] [sharedprocess] [info] Scanned user extensions: 17
[2018-06-11 19:59:52.513] [sharedprocess] [info] Scanned user extensions: 17
[2018-06-11 20:04:52.714] [sharedprocess] [info] Scanned user extensions: 17
[2018-06-11 20:09:52.760] [sharedprocess] [info] Scanned user extensions: 17
[2018-06-11 20:14:52.801] [sharedprocess] [info] Scanned user extensions: 17
[2018-06-11 20:19:52.840] [sharedprocess] [info] Scanned user extensions: 17
[2018-06-11 20:24:52.892] [sharedprocess] [info] Scanned user extensions: 17
[2018-06-11 20:29:52.940] [sharedprocess] [info] Scanned user extensions: 17
[2018-06-11 20:34:52.968] [sharedprocess] [info] Scanned user extensions: 17
[2018-06-11 20:39:53.015] [sharedprocess] [info] Scanned user extensions: 17
[2018-06-11 20:44:53.089] [sharedprocess] [info] Scanned user extensions: 17
[2018-06-11 20:49:53.147] [sharedprocess] [info] Scanned user extensions: 17
[2018-06-11 20:54:53.190] [sharedprocess] [info] Scanned user extensions: 17
[2018-06-11 20:59:53.234] [sharedprocess] [info] Scanned user extensions: 17
[2018-06-11 21:04:53.432] [sharedprocess] [info] Scanned user extensions: 17
[2018-06-11 21:09:53.463] [sharedprocess] [info] Scanned user extensions: 17
[2018-06-11 21:14:53.483] [sharedprocess] [info] Scanned user extensions: 17
[2018-06-11 21:19:53.511] [sharedprocess] [info] Scanned user extensions: 17
[2018-06-11 21:20:11.929] [sharedprocess] [info] Scanned user extensions: 17
[2018-06-11 21:20:11.933] [sharedprocess] [info] Scanned user extensions: 17
[2018-06-11 21:20:11.955] [sharedprocess] [info] Scanned system extensions: 69
[2018-06-11 21:20:12.045] [sharedprocess] [info] Scanned user extensions: 17
[2018-06-11 21:20:15.022] [sharedprocess] [info] Scanned user extensions: 17
[2018-06-11 21:25:15.052] [sharedprocess] [info] Scanned user extensions: 17
[2018-06-11 21:30:15.083] [sharedprocess] [info] Scanned user extensions: 17
[2018-06-11 21:35:15.133] [sharedprocess] [info] Scanned user extensions: 17
[2018-06-11 21:40:15.176] [sharedprocess] [info] Scanned user extensions: 17
[2018-06-11 21:45:15.234] [sharedprocess] [info] Scanned user extensions: 17
[2018-06-11 21:50:15.286] [sharedprocess] [info] Scanned user extensions: 17
[2018-06-11 21:55:15.330] [sharedprocess] [info] Scanned user extensions: 17
[2018-06-11 22:00:15.376] [sharedprocess] [info] Scanned user extensions: 17
[2018-06-11 22:05:15.581] [sharedprocess] [info] Scanned user extensions: 17
[2018-06-11 22:10:15.632] [sharedprocess] [info] Scanned user extensions: 17
[2018-06-11 22:15:15.682] [sharedprocess] [info] Scanned user extensions: 17
[2018-06-11 22:20:15.734] [sharedprocess] [info] Scanned user extensions: 17
[2018-06-11 22:25:15.777] [sharedprocess] [info] Scanned user extensions: 17
[2018-06-11 22:30:15.823] [sharedprocess] [info] Scanned user extensions: 17
[2018-06-11 22:35:15.865] [sharedprocess] [info] Scanned user extensions: 17
[2018-06-11 22:40:15.913] [sharedprocess] [info] Scanned user extensions: 17
[2018-06-12 18:51:18.492] [sharedprocess] [info] Scanned user extensions: 17
[2018-06-12 18:56:18.666] [sharedprocess] [info] Scanned user extensions: 17
[2018-06-12 19:01:18.715] [sharedprocess] [info] Scanned user extensions: 17
[2018-06-12 19:06:18.746] [sharedprocess] [info] Scanned user extensions: 17
[2018-06-12 19:11:18.778] [sharedprocess] [info] Scanned user extensions: 17
[2018-06-12 19:16:18.842] [sharedprocess] [info] Scanned user extensions: 17
[2018-06-12 19:21:18.910] [sharedprocess] [info] Scanned user extensions: 17
[2018-06-12 19:26:20.480] [sharedprocess] [info] Scanned user extensions: 17
[2018-06-12 19:31:20.534] [sharedprocess] [info] Scanned user extensions: 17
[2018-06-12 19:36:20.579] [sharedprocess] [info] Scanned user extensions: 17
[2018-06-12 19:41:20.625] [sharedprocess] [info] Scanned user extensions: 17
[2018-06-12 19:46:20.689] [sharedprocess] [info] Scanned user extensions: 17
[2018-06-12 19:51:20.739] [sharedprocess] [info] Scanned user extensions: 17
[2018-06-12 19:56:20.959] [sharedprocess] [info] Scanned user extensions: 17
[2018-06-12 20:01:20.985] [sharedprocess] [info] Scanned user extensions: 17
[2018-06-12 20:06:21.034] [sharedprocess] [info] Scanned user extensions: 17
[2018-06-12 20:11:21.060] [sharedprocess] [info] Scanned user extensions: 17
[2018-06-12 20:16:21.111] [sharedprocess] [info] Scanned user extensions: 17
[2018-06-12 20:21:21.167] [sharedprocess] [info] Scanned user extensions: 17
[2018-06-12 20:26:21.216] [sharedprocess] [info] Scanned user extensions: 17
[2018-06-12 20:31:21.266] [sharedprocess] [info] Scanned user extensions: 17
[2018-06-12 20:36:21.315] [sharedprocess] [info] Scanned user extensions: 17
[2018-06-12 20:41:21.369] [sharedprocess] [info] Scanned user extensions: 17
[2018-06-12 20:46:21.418] [sharedprocess] [info] Scanned user extensions: 17
[2018-06-12 20:51:21.464] [sharedprocess] [info] Scanned user extensions: 17
[2018-06-12 20:56:21.758] [sharedprocess] [info] Scanned user extensions: 17
[2018-06-12 21:01:21.815] [sharedprocess] [info] Scanned user extensions: 17
[2018-06-12 21:06:21.870] [sharedprocess] [info] Scanned user extensions: 17
[2018-06-12 21:11:21.973] [sharedprocess] [info] Scanned user extensions: 17
[2018-06-12 21:16:22.032] [sharedprocess] [info] Scanned user extensions: 17
[2018-06-12 21:21:22.059] [sharedprocess] [info] Scanned user extensions: 17
[2018-06-12 21:26:22.083] [sharedprocess] [info] Scanned user extensions: 17
[2018-06-12 21:31:22.108] [sharedprocess] [info] Scanned user extensions: 17
[2018-06-12 21:36:22.139] [sharedprocess] [info] Scanned user extensions: 17
[2018-06-12 21:41:22.173] [sharedprocess] [info] Scanned user extensions: 17
[2018-06-12 21:46:22.201] [sharedprocess] [info] Scanned user extensions: 17
[2018-06-12 21:51:22.250] [sharedprocess] [info] Scanned user extensions: 17
[2018-06-12 21:56:22.463] [sharedprocess] [info] Scanned user extensions: 17
[2018-06-12 22:01:22.498] [sharedprocess] [info] Scanned user extensions: 17
[2018-06-12 22:06:22.542] [sharedprocess] [info] Scanned user extensions: 17
[2018-06-12 22:11:22.575] [sharedprocess] [info] Scanned user extensions: 17
[2018-06-12 22:16:22.626] [sharedprocess] [info] Scanned user extensions: 17
[2018-06-12 22:21:22.676] [sharedprocess] [info] Scanned user extensions: 17
[2018-06-12 22:26:22.716] [sharedprocess] [info] Scanned user extensions: 17
[2018-06-12 22:31:22.759] [sharedprocess] [info] Scanned user extensions: 17
[2018-06-12 22:36:22.802] [sharedprocess] [info] Scanned user extensions: 17
[2018-06-12 22:41:22.843] [sharedprocess] [info] Scanned user extensions: 17
[2018-06-12 22:46:22.895] [sharedprocess] [info] Scanned user extensions: 17
[2018-06-12 22:51:22.976] [sharedprocess] [info] Scanned user extensions: 17
[2018-06-13 18:54:57.663] [sharedprocess] [info] Scanned user extensions: 17
[2018-06-13 18:59:57.693] [sharedprocess] [info] Scanned user extensions: 17
[2018-06-13 19:04:57.750] [sharedprocess] [info] Scanned user extensions: 17
[2018-06-13 19:09:57.816] [sharedprocess] [info] Scanned user extensions: 17
[2018-06-13 19:14:57.850] [sharedprocess] [info] Scanned user extensions: 17
[2018-06-13 19:19:57.878] [sharedprocess] [info] Scanned user extensions: 17
[2018-06-13 19:24:57.908] [sharedprocess] [info] Scanned user extensions: 17
[2018-06-13 19:29:59.139] [sharedprocess] [info] Scanned user extensions: 17
[2018-06-13 19:34:59.181] [sharedprocess] [info] Scanned user extensions: 17
[2018-06-13 19:39:59.224] [sharedprocess] [info] Scanned user extensions: 17
[2018-06-13 19:44:59.284] [sharedprocess] [info] Scanned user extensions: 17
[2018-06-13 19:49:59.343] [sharedprocess] [info] Scanned user extensions: 17
[2018-06-13 19:54:59.576] [sharedprocess] [info] Scanned user extensions: 17
[2018-06-13 19:59:59.626] [sharedprocess] [info] Scanned user extensions: 17
[2018-06-13 20:04:59.673] [sharedprocess] [info] Scanned user extensions: 17
[2018-06-13 20:09:59.725] [sharedprocess] [info] Scanned user extensions: 17
[2018-06-13 20:14:59.768] [sharedprocess] [info] Scanned user extensions: 17
[2018-06-13 20:19:59.817] [sharedprocess] [info] Scanned user extensions: 17
[2018-06-13 20:24:59.867] [sharedprocess] [info] Scanned user extensions: 17
[2018-06-13 20:29:59.916] [sharedprocess] [info] Scanned user extensions: 17
[2018-06-13 22:02:44.704] [sharedprocess] [info] Scanned user extensions: 17
[2018-06-13 22:07:44.758] [sharedprocess] [info] Scanned user extensions: 17
[2018-06-13 22:12:44.829] [sharedprocess] [info] Scanned user extensions: 17
[2018-06-13 22:17:44.925] [sharedprocess] [info] Scanned user extensions: 17
[2018-06-13 22:22:45.027] [sharedprocess] [info] Scanned user extensions: 17
[2018-06-13 22:27:45.081] [sharedprocess] [info] Scanned user extensions: 17
[2018-06-13 22:32:45.136] [sharedprocess] [info] Scanned user extensions: 17
[2018-06-13 22:37:45.892] [sharedprocess] [info] Scanned user extensions: 17
[2018-06-13 22:42:45.950] [sharedprocess] [info] Scanned user extensions: 17
[2018-06-13 22:47:46.018] [sharedprocess] [info] Scanned user extensions: 17
[2018-06-13 22:52:46.048] [sharedprocess] [info] Scanned user extensions: 17
[2018-06-13 22:57:46.091] [sharedprocess] [info] Scanned user extensions: 17
[2018-06-13 23:02:46.261] [sharedprocess] [info] Scanned user extensions: 17
[2018-06-13 23:07:46.303] [sharedprocess] [info] Scanned user extensions: 17
[2018-06-13 23:12:46.336] [sharedprocess] [info] Scanned user extensions: 17
[2018-06-13 23:17:46.375] [sharedprocess] [info] Scanned user extensions: 17
[2018-06-13 23:22:46.410] [sharedprocess] [info] Scanned user extensions: 17
[2018-06-13 23:27:46.442] [sharedprocess] [info] Scanned user extensions: 17
[2018-06-13 23:32:46.486] [sharedprocess] [info] Scanned user extensions: 17
[2018-06-13 23:37:46.524] [sharedprocess] [info] Scanned user extensions: 17
[2018-06-13 23:42:46.575] [sharedprocess] [info] Scanned user extensions: 17
[2018-06-13 23:47:46.645] [sharedprocess] [info] Scanned user extensions: 17
[2018-06-13 23:52:46.686] [sharedprocess] [info] Scanned user extensions: 17
[2018-06-13 23:57:46.727] [sharedprocess] [info] Scanned user extensions: 17
[2018-06-14 00:02:46.953] [sharedprocess] [info] Scanned user extensions: 17
[2018-06-14 00:07:47.006] [sharedprocess] [info] Scanned user extensions: 17
[2018-06-14 00:12:47.056] [sharedprocess] [info] Scanned user extensions: 17
[2018-06-14 00:17:38.023] [sharedprocess] [info] Scanned user extensions: 17
[2018-06-14 00:17:40.604] [sharedprocess] [info] Scanned user extensions: 17
[2018-06-14 00:17:42.386] [sharedprocess] [info] Scanned user extensions: 17
[2018-06-14 00:17:44.099] [sharedprocess] [info] Scanned user extensions: 17
[2018-06-14 00:17:47.098] [sharedprocess] [info] Scanned user extensions: 17
[2018-06-14 00:18:03.207] [sharedprocess] [info] Scanned user extensions: 17
[2018-06-14 00:22:47.146] [sharedprocess] [info] Scanned user extensions: 17
[2018-06-14 00:27:47.193] [sharedprocess] [info] Scanned user extensions: 17
[2018-06-14 00:32:47.241] [sharedprocess] [info] Scanned user extensions: 17
[2018-06-14 00:37:47.291] [sharedprocess] [info] Scanned user extensions: 17
[2018-06-14 00:42:47.322] [sharedprocess] [info] Scanned user extensions: 17
[2018-06-14 00:47:47.379] [sharedprocess] [info] Scanned user extensions: 17
[2018-06-14 00:52:47.428] [sharedprocess] [info] Scanned user extensions: 17
[2018-06-14 00:57:47.478] [sharedprocess] [info] Scanned user extensions: 17
[2018-06-14 01:02:47.695] [sharedprocess] [info] Scanned user extensions: 17
[2018-06-14 01:07:47.739] [sharedprocess] [info] Scanned user extensions: 17
[2018-06-14 01:12:47.765] [sharedprocess] [info] Scanned user extensions: 17
[2018-06-14 01:17:47.805] [sharedprocess] [info] Scanned user extensions: 17
[2018-06-14 01:22:47.830] [sharedprocess] [info] Scanned user extensions: 17
[2018-06-14 01:27:47.870] [sharedprocess] [info] Scanned user extensions: 17
[2018-06-14 01:32:47.918] [sharedprocess] [info] Scanned user extensions: 17
[2018-06-14 07:23:14.113] [sharedprocess] [info] Scanned user extensions: 17
[2018-06-14 07:28:14.155] [sharedprocess] [info] Scanned user extensions: 17
[2018-06-14 07:33:14.187] [sharedprocess] [info] Scanned user extensions: 17
[2018-06-14 07:38:14.212] [sharedprocess] [info] Scanned user extensions: 17
[2018-06-14 07:43:14.253] [sharedprocess] [info] Scanned user extensions: 17
[2018-06-14 07:48:14.284] [sharedprocess] [info] Scanned user extensions: 17
[2018-06-14 07:53:14.354] [sharedprocess] [info] Scanned user extensions: 17
[2018-06-14 07:58:15.565] [sharedprocess] [info] Scanned user extensions: 17
[2018-06-14 08:03:15.631] [sharedprocess] [info] Scanned user extensions: 17
[2018-06-14 08:08:15.672] [sharedprocess] [info] Scanned user extensions: 17
[2018-06-14 08:13:15.726] [sharedprocess] [info] Scanned user extensions: 17
[2018-06-14 08:18:15.802] [sharedprocess] [info] Scanned user extensions: 17
[2018-06-14 08:23:15.982] [sharedprocess] [info] Scanned user extensions: 17
[2018-06-14 08:28:16.024] [sharedprocess] [info] Scanned user extensions: 17
[2018-06-14 08:33:16.086] [sharedprocess] [info] Scanned user extensions: 17
[2018-06-14 08:38:16.117] [sharedprocess] [info] Scanned user extensions: 17
[2018-06-14 08:43:16.160] [sharedprocess] [info] Scanned user extensions: 17
[2018-06-14 08:48:16.206] [sharedprocess] [info] Scanned user extensions: 17
[2018-06-14 08:53:16.252] [sharedprocess] [info] Scanned user extensions: 17
[2018-06-14 08:58:16.298] [sharedprocess] [info] Scanned user extensions: 17
[2018-06-14 09:03:16.342] [sharedprocess] [info] Scanned user extensions: 17
[2018-06-14 09:08:16.390] [sharedprocess] [info] Scanned user extensions: 17
[2018-06-14 09:13:16.432] [sharedprocess] [info] Scanned user extensions: 17
[2018-06-14 09:18:16.456] [sharedprocess] [info] Scanned user extensions: 17
[2018-06-14 09:23:16.664] [sharedprocess] [info] Scanned user extensions: 17
[2018-06-14 09:28:16.750] [sharedprocess] [info] Scanned user extensions: 17
[2018-06-14 09:33:16.810] [sharedprocess] [info] Scanned user extensions: 17
[2018-06-14 09:38:16.904] [sharedprocess] [info] Scanned user extensions: 17
[2018-06-14 09:43:16.982] [sharedprocess] [info] Scanned user extensions: 17
[2018-06-14 09:48:17.034] [sharedprocess] [info] Scanned user extensions: 17
[2018-06-14 09:53:17.108] [sharedprocess] [info] Scanned user extensions: 17
[2018-06-14 09:58:17.165] [sharedprocess] [info] Scanned user extensions: 17
[2018-06-14 10:03:17.213] [sharedprocess] [info] Scanned user extensions: 17
[2018-06-14 10:08:17.262] [sharedprocess] [info] Scanned user extensions: 17
[2018-06-14 10:13:17.314] [sharedprocess] [info] Scanned user extensions: 17
[2018-06-14 10:18:17.355] [sharedprocess] [info] Scanned user extensions: 17
[2018-06-14 10:23:17.553] [sharedprocess] [info] Scanned user extensions: 17
[2018-06-14 10:23:41.245] [sharedprocess] [info] Scanned user extensions: 17
[2018-06-14 10:42:08.719] [sharedprocess] [info] Scanned user extensions: 17
[2018-06-14 10:46:23.566] [sharedprocess] [info] Scanned user extensions: 17
[2018-06-14 10:47:08.746] [sharedprocess] [info] Scanned user extensions: 17
[2018-06-14 10:52:08.791] [sharedprocess] [info] Scanned user extensions: 17
[2018-06-14 10:57:08.836] [sharedprocess] [info] Scanned user extensions: 17
[2018-06-14 11:02:08.885] [sharedprocess] [info] Scanned user extensions: 17
[2018-06-14 11:07:08.932] [sharedprocess] [info] Scanned user extensions: 17
[2018-06-14 11:12:08.957] [sharedprocess] [info] Scanned user extensions: 17
[2018-06-14 11:17:08.983] [sharedprocess] [info] Scanned user extensions: 17
[2018-06-14 11:22:09.025] [sharedprocess] [info] Scanned user extensions: 17
[2018-06-14 11:27:09.229] [sharedprocess] [info] Scanned user extensions: 17
[2018-06-14 11:31:42.232] [sharedprocess] [info] Scanned user extensions: 17
[2018-06-14 11:32:09.274] [sharedprocess] [info] Scanned user extensions: 17
[2018-06-14 11:32:25.305] [sharedprocess] [info] Scanned user extensions: 17
[2018-06-14 11:37:09.321] [sharedprocess] [info] Scanned user extensions: 17
[2018-06-14 11:42:09.365] [sharedprocess] [info] Scanned user extensions: 17
[2018-06-14 11:47:09.409] [sharedprocess] [info] Scanned user extensions: 17
[2018-06-14 11:52:09.465] [sharedprocess] [info] Scanned user extensions: 17
[2018-06-14 11:57:09.528] [sharedprocess] [info] Scanned user extensions: 17
[2018-06-14 12:02:09.563] [sharedprocess] [info] Scanned user extensions: 17
[2018-06-14 12:39:19.099] [sharedprocess] [info] Scanned user extensions: 17
[2018-06-14 12:44:19.139] [sharedprocess] [info] Scanned user extensions: 17
[2018-06-14 12:49:19.171] [sharedprocess] [info] Scanned user extensions: 17
[2018-06-14 12:54:19.241] [sharedprocess] [info] Scanned user extensions: 17
[2018-06-14 12:59:19.286] [sharedprocess] [info] Scanned user extensions: 17
[2018-06-14 13:04:19.334] [sharedprocess] [info] Scanned user extensions: 17
[2018-06-14 13:52:28.818] [sharedprocess] [info] Scanned user extensions: 17
[2018-06-14 13:57:28.862] [sharedprocess] [info] Scanned user extensions: 17
[2018-06-14 14:02:28.914] [sharedprocess] [info] Scanned user extensions: 17
[2018-06-14 14:07:28.951] [sharedprocess] [info] Scanned user extensions: 17
[2018-06-14 14:12:28.997] [sharedprocess] [info] Scanned user extensions: 17
[2018-06-14 14:17:29.021] [sharedprocess] [info] Scanned user extensions: 17
[2018-06-14 14:22:29.072] [sharedprocess] [info] Scanned user extensions: 17
[2018-06-14 14:27:29.784] [sharedprocess] [info] Scanned user extensions: 17
[2018-06-14 14:32:29.840] [sharedprocess] [info] Scanned user extensions: 17
[2018-06-14 14:37:29.884] [sharedprocess] [info] Scanned user extensions: 17
[2018-06-14 14:42:29.917] [sharedprocess] [info] Scanned user extensions: 17
[2018-06-14 14:47:29.968] [sharedprocess] [info] Scanned user extensions: 17
[2018-06-14 14:52:30.185] [sharedprocess] [info] Scanned user extensions: 17
[2018-06-14 14:57:30.244] [sharedprocess] [info] Scanned user extensions: 17
[2018-06-14 15:02:30.286] [sharedprocess] [info] Scanned user extensions: 17
[2018-06-14 15:07:30.322] [sharedprocess] [info] Scanned user extensions: 17
[2018-06-14 15:12:30.370] [sharedprocess] [info] Scanned user extensions: 17
[2018-06-14 15:17:30.415] [sharedprocess] [info] Scanned user extensions: 17
[2018-06-14 15:22:30.462] [sharedprocess] [info] Scanned user extensions: 17
[2018-06-14 15:27:30.510] [sharedprocess] [info] Scanned user extensions: 17
[2018-06-14 15:32:30.555] [sharedprocess] [info] Scanned user extensions: 17
[2018-06-14 15:37:30.599] [sharedprocess] [info] Scanned user extensions: 17
[2018-06-14 15:42:30.626] [sharedprocess] [info] Scanned user extensions: 17
[2018-06-14 15:47:30.677] [sharedprocess] [info] Scanned user extensions: 17
[2018-06-14 15:52:30.883] [sharedprocess] [info] Scanned user extensions: 17
[2018-06-14 15:57:30.976] [sharedprocess] [info] Scanned user extensions: 17
[2018-06-14 16:02:31.024] [sharedprocess] [info] Scanned user extensions: 17
[2018-06-14 16:07:31.062] [sharedprocess] [info] Scanned user extensions: 17
[2018-06-14 16:12:31.112] [sharedprocess] [info] Scanned user extensions: 17
[2018-06-14 16:17:31.156] [sharedprocess] [info] Scanned user extensions: 17
[2018-06-14 16:37:36.320] [sharedprocess] [info] Scanned user extensions: 17
[2018-06-14 16:42:36.362] [sharedprocess] [info] Scanned user extensions: 17
[2018-06-14 16:47:36.410] [sharedprocess] [info] Scanned user extensions: 17
[2018-06-14 16:48:38.432] [sharedprocess] [info] Scanned user extensions: 17
[2018-06-14 16:52:36.609] [sharedprocess] [info] Scanned user extensions: 17
[2018-06-14 16:57:36.653] [sharedprocess] [info] Scanned user extensions: 17
[2018-06-14 17:02:36.698] [sharedprocess] [info] Scanned user extensions: 17
[2018-06-14 17:07:36.739] [sharedprocess] [info] Scanned user extensions: 17
[2018-06-14 17:12:37.417] [sharedprocess] [info] Scanned user extensions: 17
[2018-06-14 17:17:37.446] [sharedprocess] [info] Scanned user extensions: 17
[2018-06-14 17:22:37.503] [sharedprocess] [info] Scanned user extensions: 17
[2018-06-14 17:27:37.546] [sharedprocess] [info] Scanned user extensions: 17
[2018-06-14 17:32:37.589] [sharedprocess] [info] Scanned user extensions: 17
[2018-06-14 17:37:37.630] [sharedprocess] [info] Scanned user extensions: 17
[2018-06-14 17:42:37.677] [sharedprocess] [info] Scanned user extensions: 17
[2018-06-14 17:47:37.718] [sharedprocess] [info] Scanned user extensions: 17
[2018-06-14 17:52:37.923] [sharedprocess] [info] Scanned user extensions: 17
[2018-06-14 17:57:37.986] [sharedprocess] [info] Scanned user extensions: 17
[2018-06-14 18:02:38.014] [sharedprocess] [info] Scanned user extensions: 17
[2018-06-14 18:07:38.057] [sharedprocess] [info] Scanned user extensions: 17
[2018-06-14 18:23:46.343] [sharedprocess] [info] Scanned user extensions: 17
[2018-06-14 18:28:46.383] [sharedprocess] [info] Scanned user extensions: 17
[2018-06-14 18:33:46.432] [sharedprocess] [info] Scanned user extensions: 17
[2018-06-14 18:38:46.455] [sharedprocess] [info] Scanned user extensions: 17
[2018-06-14 18:43:46.506] [sharedprocess] [info] Scanned user extensions: 17
[2018-06-14 18:48:46.527] [sharedprocess] [info] Scanned user extensions: 17
[2018-06-14 18:53:46.741] [sharedprocess] [info] Scanned user extensions: 17
[2018-06-14 18:58:47.687] [sharedprocess] [info] Scanned user extensions: 17
[2018-06-14 19:03:47.769] [sharedprocess] [info] Scanned user extensions: 17
[2018-06-14 19:08:47.834] [sharedprocess] [info] Scanned user extensions: 17
[2018-06-14 19:13:47.906] [sharedprocess] [info] Scanned user extensions: 17
[2018-06-14 19:18:47.981] [sharedprocess] [info] Scanned user extensions: 17
[2018-06-14 19:23:48.046] [sharedprocess] [info] Scanned user extensions: 17
[2018-06-14 19:28:48.103] [sharedprocess] [info] Scanned user extensions: 17
[2018-06-14 19:33:48.173] [sharedprocess] [info] Scanned user extensions: 17
[2018-06-14 19:38:48.217] [sharedprocess] [info] Scanned user extensions: 17
[2018-06-14 19:43:48.282] [sharedprocess] [info] Scanned user extensions: 17
[2018-06-14 19:48:48.349] [sharedprocess] [info] Scanned user extensions: 17
[2018-06-14 20:14:42.513] [sharedprocess] [info] Scanned user extensions: 17
[2018-06-14 20:19:42.544] [sharedprocess] [info] Scanned user extensions: 17
[2018-06-14 20:24:42.588] [sharedprocess] [info] Scanned user extensions: 17
[2018-06-14 20:29:42.651] [sharedprocess] [info] Scanned user extensions: 17
[2018-06-14 20:34:42.685] [sharedprocess] [info] Scanned user extensions: 17
[2018-06-14 20:39:42.708] [sharedprocess] [info] Scanned user extensions: 17
[2018-06-14 20:44:42.731] [sharedprocess] [info] Scanned user extensions: 17
[2018-06-14 20:49:43.205] [sharedprocess] [info] Scanned user extensions: 17
[2018-06-14 20:54:43.227] [sharedprocess] [info] Scanned user extensions: 17
[2018-06-14 20:59:43.267] [sharedprocess] [info] Scanned user extensions: 17
[2018-06-14 21:04:43.316] [sharedprocess] [info] Scanned user extensions: 17
[2018-06-14 21:09:43.361] [sharedprocess] [info] Scanned user extensions: 17
[2018-06-14 21:14:43.565] [sharedprocess] [info] Scanned user extensions: 17
[2018-06-14 21:15:23.164] [sharedprocess] [info] Scanned user extensions: 17
[2018-06-14 21:19:43.622] [sharedprocess] [info] Scanned user extensions: 17
[2018-06-14 21:24:43.669] [sharedprocess] [info] Scanned user extensions: 17
[2018-06-14 21:29:43.711] [sharedprocess] [info] Scanned user extensions: 17
[2018-06-14 21:34:43.768] [sharedprocess] [info] Scanned user extensions: 17
[2018-06-14 21:39:43.826] [sharedprocess] [info] Scanned user extensions: 17
[2018-06-14 21:44:43.852] [sharedprocess] [info] Scanned user extensions: 17
[2018-06-14 21:49:43.899] [sharedprocess] [info] Scanned user extensions: 17
[2018-06-14 21:54:43.938] [sharedprocess] [info] Scanned user extensions: 17
[2018-06-14 21:59:43.981] [sharedprocess] [info] Scanned user extensions: 17
[2018-06-14 22:04:44.012] [sharedprocess] [info] Scanned user extensions: 17
[2018-06-14 22:09:44.053] [sharedprocess] [info] Scanned user extensions: 17
[2018-06-14 22:14:44.268] [sharedprocess] [info] Scanned user extensions: 17
[2018-06-14 22:19:44.315] [sharedprocess] [info] Scanned user extensions: 17
[2018-06-14 22:24:44.339] [sharedprocess] [info] Scanned user extensions: 17
[2018-06-14 22:29:44.381] [sharedprocess] [info] Scanned user extensions: 17
[2018-06-14 22:34:44.423] [sharedprocess] [info] Scanned user extensions: 17
[2018-06-14 22:39:44.468] [sharedprocess] [info] Scanned user extensions: 17
[2018-06-14 22:44:44.514] [sharedprocess] [info] Scanned user extensions: 17
[2018-06-14 22:49:44.559] [sharedprocess] [info] Scanned user extensions: 17
[2018-06-14 22:54:44.606] [sharedprocess] [info] Scanned user extensions: 17
[2018-06-14 22:59:44.657] [sharedprocess] [info] Scanned user extensions: 17
[2018-06-14 23:04:44.700] [sharedprocess] [info] Scanned user extensions: 17
[2018-06-14 23:09:44.755] [sharedprocess] [info] Scanned user extensions: 17
[2018-06-14 23:14:44.953] [sharedprocess] [info] Scanned user extensions: 17
[2018-06-14 23:19:44.977] [sharedprocess] [info] Scanned user extensions: 17
[2018-06-14 23:24:45.017] [sharedprocess] [info] Scanned user extensions: 17
[2018-06-14 23:29:45.066] [sharedprocess] [info] Scanned user extensions: 17
[2018-06-14 23:34:45.093] [sharedprocess] [info] Scanned user extensions: 17
[2018-06-14 23:39:45.143] [sharedprocess] [info] Scanned user extensions: 17
[2018-06-14 23:44:45.182] [sharedprocess] [info] Scanned user extensions: 17
[2018-06-14 23:49:45.225] [sharedprocess] [info] Scanned user extensions: 17
[2018-06-14 23:54:45.269] [sharedprocess] [info] Scanned user extensions: 17
[2018-06-14 23:59:45.322] [sharedprocess] [info] Scanned user extensions: 17
[2018-06-15 00:04:45.359] [sharedprocess] [info] Scanned user extensions: 17
[2018-06-15 00:09:45.406] [sharedprocess] [info] Scanned user extensions: 17
[2018-06-15 00:14:45.888] [sharedprocess] [info] Scanned user extensions: 17
[2018-06-15 00:19:45.937] [sharedprocess] [info] Scanned user extensions: 17
[2018-06-15 00:24:45.980] [sharedprocess] [info] Scanned user extensions: 17
[2018-06-15 00:29:46.031] [sharedprocess] [info] Scanned user extensions: 17
[2018-06-15 00:34:46.053] [sharedprocess] [info] Scanned user extensions: 17
[2018-06-15 00:39:46.102] [sharedprocess] [info] Scanned user extensions: 17
[2018-06-15 00:44:46.147] [sharedprocess] [info] Scanned user extensions: 17
[2018-06-15 00:49:46.170] [sharedprocess] [info] Scanned user extensions: 17
[2018-06-15 00:54:46.188] [sharedprocess] [info] Scanned user extensions: 17
[2018-06-15 00:59:46.222] [sharedprocess] [info] Scanned user extensions: 17
[2018-06-15 01:04:46.266] [sharedprocess] [info] Scanned user extensions: 17
[2018-06-15 01:09:46.339] [sharedprocess] [info] Scanned user extensions: 17
[2018-06-15 01:14:46.653] [sharedprocess] [info] Scanned user extensions: 17
[2018-06-15 01:19:46.697] [sharedprocess] [info] Scanned user extensions: 17
[2018-06-15 01:24:46.741] [sharedprocess] [info] Scanned user extensions: 17
[2018-06-15 01:29:46.787] [sharedprocess] [info] Scanned user extensions: 17
[2018-06-15 01:34:46.832] [sharedprocess] [info] Scanned user extensions: 17
[2018-06-15 01:39:46.878] [sharedprocess] [info] Scanned user extensions: 17
[2018-06-15 01:44:46.925] [sharedprocess] [info] Scanned user extensions: 17
[2018-06-15 01:49:46.971] [sharedprocess] [info] Scanned user extensions: 17
[2018-06-15 01:54:47.016] [sharedprocess] [info] Scanned user extensions: 17
[2018-06-15 01:59:47.060] [sharedprocess] [info] Scanned user extensions: 17
[2018-06-15 02:04:47.103] [sharedprocess] [info] Scanned user extensions: 17
[2018-06-15 02:09:47.158] [sharedprocess] [info] Scanned user extensions: 17
[2018-06-15 02:14:47.332] [sharedprocess] [info] Scanned user extensions: 17
[2018-06-15 02:19:47.368] [sharedprocess] [info] Scanned user extensions: 17
[2018-06-15 02:24:47.419] [sharedprocess] [info] Scanned user extensions: 17
[2018-06-15 02:29:47.460] [sharedprocess] [info] Scanned user extensions: 17
[2018-06-15 02:34:47.506] [sharedprocess] [info] Scanned user extensions: 17
[2018-06-15 02:39:47.555] [sharedprocess] [info] Scanned user extensions: 17
[2018-06-15 02:44:47.601] [sharedprocess] [info] Scanned user extensions: 17
[2018-06-15 02:49:47.651] [sharedprocess] [info] Scanned user extensions: 17
[2018-06-15 02:54:47.699] [sharedprocess] [info] Scanned user extensions: 17
[2018-06-15 02:59:47.744] [sharedprocess] [info] Scanned user extensions: 17
[2018-06-15 03:04:47.786] [sharedprocess] [info] Scanned user extensions: 17
[2018-06-15 03:09:47.831] [sharedprocess] [info] Scanned user extensions: 17
[2018-06-15 03:14:48.068] [sharedprocess] [info] Scanned user extensions: 17
[2018-06-15 03:19:48.118] [sharedprocess] [info] Scanned user extensions: 17
[2018-06-15 03:24:48.155] [sharedprocess] [info] Scanned user extensions: 17
[2018-06-15 03:29:48.199] [sharedprocess] [info] Scanned user extensions: 17
[2018-06-15 03:34:48.242] [sharedprocess] [info] Scanned user extensions: 17
[2018-06-15 03:39:48.289] [sharedprocess] [info] Scanned user extensions: 17
[2018-06-15 03:44:48.335] [sharedprocess] [info] Scanned user extensions: 17
[2018-06-15 03:49:48.395] [sharedprocess] [info] Scanned user extensions: 17
[2018-06-15 03:54:48.448] [sharedprocess] [info] Scanned user extensions: 17
[2018-06-15 03:59:48.490] [sharedprocess] [info] Scanned user extensions: 17
[2018-06-15 04:04:48.533] [sharedprocess] [info] Scanned user extensions: 17
[2018-06-15 04:09:48.577] [sharedprocess] [info] Scanned user extensions: 17
[2018-06-15 04:14:48.783] [sharedprocess] [info] Scanned user extensions: 17
[2018-06-15 04:19:48.827] [sharedprocess] [info] Scanned user extensions: 17
[2018-06-15 04:24:48.855] [sharedprocess] [info] Scanned user extensions: 17
[2018-06-15 04:29:48.895] [sharedprocess] [info] Scanned user extensions: 17
[2018-06-15 04:34:48.939] [sharedprocess] [info] Scanned user extensions: 17
[2018-06-15 04:39:48.983] [sharedprocess] [info] Scanned user extensions: 17
[2018-06-15 04:44:49.026] [sharedprocess] [info] Scanned user extensions: 17
[2018-06-15 04:49:49.077] [sharedprocess] [info] Scanned user extensions: 17
[2018-06-15 04:54:49.124] [sharedprocess] [info] Scanned user extensions: 17
[2018-06-15 04:59:49.155] [sharedprocess] [info] Scanned user extensions: 17
[2018-06-15 05:04:49.182] [sharedprocess] [info] Scanned user extensions: 17
[2018-06-15 05:09:49.200] [sharedprocess] [info] Scanned user extensions: 17
[2018-06-15 05:14:49.390] [sharedprocess] [info] Scanned user extensions: 17
[2018-06-15 05:19:49.437] [sharedprocess] [info] Scanned user extensions: 17
[2018-06-15 05:24:49.479] [sharedprocess] [info] Scanned user extensions: 17
[2018-06-15 05:29:49.524] [sharedprocess] [info] Scanned user extensions: 17
[2018-06-15 05:34:49.565] [sharedprocess] [info] Scanned user extensions: 17
[2018-06-15 05:39:49.608] [sharedprocess] [info] Scanned user extensions: 17
[2018-06-15 05:44:49.652] [sharedprocess] [info] Scanned user extensions: 17
[2018-06-15 05:49:49.694] [sharedprocess] [info] Scanned user extensions: 17
[2018-06-15 05:54:49.738] [sharedprocess] [info] Scanned user extensions: 17
[2018-06-15 05:59:49.781] [sharedprocess] [info] Scanned user extensions: 17
[2018-06-15 06:04:49.828] [sharedprocess] [info] Scanned user extensions: 17
[2018-06-15 06:51:33.543] [sharedprocess] [info] Scanned user extensions: 17
