[2018-05-04 11:35:48.671] [sharedprocess] [info] main {"machineId":"9a9c898b4fc5c6db4f0556946ebf81be89e1ea17d22c85309a73d7d07d400d4c"}
[2018-05-04 11:35:48.755] [sharedprocess] [info] Scanned user extensions: 13
[2018-05-04 11:35:48.784] [sharedprocess] [info] Scanned system extensions: 65
[2018-05-04 11:35:49.220] [sharedprocess] [info] Scanned user extensions: 13
[2018-05-04 11:35:49.230] [sharedprocess] [info] Scanned user extensions: 13
[2018-05-04 11:35:49.247] [sharedprocess] [info] Scanned system extensions: 65
[2018-05-04 11:35:52.330] [sharedprocess] [info] Scanned user extensions: 13
[2018-05-04 11:40:52.387] [sharedprocess] [info] Scanned user extensions: 13
[2018-05-04 11:45:52.436] [sharedprocess] [info] Scanned user extensions: 13
[2018-05-04 11:50:52.489] [sharedprocess] [info] Scanned user extensions: 13
[2018-05-04 11:55:52.539] [sharedprocess] [info] Scanned user extensions: 13
[2018-05-04 12:00:52.594] [sharedprocess] [info] Scanned user extensions: 13
[2018-05-04 12:05:52.644] [sharedprocess] [info] Scanned user extensions: 13
[2018-05-04 12:10:52.691] [sharedprocess] [info] Scanned user extensions: 13
[2018-05-04 12:15:52.720] [sharedprocess] [info] Scanned user extensions: 13
[2018-05-04 12:20:52.765] [sharedprocess] [info] Scanned user extensions: 13
[2018-05-04 12:25:52.796] [sharedprocess] [info] Scanned user extensions: 13
[2018-05-04 12:30:53.074] [sharedprocess] [info] Scanned user extensions: 13
[2018-05-04 12:35:53.134] [sharedprocess] [info] Scanned user extensions: 13
[2018-05-04 12:40:53.178] [sharedprocess] [info] Scanned user extensions: 13
[2018-05-04 12:45:53.219] [sharedprocess] [info] Scanned user extensions: 13
[2018-05-04 12:50:53.263] [sharedprocess] [info] Scanned user extensions: 13
[2018-05-04 12:55:53.307] [sharedprocess] [info] Scanned user extensions: 13
[2018-05-04 13:00:53.360] [sharedprocess] [info] Scanned user extensions: 13
[2018-05-04 13:05:55.773] [sharedprocess] [info] Scanned user extensions: 13
[2018-05-04 13:10:55.819] [sharedprocess] [info] Scanned user extensions: 13
[2018-05-04 14:40:58.902] [sharedprocess] [info] Scanned user extensions: 13
[2018-05-04 14:45:58.949] [sharedprocess] [info] Scanned user extensions: 13
[2018-05-04 14:50:58.992] [sharedprocess] [info] Scanned user extensions: 13
[2018-05-04 14:55:59.045] [sharedprocess] [info] Scanned user extensions: 13
[2018-05-04 15:00:59.089] [sharedprocess] [info] Scanned user extensions: 13
[2018-05-04 15:05:59.127] [sharedprocess] [info] Scanned user extensions: 13
[2018-05-04 15:10:59.173] [sharedprocess] [info] Scanned user extensions: 13
[2018-05-04 15:15:59.723] [sharedprocess] [info] Scanned user extensions: 13
[2018-05-04 15:20:59.762] [sharedprocess] [info] Scanned user extensions: 13
[2018-05-04 15:25:59.786] [sharedprocess] [info] Scanned user extensions: 13
[2018-05-04 15:30:59.831] [sharedprocess] [info] Scanned user extensions: 13
[2018-05-04 15:35:59.877] [sharedprocess] [info] Scanned user extensions: 13
[2018-05-04 15:41:00.579] [sharedprocess] [info] Scanned user extensions: 13
[2018-05-04 15:46:00.627] [sharedprocess] [info] Scanned user extensions: 13
[2018-05-04 15:51:00.670] [sharedprocess] [info] Scanned user extensions: 13
[2018-05-04 15:56:00.706] [sharedprocess] [info] Scanned user extensions: 13
[2018-05-04 16:01:00.742] [sharedprocess] [info] Scanned user extensions: 13
[2018-05-04 16:06:00.788] [sharedprocess] [info] Scanned user extensions: 13
[2018-05-04 16:11:00.831] [sharedprocess] [info] Scanned user extensions: 13
[2018-05-04 16:16:00.856] [sharedprocess] [info] Scanned user extensions: 13
[2018-05-04 16:21:00.894] [sharedprocess] [info] Scanned user extensions: 13
[2018-05-04 16:26:00.941] [sharedprocess] [info] Scanned user extensions: 13
[2018-05-04 16:31:01.011] [sharedprocess] [info] Scanned user extensions: 13
[2018-05-04 16:36:01.063] [sharedprocess] [info] Scanned user extensions: 13
[2018-05-04 16:41:01.470] [sharedprocess] [info] Scanned user extensions: 13
[2018-05-04 16:46:01.525] [sharedprocess] [info] Scanned user extensions: 13
[2018-05-04 16:51:01.550] [sharedprocess] [info] Scanned user extensions: 13
[2018-05-04 17:00:33.509] [sharedprocess] [info] Scanned user extensions: 13
[2018-05-04 17:05:33.550] [sharedprocess] [info] Scanned user extensions: 13
[2018-05-04 17:10:33.597] [sharedprocess] [info] Scanned user extensions: 13
[2018-05-04 17:15:33.641] [sharedprocess] [info] Scanned user extensions: 13
[2018-05-04 17:20:33.694] [sharedprocess] [info] Scanned user extensions: 13
[2018-05-04 17:25:33.739] [sharedprocess] [info] Scanned user extensions: 13
[2018-05-04 17:30:33.787] [sharedprocess] [info] Scanned user extensions: 13
[2018-05-04 17:35:34.237] [sharedprocess] [info] Scanned user extensions: 13
[2018-05-04 17:40:34.284] [sharedprocess] [info] Scanned user extensions: 13
[2018-05-04 17:45:34.565] [sharedprocess] [info] Scanned user extensions: 13
[2018-05-04 17:50:34.595] [sharedprocess] [info] Scanned user extensions: 13
[2018-05-04 17:55:34.628] [sharedprocess] [info] Scanned user extensions: 13
[2018-05-04 18:00:34.678] [sharedprocess] [info] Scanned user extensions: 13
[2018-05-04 18:05:34.721] [sharedprocess] [info] Scanned user extensions: 13
[2018-05-04 18:10:34.773] [sharedprocess] [info] Scanned user extensions: 13
[2018-05-04 18:15:34.827] [sharedprocess] [info] Scanned user extensions: 13
[2018-05-04 18:20:34.868] [sharedprocess] [info] Scanned user extensions: 13
[2018-05-04 18:25:34.906] [sharedprocess] [info] Scanned user extensions: 13
[2018-05-04 18:30:34.930] [sharedprocess] [info] Scanned user extensions: 13
[2018-05-04 18:35:34.987] [sharedprocess] [info] Scanned user extensions: 13
[2018-05-04 18:40:35.037] [sharedprocess] [info] Scanned user extensions: 13
[2018-05-04 18:45:35.325] [sharedprocess] [info] Scanned user extensions: 13
[2018-05-04 18:50:35.366] [sharedprocess] [info] Scanned user extensions: 13
[2018-05-04 18:55:35.421] [sharedprocess] [info] Scanned user extensions: 13
[2018-05-04 19:00:35.514] [sharedprocess] [info] Scanned user extensions: 13
[2018-05-04 19:05:35.586] [sharedprocess] [info] Scanned user extensions: 13
[2018-05-04 19:10:35.613] [sharedprocess] [info] Scanned user extensions: 13
[2018-05-04 19:15:35.680] [sharedprocess] [info] Scanned user extensions: 13
[2018-05-04 19:20:35.731] [sharedprocess] [info] Scanned user extensions: 13
[2018-05-04 19:25:35.784] [sharedprocess] [info] Scanned user extensions: 13
[2018-05-04 19:30:35.839] [sharedprocess] [info] Scanned user extensions: 13
[2018-05-04 19:35:35.879] [sharedprocess] [info] Scanned user extensions: 13
[2018-05-04 19:40:35.926] [sharedprocess] [info] Scanned user extensions: 13
[2018-05-04 19:45:36.948] [sharedprocess] [info] Scanned user extensions: 13
[2018-05-04 19:50:36.996] [sharedprocess] [info] Scanned user extensions: 13
[2018-05-04 19:55:37.021] [sharedprocess] [info] Scanned user extensions: 13
[2018-05-04 20:00:37.040] [sharedprocess] [info] Scanned user extensions: 13
[2018-05-04 20:05:37.066] [sharedprocess] [info] Scanned user extensions: 13
[2018-05-04 20:10:37.116] [sharedprocess] [info] Scanned user extensions: 13
[2018-05-04 20:15:37.165] [sharedprocess] [info] Scanned user extensions: 13
[2018-05-04 20:20:37.227] [sharedprocess] [info] Scanned user extensions: 13
[2018-05-04 20:25:37.299] [sharedprocess] [info] Scanned user extensions: 13
[2018-05-04 20:30:37.362] [sharedprocess] [info] Scanned user extensions: 13
[2018-05-04 20:35:37.404] [sharedprocess] [info] Scanned user extensions: 13
[2018-05-04 20:40:37.441] [sharedprocess] [info] Scanned user extensions: 13
[2018-05-04 20:45:37.811] [sharedprocess] [info] Scanned user extensions: 13
[2018-05-04 20:50:37.863] [sharedprocess] [info] Scanned user extensions: 13
[2018-05-04 20:55:37.909] [sharedprocess] [info] Scanned user extensions: 13
[2018-05-04 21:00:37.955] [sharedprocess] [info] Scanned user extensions: 13
[2018-05-04 21:05:37.973] [sharedprocess] [info] Scanned user extensions: 13
[2018-05-04 21:10:38.011] [sharedprocess] [info] Scanned user extensions: 13
[2018-05-04 21:15:38.059] [sharedprocess] [info] Scanned user extensions: 13
[2018-05-04 21:20:38.107] [sharedprocess] [info] Scanned user extensions: 13
[2018-05-04 21:25:38.154] [sharedprocess] [info] Scanned user extensions: 13
[2018-05-04 21:30:38.207] [sharedprocess] [info] Scanned user extensions: 13
[2018-05-04 21:35:38.252] [sharedprocess] [info] Scanned user extensions: 13
[2018-05-04 21:40:38.302] [sharedprocess] [info] Scanned user extensions: 13
[2018-05-04 21:45:39.230] [sharedprocess] [info] Scanned user extensions: 13
[2018-05-04 21:50:39.281] [sharedprocess] [info] Scanned user extensions: 13
[2018-05-04 21:55:39.324] [sharedprocess] [info] Scanned user extensions: 13
[2018-05-04 22:00:39.372] [sharedprocess] [info] Scanned user extensions: 13
[2018-05-04 22:05:39.394] [sharedprocess] [info] Scanned user extensions: 13
[2018-05-04 22:10:39.434] [sharedprocess] [info] Scanned user extensions: 13
[2018-05-04 22:15:39.485] [sharedprocess] [info] Scanned user extensions: 13
[2018-05-04 22:20:39.524] [sharedprocess] [info] Scanned user extensions: 13
[2018-05-04 22:25:39.577] [sharedprocess] [info] Scanned user extensions: 13
[2018-05-04 22:30:39.633] [sharedprocess] [info] Scanned user extensions: 13
[2018-05-04 22:35:39.672] [sharedprocess] [info] Scanned user extensions: 13
[2018-05-04 22:40:39.716] [sharedprocess] [info] Scanned user extensions: 13
[2018-05-04 22:45:40.498] [sharedprocess] [info] Scanned user extensions: 13
[2018-05-04 22:50:40.550] [sharedprocess] [info] Scanned user extensions: 13
[2018-05-04 22:55:40.580] [sharedprocess] [info] Scanned user extensions: 13
[2018-05-04 23:00:40.630] [sharedprocess] [info] Scanned user extensions: 13
[2018-05-04 23:05:40.673] [sharedprocess] [info] Scanned user extensions: 13
[2018-05-04 23:10:40.714] [sharedprocess] [info] Scanned user extensions: 13
[2018-05-04 23:15:40.738] [sharedprocess] [info] Scanned user extensions: 13
[2018-05-04 23:20:40.805] [sharedprocess] [info] Scanned user extensions: 13
[2018-05-04 23:25:40.858] [sharedprocess] [info] Scanned user extensions: 13
[2018-05-04 23:29:08.496] [sharedprocess] [info] Scanned user extensions: 13
[2018-05-04 23:29:08.499] [sharedprocess] [info] Scanned user extensions: 13
[2018-05-04 23:29:08.500] [sharedprocess] [info] Scanned user extensions: 13
[2018-05-04 23:29:08.560] [sharedprocess] [info] Scanned system extensions: 65
[2018-05-04 23:29:08.566] [sharedprocess] [info] Scanned system extensions: 65
[2018-05-04 23:29:19.930] [sharedprocess] [info] Installing extension: vscode-perl
[2018-05-04 23:29:21.255] [sharedprocess] [info] Downloaded extension: vscode-perl
[2018-05-04 23:29:21.336] [sharedprocess] [info] Extracted extension to /home/humble_d/.vscode/extensions/henriiik.vscode-perl-1.14.4: henriiik.vscode-perl-1.14.4
[2018-05-04 23:29:21.373] [sharedprocess] [info] Updated metadata of the extension: henriiik.vscode-perl-1.14.4
[2018-05-04 23:29:21.374] [sharedprocess] [info] Extensions installed successfully: henriiik.vscode-perl
[2018-05-04 23:29:21.570] [sharedprocess] [info] Scanned user extensions: 14
[2018-05-04 23:29:21.596] [sharedprocess] [info] Scanned system extensions: 65
[2018-05-04 23:29:35.240] [sharedprocess] [info] Scanned user extensions: 14
[2018-05-04 23:29:35.241] [sharedprocess] [info] Scanned user extensions: 14
[2018-05-04 23:29:35.248] [sharedprocess] [info] Scanned user extensions: 14
[2018-05-04 23:29:35.249] [sharedprocess] [info] Scanned user extensions: 14
[2018-05-04 23:29:35.250] [sharedprocess] [info] Scanned user extensions: 14
[2018-05-04 23:29:35.331] [sharedprocess] [info] Scanned system extensions: 65
[2018-05-04 23:29:35.335] [sharedprocess] [info] Scanned system extensions: 65
[2018-05-04 23:29:35.344] [sharedprocess] [info] Scanned system extensions: 65
[2018-05-04 23:29:38.414] [sharedprocess] [info] Scanned user extensions: 14
[2018-05-04 23:31:02.090] [sharedprocess] [info] Installing extension: perltidy
[2018-05-04 23:31:03.728] [sharedprocess] [info] Downloaded extension: perltidy
[2018-05-04 23:31:03.799] [sharedprocess] [info] Extracted extension to /home/humble_d/.vscode/extensions/sfodje.perltidy-1.3.0: sfodje.perltidy-1.3.0
[2018-05-04 23:31:03.833] [sharedprocess] [info] Updated metadata of the extension: sfodje.perltidy-1.3.0
[2018-05-04 23:31:03.833] [sharedprocess] [info] Extensions installed successfully: sfodje.perltidy
[2018-05-04 23:31:04.040] [sharedprocess] [info] Scanned user extensions: 15
[2018-05-04 23:31:04.081] [sharedprocess] [info] Scanned system extensions: 65
[2018-05-04 23:31:06.493] [sharedprocess] [info] Scanned user extensions: 15
[2018-05-04 23:31:06.495] [sharedprocess] [info] Scanned user extensions: 15
[2018-05-04 23:31:06.499] [sharedprocess] [info] Scanned user extensions: 15
[2018-05-04 23:31:06.500] [sharedprocess] [info] Scanned user extensions: 15
[2018-05-04 23:31:06.502] [sharedprocess] [info] Scanned user extensions: 15
[2018-05-04 23:31:06.555] [sharedprocess] [info] Scanned system extensions: 65
[2018-05-04 23:31:06.562] [sharedprocess] [info] Scanned system extensions: 65
[2018-05-04 23:31:06.571] [sharedprocess] [info] Scanned system extensions: 65
[2018-05-04 23:31:09.685] [sharedprocess] [info] Scanned user extensions: 15
[2018-05-04 23:36:09.749] [sharedprocess] [info] Scanned user extensions: 15
[2018-05-04 23:41:09.807] [sharedprocess] [info] Scanned user extensions: 15
[2018-05-04 23:46:10.216] [sharedprocess] [info] Scanned user extensions: 15
[2018-05-04 23:51:10.288] [sharedprocess] [info] Scanned user extensions: 15
[2018-05-04 23:56:10.350] [sharedprocess] [info] Scanned user extensions: 15
[2018-05-05 00:01:10.402] [sharedprocess] [info] Scanned user extensions: 15
[2018-05-05 00:06:10.457] [sharedprocess] [info] Scanned user extensions: 15
[2018-05-05 00:11:10.490] [sharedprocess] [info] Scanned user extensions: 15
[2018-05-05 00:16:10.528] [sharedprocess] [info] Scanned user extensions: 15
[2018-05-05 00:21:10.576] [sharedprocess] [info] Scanned user extensions: 15
[2018-05-05 00:26:10.625] [sharedprocess] [info] Scanned user extensions: 15
[2018-05-05 00:31:10.662] [sharedprocess] [info] Scanned user extensions: 15
[2018-05-05 00:36:10.703] [sharedprocess] [info] Scanned user extensions: 15
[2018-05-05 00:41:10.752] [sharedprocess] [info] Scanned user extensions: 15
[2018-05-05 00:46:11.548] [sharedprocess] [info] Scanned user extensions: 15
[2018-05-05 00:51:11.577] [sharedprocess] [info] Scanned user extensions: 15
[2018-05-05 00:56:11.610] [sharedprocess] [info] Scanned user extensions: 15
[2018-05-05 01:01:11.660] [sharedprocess] [info] Scanned user extensions: 15
[2018-05-05 01:06:11.710] [sharedprocess] [info] Scanned user extensions: 15
[2018-05-05 01:11:11.731] [sharedprocess] [info] Scanned user extensions: 15
[2018-05-05 01:16:11.773] [sharedprocess] [info] Scanned user extensions: 15
[2018-05-05 01:21:11.822] [sharedprocess] [info] Scanned user extensions: 15
[2018-05-05 01:26:11.872] [sharedprocess] [info] Scanned user extensions: 15
[2018-05-05 01:31:11.903] [sharedprocess] [info] Scanned user extensions: 15
[2018-05-05 01:36:11.938] [sharedprocess] [info] Scanned user extensions: 15
[2018-05-05 01:41:11.973] [sharedprocess] [info] Scanned user extensions: 15
[2018-05-05 01:46:12.276] [sharedprocess] [info] Scanned user extensions: 15
[2018-05-05 01:51:12.320] [sharedprocess] [info] Scanned user extensions: 15
[2018-05-05 01:56:12.375] [sharedprocess] [info] Scanned user extensions: 15
[2018-05-05 02:01:12.425] [sharedprocess] [info] Scanned user extensions: 15
[2018-05-05 02:06:12.472] [sharedprocess] [info] Scanned user extensions: 15
[2018-05-05 02:11:12.521] [sharedprocess] [info] Scanned user extensions: 15
[2018-05-05 02:16:12.571] [sharedprocess] [info] Scanned user extensions: 15
[2018-05-05 02:21:12.619] [sharedprocess] [info] Scanned user extensions: 15
[2018-05-05 02:26:12.663] [sharedprocess] [info] Scanned user extensions: 15
[2018-05-05 02:31:12.709] [sharedprocess] [info] Scanned user extensions: 15
[2018-05-05 02:36:12.760] [sharedprocess] [info] Scanned user extensions: 15
[2018-05-05 02:41:12.814] [sharedprocess] [info] Scanned user extensions: 15
[2018-05-05 02:46:13.656] [sharedprocess] [info] Scanned user extensions: 15
[2018-05-05 02:51:13.718] [sharedprocess] [info] Scanned user extensions: 15
[2018-05-05 02:56:13.767] [sharedprocess] [info] Scanned user extensions: 15
[2018-05-05 03:01:13.810] [sharedprocess] [info] Scanned user extensions: 15
[2018-05-05 03:06:13.862] [sharedprocess] [info] Scanned user extensions: 15
[2018-05-05 03:11:13.916] [sharedprocess] [info] Scanned user extensions: 15
[2018-05-05 03:16:13.953] [sharedprocess] [info] Scanned user extensions: 15
[2018-05-05 03:21:13.993] [sharedprocess] [info] Scanned user extensions: 15
[2018-05-05 03:26:14.037] [sharedprocess] [info] Scanned user extensions: 15
[2018-05-05 03:31:14.088] [sharedprocess] [info] Scanned user extensions: 15
[2018-05-05 03:36:14.137] [sharedprocess] [info] Scanned user extensions: 15
[2018-05-05 03:41:14.190] [sharedprocess] [info] Scanned user extensions: 15
[2018-05-05 03:46:14.499] [sharedprocess] [info] Scanned user extensions: 15
[2018-05-05 03:51:14.557] [sharedprocess] [info] Scanned user extensions: 15
[2018-05-05 03:56:14.602] [sharedprocess] [info] Scanned user extensions: 15
[2018-05-05 04:01:14.650] [sharedprocess] [info] Scanned user extensions: 15
[2018-05-05 04:06:14.701] [sharedprocess] [info] Scanned user extensions: 15
[2018-05-05 04:11:14.769] [sharedprocess] [info] Scanned user extensions: 15
[2018-05-05 04:16:14.815] [sharedprocess] [info] Scanned user extensions: 15
[2018-05-05 04:21:14.847] [sharedprocess] [info] Scanned user extensions: 15
[2018-05-05 04:26:14.903] [sharedprocess] [info] Scanned user extensions: 15
[2018-05-05 04:31:14.934] [sharedprocess] [info] Scanned user extensions: 15
[2018-05-05 04:36:14.976] [sharedprocess] [info] Scanned user extensions: 15
[2018-05-05 04:41:15.017] [sharedprocess] [info] Scanned user extensions: 15
[2018-05-05 04:46:15.937] [sharedprocess] [info] Scanned user extensions: 15
[2018-05-05 04:51:15.968] [sharedprocess] [info] Scanned user extensions: 15
[2018-05-05 04:56:16.000] [sharedprocess] [info] Scanned user extensions: 15
[2018-05-05 05:01:16.050] [sharedprocess] [info] Scanned user extensions: 15
[2018-05-05 05:06:16.098] [sharedprocess] [info] Scanned user extensions: 15
[2018-05-05 05:11:16.145] [sharedprocess] [info] Scanned user extensions: 15
[2018-05-05 05:16:16.195] [sharedprocess] [info] Scanned user extensions: 15
[2018-05-05 05:21:16.244] [sharedprocess] [info] Scanned user extensions: 15
[2018-05-05 05:26:16.298] [sharedprocess] [info] Scanned user extensions: 15
[2018-05-05 05:31:16.348] [sharedprocess] [info] Scanned user extensions: 15
[2018-05-05 05:36:16.405] [sharedprocess] [info] Scanned user extensions: 15
[2018-05-05 05:41:16.458] [sharedprocess] [info] Scanned user extensions: 15
[2018-05-05 05:46:17.349] [sharedprocess] [info] Scanned user extensions: 15
[2018-05-05 05:51:17.397] [sharedprocess] [info] Scanned user extensions: 15
[2018-05-05 05:56:17.445] [sharedprocess] [info] Scanned user extensions: 15
[2018-05-05 06:01:17.491] [sharedprocess] [info] Scanned user extensions: 15
[2018-05-05 06:06:17.540] [sharedprocess] [info] Scanned user extensions: 15
[2018-05-05 06:11:17.589] [sharedprocess] [info] Scanned user extensions: 15
[2018-05-05 06:16:17.637] [sharedprocess] [info] Scanned user extensions: 15
[2018-05-05 06:21:17.689] [sharedprocess] [info] Scanned user extensions: 15
[2018-05-05 06:26:17.739] [sharedprocess] [info] Scanned user extensions: 15
[2018-05-05 06:31:17.785] [sharedprocess] [info] Scanned user extensions: 15
[2018-05-05 06:36:17.840] [sharedprocess] [info] Scanned user extensions: 15
[2018-05-05 06:41:17.869] [sharedprocess] [info] Scanned user extensions: 15
[2018-05-05 06:46:18.156] [sharedprocess] [info] Scanned user extensions: 15
[2018-05-05 06:51:18.203] [sharedprocess] [info] Scanned user extensions: 15
[2018-05-05 06:56:18.230] [sharedprocess] [info] Scanned user extensions: 15
[2018-05-05 07:01:18.287] [sharedprocess] [info] Scanned user extensions: 15
[2018-05-05 07:06:18.356] [sharedprocess] [info] Scanned user extensions: 15
[2018-05-05 07:11:18.405] [sharedprocess] [info] Scanned user extensions: 15
[2018-05-05 07:16:18.429] [sharedprocess] [info] Scanned user extensions: 15
[2018-05-05 07:21:18.476] [sharedprocess] [info] Scanned user extensions: 15
[2018-05-05 07:26:18.504] [sharedprocess] [info] Scanned user extensions: 15
[2018-05-05 07:31:18.547] [sharedprocess] [info] Scanned user extensions: 15
[2018-05-05 07:36:18.598] [sharedprocess] [info] Scanned user extensions: 15
[2018-05-05 07:41:18.650] [sharedprocess] [info] Scanned user extensions: 15
[2018-05-05 07:46:19.528] [sharedprocess] [info] Scanned user extensions: 15
[2018-05-05 07:51:19.575] [sharedprocess] [info] Scanned user extensions: 15
[2018-05-05 07:56:19.630] [sharedprocess] [info] Scanned user extensions: 15
[2018-05-05 08:01:19.679] [sharedprocess] [info] Scanned user extensions: 15
[2018-05-05 08:06:19.730] [sharedprocess] [info] Scanned user extensions: 15
[2018-05-05 08:11:19.778] [sharedprocess] [info] Scanned user extensions: 15
[2018-05-05 08:16:19.827] [sharedprocess] [info] Scanned user extensions: 15
[2018-05-05 08:21:19.872] [sharedprocess] [info] Scanned user extensions: 15
[2018-05-05 08:26:19.899] [sharedprocess] [info] Scanned user extensions: 15
[2018-05-05 08:31:19.933] [sharedprocess] [info] Scanned user extensions: 15
[2018-05-05 08:36:19.966] [sharedprocess] [info] Scanned user extensions: 15
[2018-05-05 08:41:20.008] [sharedprocess] [info] Scanned user extensions: 15
[2018-05-05 08:46:20.761] [sharedprocess] [info] Scanned user extensions: 15
[2018-05-05 08:51:20.808] [sharedprocess] [info] Scanned user extensions: 15
[2018-05-05 08:56:20.852] [sharedprocess] [info] Scanned user extensions: 15
[2018-05-05 09:01:20.911] [sharedprocess] [info] Scanned user extensions: 15
[2018-05-05 09:06:20.939] [sharedprocess] [info] Scanned user extensions: 15
[2018-05-05 09:09:38.833] [sharedprocess] [info] Scanned user extensions: 15
[2018-05-05 09:09:38.835] [sharedprocess] [info] Scanned user extensions: 15
[2018-05-05 09:09:38.880] [sharedprocess] [info] Scanned system extensions: 65
[2018-05-05 09:09:41.675] [sharedprocess] [info] Scanned user extensions: 15
[2018-05-05 09:14:41.726] [sharedprocess] [info] Scanned user extensions: 15
[2018-05-05 09:19:41.776] [sharedprocess] [info] Scanned user extensions: 15
[2018-05-05 09:24:41.824] [sharedprocess] [info] Scanned user extensions: 15
[2018-05-05 09:29:41.872] [sharedprocess] [info] Scanned user extensions: 15
[2018-05-05 09:34:41.925] [sharedprocess] [info] Scanned user extensions: 15
[2018-05-05 09:39:41.977] [sharedprocess] [info] Scanned user extensions: 15
[2018-05-05 09:44:42.004] [sharedprocess] [info] Scanned user extensions: 15
[2018-05-05 09:49:42.773] [sharedprocess] [info] Scanned user extensions: 15
[2018-05-05 09:54:42.818] [sharedprocess] [info] Scanned user extensions: 15
[2018-05-05 09:59:42.868] [sharedprocess] [info] Scanned user extensions: 15
[2018-05-05 10:04:42.896] [sharedprocess] [info] Scanned user extensions: 15
[2018-05-05 10:09:42.936] [sharedprocess] [info] Scanned user extensions: 15
[2018-05-05 10:14:42.961] [sharedprocess] [info] Scanned user extensions: 15
[2018-05-05 10:19:43.011] [sharedprocess] [info] Scanned user extensions: 15
[2018-05-05 10:24:43.069] [sharedprocess] [info] Scanned user extensions: 15
[2018-05-05 10:29:43.122] [sharedprocess] [info] Scanned user extensions: 15
[2018-05-05 10:34:43.170] [sharedprocess] [info] Scanned user extensions: 15
[2018-05-05 10:39:43.209] [sharedprocess] [info] Scanned user extensions: 15
[2018-05-05 10:44:43.239] [sharedprocess] [info] Scanned user extensions: 15
[2018-05-05 10:49:43.852] [sharedprocess] [info] Scanned user extensions: 15
[2018-05-05 10:54:43.899] [sharedprocess] [info] Scanned user extensions: 15
[2018-05-05 10:59:43.945] [sharedprocess] [info] Scanned user extensions: 15
[2018-05-05 11:04:43.976] [sharedprocess] [info] Scanned user extensions: 15
[2018-05-05 11:09:44.022] [sharedprocess] [info] Scanned user extensions: 15
[2018-05-05 11:14:44.052] [sharedprocess] [info] Scanned user extensions: 15
[2018-05-05 11:19:44.089] [sharedprocess] [info] Scanned user extensions: 15
[2018-05-05 11:24:44.154] [sharedprocess] [info] Scanned user extensions: 15
[2018-05-05 11:29:44.204] [sharedprocess] [info] Scanned user extensions: 15
[2018-05-05 11:34:44.260] [sharedprocess] [info] Scanned user extensions: 15
[2018-05-05 11:39:44.291] [sharedprocess] [info] Scanned user extensions: 15
[2018-05-05 11:44:44.335] [sharedprocess] [info] Scanned user extensions: 15
[2018-05-05 11:49:45.083] [sharedprocess] [info] Scanned user extensions: 15
[2018-05-05 11:54:45.136] [sharedprocess] [info] Scanned user extensions: 15
[2018-05-05 11:59:45.180] [sharedprocess] [info] Scanned user extensions: 15
[2018-05-05 12:04:45.229] [sharedprocess] [info] Scanned user extensions: 15
[2018-05-05 12:09:45.273] [sharedprocess] [info] Scanned user extensions: 15
[2018-05-05 12:14:45.315] [sharedprocess] [info] Scanned user extensions: 15
[2018-05-05 12:19:45.344] [sharedprocess] [info] Scanned user extensions: 15
[2018-05-05 12:24:45.392] [sharedprocess] [info] Scanned user extensions: 15
[2018-05-05 12:29:45.418] [sharedprocess] [info] Scanned user extensions: 15
[2018-05-05 12:34:45.441] [sharedprocess] [info] Scanned user extensions: 15
[2018-05-05 12:39:45.490] [sharedprocess] [info] Scanned user extensions: 15
[2018-05-05 12:44:45.538] [sharedprocess] [info] Scanned user extensions: 15
[2018-05-05 12:49:46.581] [sharedprocess] [info] Scanned user extensions: 15
[2018-05-05 12:54:46.626] [sharedprocess] [info] Scanned user extensions: 15
[2018-05-05 12:59:46.679] [sharedprocess] [info] Scanned user extensions: 15
[2018-05-05 13:04:46.726] [sharedprocess] [info] Scanned user extensions: 15
[2018-05-05 13:09:46.774] [sharedprocess] [info] Scanned user extensions: 15
[2018-05-05 13:14:46.837] [sharedprocess] [info] Scanned user extensions: 15
[2018-05-05 13:19:46.887] [sharedprocess] [info] Scanned user extensions: 15
[2018-05-05 13:24:46.927] [sharedprocess] [info] Scanned user extensions: 15
[2018-05-05 13:29:46.968] [sharedprocess] [info] Scanned user extensions: 15
[2018-05-05 13:34:47.013] [sharedprocess] [info] Scanned user extensions: 15
[2018-05-05 13:39:47.059] [sharedprocess] [info] Scanned user extensions: 15
[2018-05-05 13:44:47.107] [sharedprocess] [info] Scanned user extensions: 15
[2018-05-05 13:49:47.420] [sharedprocess] [info] Scanned user extensions: 15
[2018-05-05 13:54:47.473] [sharedprocess] [info] Scanned user extensions: 15
[2018-05-05 13:59:47.521] [sharedprocess] [info] Scanned user extensions: 15
[2018-05-05 14:04:47.550] [sharedprocess] [info] Scanned user extensions: 15
[2018-05-05 14:09:47.579] [sharedprocess] [info] Scanned user extensions: 15
[2018-05-05 14:14:47.622] [sharedprocess] [info] Scanned user extensions: 15
[2018-05-05 14:19:47.680] [sharedprocess] [info] Scanned user extensions: 15
[2018-05-05 14:24:47.726] [sharedprocess] [info] Scanned user extensions: 15
[2018-05-05 14:29:47.771] [sharedprocess] [info] Scanned user extensions: 15
[2018-05-05 14:34:47.822] [sharedprocess] [info] Scanned user extensions: 15
[2018-05-05 14:39:47.873] [sharedprocess] [info] Scanned user extensions: 15
